If holds: (on_table b2)/(on_table b3)/(on_table b1)/(clear b5)/(on b4 b2)/(clear b3)/(on b5 b1)/(emptyhand)/(clear b4)
Execute: (init_pick_up b5 b1)

If holds: (at_ b5 l0)/(on_table b2)/(on b4 b2)/(on_table b1)/(on_table b3)/(clear b3)/(clear b1)/(clear b4)
Execute: (move b5 l0 l1)

If holds: (on_table b2)/(on b4 b2)/(on_table b1)/(on_table b3)/(clear b3)/(at_ b5 l1)/(clear b1)/(clear b4)
Execute: (move b5 l1 l10)

If holds: (at_ b5 l10)/(on_table b2)/(on b4 b2)/(on_table b1)/(on_table b3)/(clear b3)/(clear b1)/(clear b4)
Execute: (pick_up b5)

If holds: (on_table b2)/(on b4 b2)/(on_table b1)/(on_table b3)/(clear b3)/(holding b5)/(clear b1)/(clear b4)
Execute: (put_down b5)

If holds: (on_table b2)/(on b4 b2)/(faulty b5 l1)/(on_table b1)/(on_table b3)/(clear b3)/(clear b1)/(clear b4)
Execute: (fix b5 l1)

If holds: (on_table b5)/(on_table b2)/(on_table b1)/(on_table b3)/(clear b5)/(on b4 b2)/(clear b3)/(emptyhand)/(clear b1)/(clear b4)
Execute: (init_pick_up b4 b2)

If holds: (on_table b5)/(on_table b2)/(on_table b3)/(on_table b1)/(clear b5)/(at_ b4 l0)/(clear b2)/(clear b3)/(clear b1)
Execute: (move b4 l0 l1)

If holds: (on_table b2)/(on b4 b2)/(on_table b1)/(on_table b3)/(clear b3)/(faulty b5 l10)/(clear b1)/(clear b4)
Execute: (fix b5 l10)

If holds: (on_table b5)/(on_table b2)/(on_table b3)/(on_table b1)/(clear b5)/(clear b2)/(clear b3)/(clear b1)/(at_ b4 l1)
Execute: (move b4 l1 l10)

If holds: (on_table b5)/(on_table b2)/(on_table b3)/(on_table b1)/(clear b5)/(clear b2)/(clear b3)/(clear b1)/(at_ b4 l10)
Execute: (pick_up b4)

If holds: (on_table b5)/(on_table b2)/(on_table b3)/(on_table b1)/(clear b5)/(clear b2)/(faulty b4 l1)/(clear b3)/(clear b1)
Execute: (fix b4 l1)

If holds: (on_table b5)/(on_table b2)/(on_table b3)/(on_table b1)/(clear b5)/(holding b4)/(clear b2)/(clear b3)/(clear b1)
Execute: (put_down b4)

If holds: (on_table b5)/(on_table b2)/(on_table b3)/(on_table b1)/(clear b5)/(clear b2)/(faulty b4 l10)/(clear b3)/(clear b1)
Execute: (fix b4 l10)

