If holds: (spare_in n5)/(spare_in n13)/(spare_in n0)/(spare_in n21)/(spare_in n1)/(spare_in n10)/(not_flattire)/(spare_in n24)/(spare_in n6)/(spare_in n18)/(vehicle_at n13)/(spare_in n16)/(spare_in n15)/(spare_in n2)/(spare_in n14)
Execute: (loadtire n13)

If holds: (spare_in n5)/(hasspare)/(spare_in n21)/(spare_in n1)/(spare_in n10)/(not_flattire)/(spare_in n24)/(spare_in n15)/(spare_in n6)/(spare_in n18)/(vehicle_at n13)/(spare_in n16)/(spare_in n0)/(spare_in n2)/(spare_in n14)
Execute: (move_car n13 n8)

If holds: (spare_in n5)/(hasspare)/(spare_in n0)/(spare_in n21)/(spare_in n1)/(spare_in n10)/(not_flattire)/(spare_in n24)/(spare_in n6)/(spare_in n18)/(vehicle_at n8)/(spare_in n16)/(spare_in n15)/(spare_in n2)/(spare_in n14)
Execute: (move_car n8 n24)

If holds: (spare_in n5)/(hasspare)/(spare_in n21)/(spare_in n1)/(spare_in n10)/(not_flattire)/(spare_in n24)/(spare_in n15)/(spare_in n6)/(spare_in n18)/(spare_in n16)/(spare_in n0)/(spare_in n2)/(vehicle_at n24)/(spare_in n14)
Execute: (loadtire n24)

If holds: (spare_in n5)/(hasspare)/(spare_in n0)/(spare_in n21)/(spare_in n1)/(spare_in n10)/(not_flattire)/(spare_in n6)/(spare_in n18)/(spare_in n16)/(spare_in n15)/(spare_in n2)/(vehicle_at n24)/(spare_in n14)
Execute: (move_car n24 n21)

If holds: (spare_in n5)/(hasspare)/(spare_in n21)/(spare_in n1)/(spare_in n10)/(not_flattire)/(vehicle_at n21)/(spare_in n15)/(spare_in n6)/(spare_in n18)/(spare_in n16)/(spare_in n0)/(spare_in n2)/(spare_in n14)
Execute: (loadtire n21)

If holds: (spare_in n5)/(hasspare)/(spare_in n0)/(not_flattire)/(spare_in n1)/(spare_in n10)/(vehicle_at n21)/(spare_in n6)/(spare_in n18)/(spare_in n16)/(spare_in n15)/(spare_in n2)/(spare_in n14)
Execute: (move_car n21 n22)

If holds: (spare_in n5)/(hasspare)/(spare_in n21)/(spare_in n1)/(spare_in n10)/(spare_in n24)/(spare_in n15)/(spare_in n6)/(spare_in n18)/(spare_in n16)/(spare_in n0)/(spare_in n2)/(vehicle_at n24)/(spare_in n14)
Execute: (changetire)

If holds: (spare_in n5)/(vehicle_at n22)/(hasspare)/(not_flattire)/(spare_in n1)/(spare_in n10)/(spare_in n15)/(spare_in n6)/(spare_in n18)/(spare_in n16)/(spare_in n0)/(spare_in n2)/(spare_in n14)
Execute: (move_car n22 n18)

If holds: (spare_in n5)/(hasspare)/(spare_in n21)/(spare_in n1)/(spare_in n10)/(vehicle_at n21)/(spare_in n15)/(spare_in n6)/(spare_in n18)/(spare_in n16)/(spare_in n0)/(spare_in n2)/(spare_in n14)
Execute: (loadtire n21)

If holds: (spare_in n5)/(spare_in n0)/(spare_in n21)/(spare_in n1)/(spare_in n10)/(spare_in n24)/(not_flattire)/(spare_in n6)/(spare_in n18)/(spare_in n16)/(spare_in n15)/(spare_in n2)/(vehicle_at n24)/(spare_in n14)
Execute: (move_car n24 n18)

If holds: (spare_in n5)/(hasspare)/(spare_in n0)/(spare_in n1)/(spare_in n10)/(vehicle_at n21)/(spare_in n6)/(spare_in n18)/(spare_in n16)/(spare_in n15)/(spare_in n2)/(spare_in n14)
Execute: (changetire)

If holds: (spare_in n5)/(hasspare)/(spare_in n0)/(spare_in n21)/(spare_in n1)/(spare_in n10)/(spare_in n24)/(spare_in n6)/(spare_in n18)/(vehicle_at n8)/(spare_in n16)/(spare_in n15)/(spare_in n2)/(spare_in n14)
Execute: (changetire)

If holds: (spare_in n5)/(spare_in n21)/(spare_in n1)/(spare_in n10)/(spare_in n24)/(not_flattire)/(spare_in n15)/(spare_in n6)/(spare_in n18)/(vehicle_at n8)/(spare_in n16)/(spare_in n0)/(spare_in n2)/(spare_in n14)
Execute: (move_car n8 n24)

If holds: (spare_in n5)/(spare_in n0)/(spare_in n21)/(spare_in n1)/(spare_in n10)/(spare_in n24)/(spare_in n6)/(spare_in n18)/(spare_in n16)/(spare_in n15)/(spare_in n2)/(vehicle_at n24)/(spare_in n14)
Execute: (loadtire n24)

If holds: (spare_in n5)/(hasspare)/(spare_in n21)/(spare_in n1)/(spare_in n10)/(spare_in n15)/(spare_in n6)/(spare_in n18)/(spare_in n16)/(spare_in n0)/(spare_in n2)/(vehicle_at n24)/(spare_in n14)
Execute: (changetire)

If holds: (spare_in n5)/(spare_in n0)/(spare_in n21)/(spare_in n1)/(spare_in n10)/(not_flattire)/(spare_in n6)/(spare_in n18)/(spare_in n16)/(spare_in n15)/(spare_in n2)/(vehicle_at n24)/(spare_in n14)
Execute: (move_car n24 n18)

If holds: (spare_in n5)/(vehicle_at n22)/(hasspare)/(spare_in n1)/(spare_in n10)/(spare_in n15)/(spare_in n6)/(spare_in n18)/(spare_in n16)/(spare_in n0)/(spare_in n2)/(spare_in n14)
Execute: (changetire)

If holds: (spare_in n5)/(vehicle_at n22)/(spare_in n0)/(not_flattire)/(spare_in n1)/(spare_in n10)/(spare_in n6)/(spare_in n18)/(spare_in n16)/(spare_in n15)/(spare_in n2)/(spare_in n14)
Execute: (move_car n22 n18)

If holds: (spare_in n5)/(not_flattire)/(spare_in n1)/(spare_in n10)/(vehicle_at n21)/(spare_in n15)/(spare_in n6)/(spare_in n18)/(spare_in n16)/(spare_in n0)/(spare_in n2)/(spare_in n14)
Execute: (move_car n21 n15)

If holds: (spare_in n5)/(spare_in n0)/(vehicle_at n15)/(spare_in n1)/(spare_in n10)/(spare_in n6)/(spare_in n18)/(spare_in n16)/(spare_in n15)/(spare_in n2)/(spare_in n14)
Execute: (loadtire n15)

If holds: (spare_in n5)/(spare_in n0)/(vehicle_at n15)/(not_flattire)/(spare_in n1)/(spare_in n10)/(spare_in n6)/(spare_in n18)/(spare_in n16)/(spare_in n15)/(spare_in n2)/(spare_in n14)
Execute: (move_car n15 n18)

If holds: (spare_in n5)/(hasspare)/(vehicle_at n15)/(spare_in n1)/(spare_in n10)/(spare_in n6)/(spare_in n18)/(spare_in n16)/(spare_in n0)/(spare_in n2)/(spare_in n14)
Execute: (changetire)

If holds: (spare_in n5)/(vehicle_at n15)/(not_flattire)/(spare_in n1)/(spare_in n10)/(spare_in n6)/(spare_in n18)/(spare_in n16)/(spare_in n0)/(spare_in n2)/(spare_in n14)
Execute: (move_car n15 n18)

