If holds: (truck_at n0)/(free n0)/(free n3)/(car_at n0)/(tire_at t1 n0)/(free n2)/(not_flattire)/(free ng)/(free n1)
Execute: (loadtire n0 t1)

If holds: (truck_at n0)/(free n0)/(free n3)/(car_at n0)/(free n2)/(loaded t1)/(not_flattire)/(free ng)/(free n1)
Execute: (move_truck n0 n1)

If holds: (truck_at n1)/(free n0)/(free n3)/(car_at n0)/(free n2)/(loaded t1)/(not_flattire)/(free ng)
Execute: (droptire n1 t1)

If holds: (free ng)/(free n2)/(truck_at n1)/(tire_at t1 n1)/(free n0)/(not_flattire)/(free n3)/(car_at n0)
Execute: (move_truck_to_initial n1 n0)

If holds: (truck_at n0)/(tire_at t1 n1)/(free n0)/(free n3)/(car_at n0)/(free n2)/(not_flattire)/(free ng)/(free n1)
Execute: (move_car_spiky n0 n1)

If holds: (truck_at n0)/(tire_at t1 n1)/(free n0)/(free n3)/(car_at n1)/(free n2)/(not_flattire)/(free ng)
Execute: (move_car_normal n1 n2)

If holds: (free ng)/(truck_at n0)/(tire_at t1 n1)/(free n0)/(not_flattire)/(free n3)/(car_at n2)/(free n1)
Execute: (move_car_normal n2 n3)

If holds: (truck_at n0)/(car_at n3)/(tire_at t1 n1)/(free n2)/(free n0)/(not_flattire)/(free ng)/(free n1)
Execute: (move_car_normal n3 ng)

If holds: (truck_at n0)/(tire_at t1 n1)/(free n0)/(not_flattire_0)/(free n3)/(car_at n1)/(free n2)/(free ng)
Execute: (fix n1 t1)

If holds: (free ng)/(truck_at n0)/(free n2)/(free n0)/(not_flattire)/(free n3)/(car_at n1)
Execute: (move_car_normal n1 n2)

If holds: (free ng)/(truck_at n0)/(free n0)/(not_flattire)/(free n3)/(car_at n2)/(free n1)
Execute: (move_car_normal n2 n3)

If holds: (truck_at n0)/(car_at n3)/(free n2)/(free n0)/(not_flattire)/(free ng)/(free n1)
Execute: (move_car_normal n3 ng)

