If holds: (coin_at c2 f3 p1)/(coin_at c1 f2 p1)/(at_ f1 p1)/(coin_at c3 f1 p3)/(in e1 f1)/(in e2 f2)
Execute: (move_right_nogate f1 p1 p2)

If holds: (coin_at c2 f3 p1)/(coin_at c3 f1 p3)/(at_ f1 p2)/(coin_at c1 f2 p1)/(in e1 f1)/(in e2 f2)
Execute: (move_right_nogate f1 p2 p3)

If holds: (coin_at c2 f3 p1)/(coin_at c3 f1 p3)/(coin_at c1 f2 p1)/(at_ f1 p3)/(in e1 f1)/(in e2 f2)
Execute: (collect c3 f1 p3)

If holds: (coin_at c2 f3 p1)/(coin_at c1 f2 p1)/(have c3)/(at_ f1 p3)/(in e1 f1)/(in e2 f2)
Execute: (move_left_nogate f1 p3 p2)

If holds: (coin_at c2 f3 p1)/(at_ f1 p2)/(coin_at c1 f2 p1)/(have c3)/(in e1 f1)/(in e2 f2)
Execute: (move_left_nogate f1 p2 p1)

If holds: (coin_at c2 f3 p1)/(coin_at c1 f2 p1)/(have c3)/(in e1 f1)/(in e2 f2)/(at_ f1 p1)
Execute: (step_in e1 f1 p1)

If holds: (coin_at c2 f3 p1)/(coin_at c1 f2 p1)/(have c3)/(inside e1)/(in e1 f1)/(in e2 f2)
Execute: (go_up e1 f1 f2)

If holds: (coin_at c2 f3 p1)/(coin_at c1 f2 p1)/(have c3)/(inside e1)/(in e1 f2)/(in e2 f2)
Execute: (step_out e1 f2 p1)

If holds: (coin_at c2 f3 p1)/(at_ f2 p1)/(coin_at c1 f2 p1)/(have c3)/(in e1 f2)/(in e2 f2)
Execute: (collect c1 f2 p1)

If holds: (coin_at c2 f3 p1)/(have c1)/(at_ f2 p1)/(have c3)/(in e1 f2)/(in e2 f2)
Execute: (step_in e1 f2 p1)

If holds: (coin_at c2 f3 p1)/(in e2 f2)/(have c3)/(inside e1)/(have c1)/(in e1 f2)
Execute: (go_up e1 f2 f3)

If holds: (coin_at c2 f3 p1)/(in e1 f3)/(have c3)/(inside e1)/(have c1)/(in e2 f2)
Execute: (step_out e1 f3 p1)

If holds: (coin_at c2 f3 p1)/(in e1 f3)/(at_ f3 p1)/(have c3)/(have c1)/(in e2 f2)
Execute: (collect c2 f3 p1)

