If holds: (coin_at c3 f1 p1)/(coin_at c2 f3 p3)/(in e2 f1)/(at_ f1 p1)/(in e1 f1)/(coin_at c1 f2 p3)
Execute: (collect c3 f1 p1)

If holds: (at_ f1 p1)/(have c3)/(in e1 f1)/(coin_at c2 f3 p3)/(in e2 f1)/(coin_at c1 f2 p3)
Execute: (move_right_nogate f1 p1 p2)

If holds: (have c3)/(in e1 f1)/(at_ f1 p2)/(coin_at c2 f3 p3)/(in e2 f1)/(coin_at c1 f2 p3)
Execute: (move_right_nogate f1 p2 p3)

If holds: (have c3)/(in e1 f1)/(coin_at c2 f3 p3)/(in e2 f1)/(coin_at c1 f2 p3)/(at_ f1 p3)
Execute: (step_in e2 f1 p3)

If holds: (have c3)/(in e1 f1)/(coin_at c2 f3 p3)/(in e2 f1)/(coin_at c1 f2 p3)/(inside e2)
Execute: (go_up e2 f1 f2)

If holds: (have c3)/(in e1 f1)/(in e2 f2)/(coin_at c2 f3 p3)/(coin_at c1 f2 p3)/(inside e2)
Execute: (step_out e2 f2 p3)

If holds: (have c3)/(in e1 f1)/(in e2 f2)/(coin_at c2 f3 p3)/(at_ f2 p3)/(coin_at c1 f2 p3)
Execute: (collect c1 f2 p3)

If holds: (have c3)/(in e1 f1)/(in e2 f2)/(have c1)/(coin_at c2 f3 p3)/(at_ f2 p3)
Execute: (step_in e2 f2 p3)

If holds: (have c3)/(in e1 f1)/(in e2 f2)/(have c1)/(coin_at c2 f3 p3)/(inside e2)
Execute: (go_up e2 f2 f3)

If holds: (have c3)/(in e1 f1)/(have c1)/(coin_at c2 f3 p3)/(in e2 f3)/(inside e2)
Execute: (step_out e2 f3 p3)

If holds: (have c3)/(in e1 f1)/(have c1)/(at_ f3 p3)/(coin_at c2 f3 p3)/(in e2 f3)
Execute: (collect c2 f3 p3)

