If holds: (player_at l1)/(open d5)/(open d2)/(open d3)/(open d4)
Execute: (pick_key l1)

If holds: (player_at l1)/(open d5)/(open d2)/(hold_key)/(open d3)/(open d4)
Execute: (move_forward_door_open l1 l2 d2 d3)

If holds: (open d5)/(open d2)/(hold_key)/(closed d3)/(player_at l2)/(open d4)
Execute: (move_forward_door_closed l2 l3 d3 d4)

If holds: (open d5)/(open d2)/(hold_key)/(player_at l3)/(closed d3)/(open d4)
Execute: (move_forward_door_open l3 l4 d4 d5)

If holds: (open d5)/(open d2)/(hold_key)/(closed d3)/(player_at l4)/(closed d4)
Execute: (move_forward_last_door_open l4 l5 d5)

If holds: (open d2)/(hold_key)/(closed d5)/(closed d3)/(player_at l4)/(open d4)
Execute: (move_forward_last_door_closed l4 l5 d5)

If holds: (open d5)/(closed d2)/(player_at l2)/(hold_key)/(open d3)/(open d4)
Execute: (move_forward_door_open l2 l3 d3 d4)

If holds: (closed d2)/(open d5)/(hold_key)/(player_at l3)/(open d3)/(closed d4)
Execute: (move_forward_door_closed l3 l4 d4 d5)

If holds: (open d5)/(closed d2)/(hold_key)/(player_at l3)/(open d3)/(open d4)
Execute: (move_forward_door_open l3 l4 d4 d5)

If holds: (player_at l4)/(open d5)/(closed d2)/(hold_key)/(open d3)/(closed d4)
Execute: (move_forward_last_door_open l4 l5 d5)

If holds: (player_at l4)/(closed d2)/(hold_key)/(closed d5)/(open d3)/(open d4)
Execute: (move_forward_last_door_closed l4 l5 d5)

If holds: (player_at l4)/(closed d2)/(hold_key)/(closed d5)/(open d3)/(closed d4)
Execute: (move_forward_last_door_closed l4 l5 d5)

If holds: (closed d2)/(open d5)/(hold_key)/(player_at l3)/(closed d3)/(closed d4)
Execute: (move_forward_door_closed l3 l4 d4 d5)

If holds: (closed d2)/(hold_key)/(closed d5)/(closed d3)/(player_at l4)/(closed d4)
Execute: (move_forward_last_door_closed l4 l5 d5)

If holds: (closed d2)/(open d5)/(hold_key)/(closed d3)/(player_at l4)/(open d4)
Execute: (move_forward_last_door_open l4 l5 d5)

If holds: (open d5)/(open d2)/(hold_key)/(player_at l3)/(open d3)/(closed d4)
Execute: (move_forward_door_closed l3 l4 d4 d5)

If holds: (player_at l4)/(open d5)/(open d2)/(hold_key)/(open d3)/(open d4)
Execute: (move_forward_last_door_open l4 l5 d5)

If holds: (player_at l4)/(open d2)/(hold_key)/(closed d5)/(open d3)/(closed d4)
Execute: (move_forward_last_door_closed l4 l5 d5)

If holds: (player_at l4)/(closed d2)/(open d5)/(hold_key)/(open d3)/(open d4)
Execute: (move_forward_last_door_open l4 l5 d5)

If holds: (open d5)/(open d2)/(hold_key)/(closed d3)/(player_at l4)/(open d4)
Execute: (move_forward_last_door_open l4 l5 d5)

If holds: (player_at l4)/(open d2)/(hold_key)/(closed d5)/(open d3)/(open d4)
Execute: (move_forward_last_door_closed l4 l5 d5)

If holds: (open d5)/(closed d2)/(hold_key)/(closed d3)/(player_at l4)/(closed d4)
Execute: (move_forward_last_door_open l4 l5 d5)

If holds: (open d2)/(hold_key)/(closed d5)/(closed d3)/(player_at l4)/(closed d4)
Execute: (move_forward_last_door_closed l4 l5 d5)

If holds: (closed d2)/(hold_key)/(closed d5)/(closed d3)/(player_at l4)/(open d4)
Execute: (move_forward_last_door_closed l4 l5 d5)

If holds: (open d5)/(open d2)/(hold_key)/(player_at l3)/(open d3)/(open d4)
Execute: (move_forward_door_open l3 l4 d4 d5)

If holds: (closed d2)/(open d5)/(hold_key)/(player_at l3)/(closed d3)/(open d4)
Execute: (move_forward_door_open l3 l4 d4 d5)

If holds: (open d5)/(closed d2)/(hold_key)/(closed d3)/(player_at l2)/(open d4)
Execute: (move_forward_door_closed l2 l3 d3 d4)

If holds: (open d5)/(player_at l2)/(open d2)/(hold_key)/(open d3)/(open d4)
Execute: (move_forward_door_open l2 l3 d3 d4)

If holds: (open d5)/(open d2)/(hold_key)/(player_at l3)/(closed d3)/(closed d4)
Execute: (move_forward_door_closed l3 l4 d4 d5)

If holds: (player_at l4)/(open d5)/(open d2)/(hold_key)/(open d3)/(closed d4)
Execute: (move_forward_last_door_open l4 l5 d5)

