If holds: (on_table b3)/(on b5 b1)/(on b4 b2)/(on_table b2)/(clear b3)/(clear b4)/(clear b5)/(emptyhand)/(on_table b1)
Execute: (init_pick_up b5 b1)

If holds: (clear b3)/(clear b4)/(on_table b3)/(on b4 b2)/(clear b1)/(at_ b5 l0)/(on_table b2)/(on_table b1)
Execute: (move b5 l0 l1)

If holds: (clear b3)/(at_ b5 l1)/(clear b4)/(on_table b3)/(on b4 b2)/(clear b1)/(on_table b2)/(on_table b1)
Execute: (move b5 l1 l10)

If holds: (clear b3)/(at_ b5 l10)/(clear b4)/(on_table b3)/(on b4 b2)/(clear b1)/(on_table b2)/(on_table b1)
Execute: (pick_up b5)

If holds: (clear b3)/(clear b4)/(on_table b3)/(on b4 b2)/(clear b1)/(on_table b2)/(on_table b1)/(holding b5)
Execute: (put_down b5)

If holds: (clear b3)/(faulty b5 l1)/(clear b4)/(on_table b3)/(on b4 b2)/(clear b1)/(on_table b2)/(on_table b1)
Execute: (fix b5 l1)

If holds: (on_table b3)/(on b4 b2)/(on_table b5)/(on_table b1)/(on_table b2)/(clear b4)/(clear b1)/(clear b5)/(emptyhand)/(clear b3)
Execute: (init_pick_up b4 b2)

If holds: (on_table b3)/(on_table b5)/(on_table b1)/(on_table b2)/(clear b2)/(at_ b4 l0)/(clear b1)/(clear b5)/(clear b3)
Execute: (move b4 l0 l1)

If holds: (at_ b4 l1)/(on_table b3)/(on_table b5)/(on_table b2)/(clear b2)/(clear b3)/(clear b1)/(clear b5)/(on_table b1)
Execute: (move b4 l1 l10)

If holds: (at_ b4 l10)/(on_table b3)/(on_table b5)/(on_table b1)/(clear b2)/(clear b3)/(clear b1)/(clear b5)/(on_table b2)
Execute: (pick_up b4)

If holds: (on_table b3)/(on_table b5)/(on_table b2)/(clear b2)/(clear b3)/(faulty b4 l1)/(clear b1)/(clear b5)/(on_table b1)
Execute: (fix b4 l1)

If holds: (on_table b3)/(on_table b5)/(on_table b2)/(clear b2)/(clear b3)/(holding b4)/(clear b1)/(clear b5)/(on_table b1)
Execute: (put_down b4)

If holds: (on_table b3)/(on_table b5)/(on_table b1)/(faulty b4 l10)/(clear b2)/(clear b3)/(clear b1)/(clear b5)/(on_table b2)
Execute: (fix b4 l10)

If holds: (clear b3)/(clear b4)/(on_table b3)/(on b4 b2)/(faulty b5 l10)/(clear b1)/(on_table b2)/(on_table b1)
Execute: (fix b5 l10)

