If holds: (spare_in n20)/(spare_in n0)/(spare_in n4)/(spare_in n6)/(spare_in n14)/(spare_in n21)/(vehicle_at n5)/(spare_in n9)/(spare_in n8)/(spare_in n19)/(not_flattire)/(spare_in n1)/(spare_in n11)/(spare_in n22)/(spare_in n18)
Execute: (move_car n5 n8)

If holds: (spare_in n20)/(spare_in n0)/(spare_in n22)/(spare_in n6)/(spare_in n14)/(spare_in n21)/(spare_in n9)/(spare_in n8)/(spare_in n19)/(not_flattire)/(spare_in n1)/(vehicle_at n8)/(spare_in n11)/(spare_in n4)/(spare_in n18)
Execute: (move_car n8 n6)

If holds: (spare_in n20)/(spare_in n0)/(spare_in n4)/(vehicle_at n6)/(spare_in n6)/(spare_in n14)/(spare_in n21)/(spare_in n9)/(spare_in n8)/(spare_in n19)/(not_flattire)/(spare_in n1)/(spare_in n11)/(spare_in n22)/(spare_in n18)
Execute: (move_car n6 n15)

If holds: (spare_in n20)/(spare_in n0)/(spare_in n22)/(spare_in n6)/(spare_in n14)/(spare_in n21)/(spare_in n9)/(spare_in n8)/(spare_in n19)/(vehicle_at n8)/(spare_in n1)/(spare_in n11)/(spare_in n4)/(spare_in n18)
Execute: (loadtire n8)

If holds: (spare_in n20)/(spare_in n0)/(spare_in n4)/(spare_in n6)/(spare_in n14)/(spare_in n21)/(spare_in n9)/(spare_in n19)/(hasspare)/(vehicle_at n8)/(spare_in n1)/(spare_in n11)/(spare_in n22)/(spare_in n18)
Execute: (changetire)

If holds: (spare_in n20)/(spare_in n0)/(spare_in n4)/(vehicle_at n6)/(spare_in n6)/(spare_in n14)/(spare_in n21)/(spare_in n9)/(spare_in n8)/(spare_in n19)/(spare_in n1)/(spare_in n11)/(spare_in n22)/(spare_in n18)
Execute: (loadtire n6)

If holds: (spare_in n20)/(spare_in n0)/(vehicle_at n6)/(spare_in n22)/(spare_in n14)/(spare_in n21)/(spare_in n9)/(spare_in n8)/(spare_in n19)/(hasspare)/(spare_in n1)/(spare_in n11)/(spare_in n4)/(spare_in n18)
Execute: (changetire)

If holds: (spare_in n20)/(spare_in n0)/(vehicle_at n6)/(spare_in n4)/(spare_in n14)/(spare_in n21)/(spare_in n9)/(spare_in n8)/(spare_in n19)/(not_flattire)/(spare_in n1)/(spare_in n11)/(spare_in n22)/(spare_in n18)
Execute: (move_car n6 n15)

If holds: (spare_in n20)/(spare_in n0)/(spare_in n22)/(spare_in n6)/(spare_in n14)/(spare_in n21)/(spare_in n9)/(spare_in n19)/(vehicle_at n8)/(spare_in n1)/(not_flattire)/(spare_in n11)/(spare_in n4)/(spare_in n18)
Execute: (move_car n8 n6)

If holds: (spare_in n20)/(spare_in n0)/(spare_in n4)/(vehicle_at n6)/(spare_in n6)/(spare_in n14)/(spare_in n21)/(spare_in n9)/(spare_in n19)/(spare_in n1)/(spare_in n11)/(spare_in n22)/(spare_in n18)
Execute: (loadtire n6)

If holds: (spare_in n20)/(spare_in n0)/(vehicle_at n6)/(spare_in n22)/(spare_in n14)/(spare_in n21)/(spare_in n9)/(spare_in n19)/(hasspare)/(spare_in n1)/(spare_in n11)/(spare_in n4)/(spare_in n18)
Execute: (changetire)

If holds: (spare_in n20)/(spare_in n0)/(vehicle_at n6)/(spare_in n4)/(spare_in n14)/(spare_in n21)/(spare_in n9)/(spare_in n19)/(not_flattire)/(spare_in n1)/(spare_in n11)/(spare_in n22)/(spare_in n18)
Execute: (move_car n6 n15)

If holds: (spare_in n20)/(spare_in n0)/(spare_in n4)/(vehicle_at n6)/(spare_in n6)/(spare_in n14)/(spare_in n21)/(spare_in n9)/(spare_in n19)/(not_flattire)/(spare_in n1)/(spare_in n11)/(spare_in n22)/(spare_in n18)
Execute: (move_car n6 n15)

