If holds: (spare_in n36)/(spare_in n35)/(spare_in n22)/(spare_in n34)/(spare_in n41)/(vehicle_at n42)/(spare_in n13)/(not_flattire)/(spare_in n5)/(spare_in n16)/(spare_in n24)/(spare_in n3)/(spare_in n0)/(spare_in n21)/(spare_in n38)/(spare_in n40)/(spare_in n18)
Execute: (move_car n42 n41)

If holds: (spare_in n22)/(vehicle_at n41)/(spare_in n13)/(not_flattire)/(spare_in n24)/(spare_in n3)/(spare_in n0)/(spare_in n21)/(spare_in n40)/(spare_in n36)/(spare_in n35)/(spare_in n34)/(spare_in n41)/(spare_in n5)/(spare_in n16)/(spare_in n38)/(spare_in n18)
Execute: (loadtire n41)

If holds: (spare_in n22)/(hasspare)/(vehicle_at n41)/(spare_in n13)/(not_flattire)/(spare_in n24)/(spare_in n3)/(spare_in n0)/(spare_in n21)/(spare_in n40)/(spare_in n36)/(spare_in n35)/(spare_in n34)/(spare_in n5)/(spare_in n16)/(spare_in n38)/(spare_in n18)
Execute: (move_car n41 n37)

If holds: (spare_in n22)/(hasspare)/(spare_in n13)/(not_flattire)/(spare_in n24)/(spare_in n3)/(spare_in n0)/(spare_in n21)/(spare_in n40)/(spare_in n36)/(spare_in n35)/(vehicle_at n37)/(spare_in n34)/(spare_in n5)/(spare_in n16)/(spare_in n38)/(spare_in n18)
Execute: (move_car n37 n19)

If holds: (spare_in n36)/(spare_in n35)/(spare_in n22)/(spare_in n38)/(hasspare)/(vehicle_at n37)/(spare_in n34)/(spare_in n13)/(spare_in n5)/(spare_in n16)/(spare_in n24)/(spare_in n3)/(spare_in n0)/(spare_in n21)/(spare_in n40)/(spare_in n18)
Execute: (changetire)

If holds: (spare_in n36)/(spare_in n35)/(spare_in n22)/(vehicle_at n37)/(spare_in n38)/(spare_in n34)/(spare_in n13)/(not_flattire)/(spare_in n5)/(spare_in n16)/(spare_in n24)/(spare_in n3)/(spare_in n0)/(spare_in n21)/(spare_in n40)/(spare_in n18)
Execute: (move_car n37 n19)

If holds: (spare_in n36)/(spare_in n35)/(spare_in n22)/(spare_in n38)/(vehicle_at n41)/(spare_in n34)/(spare_in n41)/(spare_in n13)/(spare_in n5)/(spare_in n16)/(spare_in n24)/(spare_in n3)/(spare_in n0)/(spare_in n21)/(spare_in n40)/(spare_in n18)
Execute: (loadtire n41)

If holds: (spare_in n36)/(spare_in n35)/(spare_in n22)/(spare_in n38)/(hasspare)/(vehicle_at n41)/(spare_in n34)/(spare_in n13)/(spare_in n5)/(spare_in n16)/(spare_in n24)/(spare_in n3)/(spare_in n0)/(spare_in n21)/(spare_in n40)/(spare_in n18)
Execute: (changetire)

If holds: (spare_in n36)/(spare_in n35)/(spare_in n22)/(spare_in n38)/(vehicle_at n41)/(spare_in n34)/(spare_in n13)/(not_flattire)/(spare_in n5)/(spare_in n16)/(spare_in n24)/(spare_in n3)/(spare_in n0)/(spare_in n21)/(spare_in n40)/(spare_in n18)
Execute: (move_car n41 n22)

If holds: (spare_in n36)/(spare_in n35)/(spare_in n22)/(spare_in n38)/(spare_in n34)/(spare_in n13)/(vehicle_at n22)/(spare_in n5)/(spare_in n16)/(spare_in n24)/(spare_in n3)/(spare_in n0)/(spare_in n21)/(spare_in n40)/(spare_in n18)
Execute: (loadtire n22)

If holds: (spare_in n36)/(spare_in n35)/(hasspare)/(spare_in n34)/(spare_in n13)/(vehicle_at n22)/(spare_in n5)/(spare_in n16)/(spare_in n24)/(spare_in n3)/(spare_in n0)/(spare_in n21)/(spare_in n38)/(spare_in n40)/(spare_in n18)
Execute: (changetire)

If holds: (spare_in n36)/(spare_in n35)/(spare_in n38)/(spare_in n34)/(spare_in n13)/(vehicle_at n22)/(spare_in n5)/(not_flattire)/(spare_in n16)/(spare_in n24)/(spare_in n3)/(spare_in n0)/(spare_in n21)/(spare_in n40)/(spare_in n18)
Execute: (move_car n22 n24)

If holds: (spare_in n36)/(spare_in n35)/(spare_in n34)/(spare_in n13)/(spare_in n5)/(spare_in n16)/(spare_in n24)/(spare_in n3)/(vehicle_at n24)/(spare_in n0)/(spare_in n21)/(spare_in n38)/(spare_in n40)/(spare_in n18)
Execute: (loadtire n24)

If holds: (spare_in n36)/(spare_in n35)/(spare_in n38)/(hasspare)/(spare_in n34)/(spare_in n13)/(spare_in n5)/(spare_in n16)/(spare_in n3)/(vehicle_at n24)/(spare_in n0)/(spare_in n21)/(spare_in n40)/(spare_in n18)
Execute: (changetire)

If holds: (spare_in n36)/(spare_in n35)/(spare_in n34)/(spare_in n13)/(not_flattire)/(spare_in n5)/(spare_in n16)/(spare_in n3)/(vehicle_at n24)/(spare_in n0)/(spare_in n21)/(spare_in n38)/(spare_in n40)/(spare_in n18)
Execute: (move_car n24 n19)

If holds: (spare_in n36)/(spare_in n35)/(spare_in n34)/(spare_in n13)/(not_flattire)/(spare_in n5)/(spare_in n16)/(spare_in n24)/(spare_in n3)/(vehicle_at n24)/(spare_in n0)/(spare_in n21)/(spare_in n38)/(spare_in n40)/(spare_in n18)
Execute: (move_car n24 n19)

If holds: (spare_in n36)/(spare_in n35)/(spare_in n22)/(spare_in n38)/(spare_in n34)/(spare_in n13)/(not_flattire)/(spare_in n5)/(vehicle_at n22)/(spare_in n16)/(spare_in n24)/(spare_in n3)/(spare_in n0)/(spare_in n21)/(spare_in n40)/(spare_in n18)
Execute: (loadtire n22)

If holds: (spare_in n36)/(spare_in n35)/(spare_in n38)/(hasspare)/(spare_in n34)/(spare_in n13)/(not_flattire)/(vehicle_at n22)/(spare_in n5)/(spare_in n16)/(spare_in n24)/(spare_in n3)/(spare_in n0)/(spare_in n21)/(spare_in n40)/(spare_in n18)
Execute: (changetire)

