If holds: (at_ tile_3_2)
Execute: (left tile_3_2 tile_2_2 tile_1_2)

If holds: (at_ tile_2_2)
Execute: (left tile_2_2 tile_1_2 tile_0_2)

If holds: (at_ tile_1_2)
Execute: (up tile_1_2 tile_1_3 tile_1_4)

If holds: (at_ tile_0_2)
Execute: (up tile_0_2 tile_0_3 tile_0_4)

If holds: (at_ tile_1_4)
Execute: (right tile_1_4 tile_2_4 tile_3_4)

If holds: (at_ tile_1_3)
Execute: (up tile_1_3 tile_1_4 tile_1_5)

If holds: (at_ tile_0_4)
Execute: (right tile_0_4 tile_1_4 tile_2_4)

If holds: (at_ tile_3_4)
Execute: (right tile_3_4 tile_4_4 tile_5_4)

If holds: (at_ tile_4_4)
Execute: (right_to_wall tile_4_4 tile_5_4 rightwall_4)

If holds: (at_ tile_1_5)
Execute: (left_to_wall tile_1_5 tile_0_5 leftwall_5)

If holds: (at_ tile_0_5)
Execute: (down tile_0_5 tile_0_4 tile_0_3)

If holds: (at_ tile_0_3)
Execute: (up tile_0_3 tile_0_4 tile_0_5)

If holds: (at_ tile_2_4)
Execute: (right tile_2_4 tile_3_4 tile_4_4)

