If holds: (at_ tile_4_4)
Execute: (left tile_4_4 tile_3_4 tile_2_4)

If holds: (at_ tile_3_4)
Execute: (left tile_3_4 tile_2_4 tile_1_4)

If holds: (at_ tile_2_4)
Execute: (left_to_wall tile_2_4 tile_1_4 tile_0_4)

If holds: (at_ tile_1_4)
Execute: (down tile_1_4 tile_1_3 tile_1_2)

If holds: (at_ tile_1_3)
Execute: (right tile_1_3 tile_2_3 tile_3_3)

If holds: (at_ tile_3_3)
Execute: (down tile_3_3 tile_3_2 tile_3_1)

If holds: (at_ tile_3_2)
Execute: (left tile_3_2 tile_2_2 tile_1_2)

If holds: (at_ tile_2_2)
Execute: (down tile_2_2 tile_2_1 tile_2_0)

If holds: (at_ tile_2_1)
Execute: (right tile_2_1 tile_3_1 tile_4_1)

If holds: (at_ tile_3_1)
Execute: (right tile_3_1 tile_4_1 tile_5_1)

If holds: (at_ tile_2_0)
Execute: (left tile_2_0 tile_1_0 tile_0_0)

If holds: (at_ tile_1_0)
Execute: (left_to_wall tile_1_0 tile_0_0 leftwall_0)

If holds: (at_ tile_2_3)
Execute: (right tile_2_3 tile_3_3 tile_4_3)

If holds: (at_ tile_4_3)
Execute: (down tile_4_3 tile_4_2 tile_4_1)

If holds: (at_ tile_4_1)
Execute: (right_to_wall tile_4_1 tile_5_1 rightwall_1)

If holds: (at_ tile_4_2)
Execute: (left tile_4_2 tile_3_2 tile_2_2)

If holds: (at_ tile_5_1)
Execute: (down_to_wall tile_5_1 tile_5_0 bottomwall_5)

If holds: (at_ tile_5_0)
Execute: (left tile_5_0 tile_4_0 tile_3_0)

If holds: (at_ tile_3_0)
Execute: (left tile_3_0 tile_2_0 tile_1_0)

If holds: (at_ tile_4_0)
Execute: (left tile_4_0 tile_3_0 tile_2_0)

If holds: (at_ tile_0_0)
Execute: (up tile_0_0 tile_0_1 tile_0_2)

If holds: (at_ tile_0_1)
Execute: (down_to_wall tile_0_1 tile_0_0 bottomwall_0)

If holds: (at_ tile_0_2)
Execute: (right tile_0_2 tile_1_2 tile_2_2)

