If holds: (free n2)/(tire_at t1 n0)/(free n1)/(truck_at n0)/(tire_at t4 n0)/(tire_at t2 n0)/(car_at n0)/(not_flattire)/(free n0)/(free ng)/(tire_at t3 n0)
Execute: (loadtire n0 t3)

If holds: (free n2)/(tire_at t1 n0)/(free n1)/(truck_at n0)/(tire_at t4 n0)/(loaded t3)/(tire_at t2 n0)/(car_at n0)/(not_flattire)/(free n0)/(free ng)
Execute: (move_truck n0 n1)

If holds: (free n2)/(tire_at t1 n0)/(tire_at t4 n0)/(loaded t3)/(truck_at n1)/(tire_at t2 n0)/(car_at n0)/(not_flattire)/(free n0)/(free ng)
Execute: (droptire n1 t3)

If holds: (free n2)/(tire_at t1 n0)/(tire_at t4 n0)/(truck_at n1)/(tire_at t2 n0)/(car_at n0)/(not_flattire)/(free n0)/(free ng)/(tire_at t3 n1)
Execute: (move_truck_to_initial n1 n0)

If holds: (free n2)/(tire_at t1 n0)/(tire_at t4 n0)/(free n1)/(truck_at n0)/(tire_at t2 n0)/(car_at n0)/(not_flattire)/(free n0)/(free ng)/(tire_at t3 n1)
Execute: (move_car_spiky n0 n1)

If holds: (free n2)/(tire_at t1 n0)/(tire_at t4 n0)/(truck_at n0)/(tire_at t2 n0)/(not_flattire)/(car_at n1)/(free n0)/(free ng)/(tire_at t3 n1)
Execute: (move_car_normal n1 n2)

If holds: (tire_at t1 n0)/(tire_at t4 n0)/(truck_at n0)/(free n1)/(tire_at t2 n0)/(not_flattire)/(car_at n2)/(free n0)/(free ng)/(tire_at t3 n1)
Execute: (move_car_normal n2 ng)

If holds: (free n2)/(tire_at t1 n0)/(tire_at t4 n0)/(truck_at n0)/(not_flattire_0)/(tire_at t2 n0)/(car_at n1)/(free n0)/(free ng)/(tire_at t3 n1)
Execute: (fix n1 t3)

If holds: (free n2)/(tire_at t1 n0)/(tire_at t4 n0)/(truck_at n0)/(tire_at t2 n0)/(car_at n1)/(not_flattire)/(free n0)/(free ng)
Execute: (move_car_normal n1 n2)

If holds: (tire_at t1 n0)/(tire_at t4 n0)/(truck_at n0)/(free n1)/(tire_at t2 n0)/(not_flattire)/(car_at n2)/(free n0)/(free ng)
Execute: (move_car_normal n2 ng)

