If holds: (position p0)/(up_0)
Execute: (climb p0)

If holds: (position p0)/(up)
Execute: (walk_on_beam p0 p1)

If holds: (position p1)/(up_0)
Execute: (walk p1 p0)

If holds: (position p1)/(up)
Execute: (walk_on_beam p1 p2)

If holds: (position p2)/(up_0)
Execute: (walk p2 p1)

If holds: (position p2)/(up)
Execute: (walk_on_beam p2 p3)

If holds: (position p3)/(up_0)
Execute: (walk p3 p2)

If holds: (position p3)/(up)
Execute: (walk_on_beam p3 p4)

If holds: (position p4)/(up)
Execute: (walk_on_beam p4 p5)

If holds: (position p5)/(up_0)
Execute: (walk p5 p4)

If holds: (position p5)/(up)
Execute: (walk_on_beam p5 p6)

If holds: (position p6)/(up_0)
Execute: (walk p6 p5)

If holds: (position p6)/(up)
Execute: (walk_on_beam p6 p7)

If holds: (position p7)/(up)
Execute: (walk_on_beam p7 p8)

If holds: (position p8)/(up_0)
Execute: (walk p8 p7)

If holds: (position p8)/(up)
Execute: (walk_on_beam p8 p9)

If holds: (position p9)/(up_0)
Execute: (walk p9 p8)

If holds: (position p9)/(up)
Execute: (walk_on_beam p9 p10)

If holds: (position p10)/(up_0)
Execute: (walk p10 p9)

If holds: (position p10)/(up)
Execute: (walk_on_beam p10 p11)

If holds: (position p11)/(up_0)
Execute: (walk p11 p10)

If holds: (position p11)/(up)
Execute: (walk_on_beam p11 p12)

If holds: (position p12)/(up_0)
Execute: (walk p12 p11)

If holds: (position p12)/(up)
Execute: (walk_on_beam p12 p13)

If holds: (position p13)/(up_0)
Execute: (walk p13 p12)

If holds: (position p13)/(up)
Execute: (walk_on_beam p13 p14)

If holds: (position p14)/(up_0)
Execute: (walk p14 p13)

If holds: (position p14)/(up)
Execute: (walk_on_beam p14 p15)

If holds: (position p15)/(up_0)
Execute: (walk p15 p14)

If holds: (position p15)/(up)
Execute: (walk_on_beam p15 p16)

If holds: (position p16)/(up)
Execute: (walk_on_beam p16 p17)

If holds: (position p16)/(up_0)
Execute: (walk p16 p15)

If holds: (position p17)/(up)
Execute: (walk_on_beam p17 p18)

If holds: (position p7)/(up_0)
Execute: (walk p7 p6)

If holds: (position p18)/(up)
Execute: (walk_on_beam p18 p19)

If holds: (position p19)/(up)
Execute: (walk_on_beam p19 p20)

If holds: (position p18)/(up_0)
Execute: (walk p18 p17)

If holds: (position p19)/(up_0)
Execute: (walk p19 p18)

If holds: (position p17)/(up_0)
Execute: (walk p17 p16)

If holds: (position p4)/(up_0)
Execute: (walk p4 p3)

If holds: (position p20)/(up_0)
Execute: (walk p20 p19)

If holds: (position p20)/(up)
Execute: (walk_on_beam p20 p21)

If holds: (position p21)/(up_0)
Execute: (walk p21 p20)

If holds: (position p21)/(up)
Execute: (walk_on_beam p21 p22)

If holds: (position p22)/(up)
Execute: (walk_on_beam p22 p23)

If holds: (position p23)/(up_0)
Execute: (walk p23 p22)

If holds: (position p23)/(up)
Execute: (walk_on_beam p23 p24)

If holds: (position p24)/(up_0)
Execute: (walk p24 p23)

If holds: (position p24)/(up)
Execute: (walk_on_beam p24 p25)

If holds: (position p25)/(up)
Execute: (walk_on_beam p25 p26)

If holds: (position p26)/(up)
Execute: (walk_on_beam p26 p27)

If holds: (position p27)/(up_0)
Execute: (walk p27 p26)

If holds: (position p26)/(up_0)
Execute: (walk p26 p25)

If holds: (position p27)/(up)
Execute: (walk_on_beam p27 p28)

If holds: (position p28)/(up_0)
Execute: (walk p28 p27)

If holds: (position p25)/(up_0)
Execute: (walk p25 p24)

If holds: (position p28)/(up)
Execute: (walk_on_beam p28 p29)

If holds: (position p29)/(up)
Execute: (walk_on_beam p29 p30)

If holds: (position p29)/(up_0)
Execute: (walk p29 p28)

If holds: (position p30)/(up)
Execute: (walk_on_beam p30 p31)

If holds: (position p31)/(up_0)
Execute: (walk p31 p30)

If holds: (position p30)/(up_0)
Execute: (walk p30 p29)

If holds: (position p22)/(up_0)
Execute: (walk p22 p21)

