If holds: (at_ tile_0_5)
Execute: (right tile_0_5 tile_1_5 tile_2_5)

If holds: (at_ tile_2_5)
Execute: (down tile_2_5 tile_2_4 tile_2_3)

If holds: (at_ tile_1_5)
Execute: (right tile_1_5 tile_2_5 tile_3_5)

If holds: (at_ tile_3_5)
Execute: (down tile_3_5 tile_3_4 tile_3_3)

If holds: (at_ tile_3_3)
Execute: (down_to_wall tile_3_3 tile_3_2 tile_3_1)

If holds: (at_ tile_3_2)
Execute: (left tile_3_2 tile_2_2 tile_1_2)

If holds: (at_ tile_1_2)
Execute: (left_to_wall tile_1_2 tile_0_2 leftwall_2)

If holds: (at_ tile_0_2)
Execute: (down tile_0_2 tile_0_1 tile_0_0)

If holds: (at_ tile_0_1)
Execute: (down_to_wall tile_0_1 tile_0_0 bottomwall_0)

If holds: (at_ tile_0_0)
Execute: (right tile_0_0 tile_1_0 tile_2_0)

If holds: (at_ tile_1_0)
Execute: (right_to_wall tile_1_0 tile_2_0 tile_3_0)

If holds: (at_ tile_2_0)
Execute: (up tile_2_0 tile_2_1 tile_2_2)

If holds: (at_ tile_2_1)
Execute: (up tile_2_1 tile_2_2 tile_2_3)

If holds: (at_ tile_2_2)
Execute: (up tile_2_2 tile_2_3 tile_2_4)

If holds: (at_ tile_3_4)
Execute: (left tile_3_4 tile_2_4 tile_1_4)

If holds: (at_ tile_1_4)
Execute: (down tile_1_4 tile_1_3 tile_1_2)

If holds: (at_ tile_1_3)
Execute: (right tile_1_3 tile_2_3 tile_3_3)

If holds: (at_ tile_2_3)
Execute: (up tile_2_3 tile_2_4 tile_2_5)

