If holds: (at_ tile_0_5)
Execute: (down tile_0_5 tile_0_4 tile_0_3)

If holds: (at_ tile_0_3)
Execute: (right tile_0_3 tile_1_3 tile_2_3)

If holds: (at_ tile_2_3)
Execute: (down tile_2_3 tile_2_2 tile_2_1)

If holds: (at_ tile_1_3)
Execute: (right tile_1_3 tile_2_3 tile_3_3)

If holds: (at_ tile_2_1)
Execute: (down_to_wall tile_2_1 tile_2_0 bottomwall_2)

If holds: (at_ tile_2_0)
Execute: (right_to_wall tile_2_0 tile_3_0 tile_4_0)

If holds: (at_ tile_3_0)
Execute: (up tile_3_0 tile_3_1 tile_3_2)

If holds: (at_ tile_3_1)
Execute: (up tile_3_1 tile_3_2 tile_3_3)

If holds: (at_ tile_3_2)
Execute: (up tile_3_2 tile_3_3 tile_3_4)

If holds: (at_ tile_3_4)
Execute: (left tile_3_4 tile_2_4 tile_1_4)

If holds: (at_ tile_1_4)
Execute: (left_to_wall tile_1_4 tile_0_4 leftwall_4)

If holds: (at_ tile_2_4)
Execute: (left tile_2_4 tile_1_4 tile_0_4)

If holds: (at_ tile_2_2)
Execute: (down tile_2_2 tile_2_1 tile_2_0)

If holds: (at_ tile_0_4)
Execute: (up_to_wall tile_0_4 tile_0_5 upperwall_0)

