If holds: (at_ tile_1_4)
Execute: (right tile_1_4 tile_2_4 tile_3_4)

If holds: (at_ tile_3_4)
Execute: (down tile_3_4 tile_3_3 tile_3_2)

If holds: (at_ tile_3_2)
Execute: (right tile_3_2 tile_4_2 tile_5_2)

If holds: (at_ tile_2_4)
Execute: (up_to_wall tile_2_4 tile_2_5 upperwall_2)

If holds: (at_ tile_2_5)
Execute: (right tile_2_5 tile_3_5 tile_4_5)

If holds: (at_ tile_4_5)
Execute: (down tile_4_5 tile_4_4 tile_4_3)

If holds: (at_ tile_3_5)
Execute: (down tile_3_5 tile_3_4 tile_3_3)

If holds: (at_ tile_4_4)
Execute: (down tile_4_4 tile_4_3 tile_4_2)

If holds: (at_ tile_4_3)
Execute: (right_to_wall tile_4_3 tile_5_3 rightwall_3)

If holds: (at_ tile_5_3)
Execute: (down tile_5_3 tile_5_2 tile_5_1)

If holds: (at_ tile_5_1)
Execute: (up tile_5_1 tile_5_2 tile_5_3)

If holds: (at_ tile_3_3)
Execute: (up tile_3_3 tile_3_4 tile_3_5)

If holds: (at_ tile_4_2)
Execute: (up tile_4_2 tile_4_3 tile_4_4)

