If holds: (at_ tile_4_1)
Execute: (left tile_4_1 tile_3_1 tile_2_1)

If holds: (at_ tile_3_1)
Execute: (down_to_wall tile_3_1 tile_3_0 bottomwall_3)

If holds: (at_ tile_2_1)
Execute: (up tile_2_1 tile_2_2 tile_2_3)

If holds: (at_ tile_2_2)
Execute: (left tile_2_2 tile_1_2 tile_0_2)

If holds: (at_ tile_1_2)
Execute: (up tile_1_2 tile_1_3 tile_1_4)

If holds: (at_ tile_0_2)
Execute: (right tile_0_2 tile_1_2 tile_2_2)

If holds: (at_ tile_1_3)
Execute: (up tile_1_3 tile_1_4 tile_1_5)

If holds: (at_ tile_1_5)
Execute: (down tile_1_5 tile_1_4 tile_1_3)

If holds: (at_ tile_3_0)
Execute: (up tile_3_0 tile_3_1 tile_3_2)

If holds: (at_ tile_3_2)
Execute: (left tile_3_2 tile_2_2 tile_1_2)

If holds: (at_ tile_2_3)
Execute: (left_to_wall tile_2_3 tile_1_3 tile_0_3)

