If holds: (at_ tile_1_5)
Execute: (down tile_1_5 tile_1_4 tile_1_3)

If holds: (at_ tile_1_3)
Execute: (down tile_1_3 tile_1_2 tile_1_1)

If holds: (at_ tile_1_1)
Execute: (right tile_1_1 tile_2_1 tile_3_1)

If holds: (at_ tile_3_1)
Execute: (up_to_wall tile_3_1 tile_3_2 tile_3_3)

If holds: (at_ tile_3_2)
Execute: (left tile_3_2 tile_2_2 tile_1_2)

If holds: (at_ tile_2_2)
Execute: (left_to_wall tile_2_2 tile_1_2 tile_0_2)

If holds: (at_ tile_2_1)
Execute: (right tile_2_1 tile_3_1 tile_4_1)

If holds: (at_ tile_4_1)
Execute: (up_to_wall tile_4_1 tile_4_2 tile_4_3)

If holds: (at_ tile_4_2)
Execute: (left tile_4_2 tile_3_2 tile_2_2)

If holds: (at_ tile_1_2)
Execute: (up tile_1_2 tile_1_3 tile_1_4)

