If holds: (broken_leg_0)/(position p0)/(up_0)
Execute: (climb p0)

If holds: (broken_leg_0)/(up)/(position p0)
Execute: (walk_on_beam p0 p1)

If holds: (broken_leg_0)/(position p1)/(up)
Execute: (walk_on_beam p1 p2)

If holds: (broken_leg_0)/(position p2)/(up)
Execute: (walk_on_beam p2 p3)

If holds: (position p3)/(broken_leg_0)/(up)
Execute: (walk_on_beam p3 p4)

If holds: (broken_leg_0)/(position p1)/(up_0)
Execute: (walk_left p1 p0)

If holds: (broken_leg_0)/(position p2)/(up_0)
Execute: (walk_left p2 p1)

If holds: (position p4)/(broken_leg_0)/(up)
Execute: (walk_on_beam p4 p5)

If holds: (position p5)/(broken_leg_0)/(up)
Execute: (walk_on_beam p5 p6)

If holds: (position p6)/(broken_leg_0)/(up)
Execute: (walk_on_beam p6 p7)

If holds: (broken_leg_0)/(position p7)/(up_0)
Execute: (walk_left p7 p6)

If holds: (position p6)/(broken_leg_0)/(up_0)
Execute: (walk_left p6 p5)

If holds: (position p5)/(broken_leg_0)/(up_0)
Execute: (walk_left p5 p4)

If holds: (position p4)/(broken_leg_0)/(up_0)
Execute: (walk_left p4 p3)

If holds: (position p3)/(broken_leg_0)/(up_0)
Execute: (walk_left p3 p2)

