If holds: (victim_status v1 dying)/(victim_at v2 l2)/(medical_unit_at m1 l1)/(victim_at v1 l2)/(victim_status v2 hurt)/(victim_at v3 l1)/(victim_status v3 hurt)
Execute: (drive_medical_unit m1 l1 l2)

If holds: (victim_status v2 hurt)/(victim_at v3 l1)/(victim_status v3 hurt)/(victim_status v1 dying)/(medical_unit_at m1 l2)/(victim_at v2 l2)/(victim_at v1 l2)
Execute: (treat_victim_on_scene m1 l2 v2)

If holds: (medical_unit_at m1 l2)/(victim_at v3 l1)/(victim_status v3 hurt)/(victim_status v1 dying)/(victim_at v2 l2)/(victim_at v1 l2)/(victim_status v2 healthy)
Execute: (reanimate m1 l2 v1)

If holds: (medical_unit_at m1 l2)/(victim_at v3 l1)/(victim_status v3 hurt)/(victim_at v2 l2)/(victim_status v1 hurt)/(victim_at v1 l2)/(victim_status v2 healthy)
Execute: (treat_victim_at_hospital v3 l1)

If holds: (medical_unit_at m1 l2)/(victim_at v3 l1)/(victim_status v3 hurt)/(victim_status v1 dying)/(victim_at v2 l2)/(victim_at v1 l2)/(victim_status v2 dying)
Execute: (load_victim m1 l2 v1)

If holds: (medical_unit_at m1 l2)/(victim_at v3 l1)/(victim_at v2 l2)/(victim_status v1 hurt)/(victim_status v3 healthy)/(victim_at v1 l2)/(victim_status v2 healthy)
Execute: (treat_victim_on_scene m1 l2 v1)

If holds: (medical_unit_at m1 l2)/(victim_at v3 l1)/(victim_status v1 dying)/(victim_at v2 l2)/(victim_status v3 healthy)/(victim_at v1 l2)/(victim_status v2 healthy)
Execute: (load_victim m1 l2 v1)

If holds: (medical_unit_at m1 l2)/(victim_at v3 l1)/(victim_status v1 dying)/(have_victim_in_unit v1 m1)/(victim_at v2 l2)/(victim_status v3 healthy)/(victim_status v2 healthy)
Execute: (drive_medical_unit m1 l2 l1)

If holds: (victim_at v3 l1)/(victim_status v1 dying)/(have_victim_in_unit v1 m1)/(victim_at v2 l2)/(medical_unit_at m1 l1)/(victim_status v3 healthy)/(victim_status v2 healthy)
Execute: (unload_victim m1 l1 v1)

If holds: (victim_at v3 l1)/(victim_status v1 dying)/(victim_at v2 l2)/(medical_unit_at m1 l1)/(victim_status v3 healthy)/(victim_at v1 l1)/(victim_status v2 healthy)
Execute: (treat_victim_at_hospital v1 l1)

If holds: (medical_unit_at m1 l2)/(victim_at v3 l1)/(victim_status v3 hurt)/(victim_status v1 dying)/(have_victim_in_unit v1 m1)/(victim_at v2 l2)/(victim_status v2 dying)
Execute: (load_victim m1 l2 v2)

If holds: (have_victim_in_unit v2 m1)/(medical_unit_at m1 l2)/(victim_at v3 l1)/(victim_status v3 hurt)/(victim_status v1 dying)/(have_victim_in_unit v1 m1)/(victim_status v2 dying)
Execute: (treat_victim_at_hospital v3 l1)

If holds: (have_victim_in_unit v2 m1)/(medical_unit_at m1 l2)/(victim_at v3 l1)/(victim_status v1 dying)/(have_victim_in_unit v1 m1)/(victim_status v3 healthy)/(victim_status v2 dying)
Execute: (drive_medical_unit m1 l2 l1)

If holds: (have_victim_in_unit v2 m1)/(victim_at v3 l1)/(victim_status v1 dying)/(have_victim_in_unit v1 m1)/(medical_unit_at m1 l1)/(victim_status v3 healthy)/(victim_status v2 dying)
Execute: (unload_victim m1 l1 v2)

If holds: (victim_at v2 l1)/(victim_at v3 l1)/(victim_status v1 dying)/(have_victim_in_unit v1 m1)/(medical_unit_at m1 l1)/(victim_status v3 healthy)/(victim_status v2 dying)
Execute: (unload_victim m1 l1 v1)

If holds: (victim_at v2 l1)/(victim_at v3 l1)/(victim_status v1 dying)/(medical_unit_at m1 l1)/(victim_status v3 healthy)/(victim_at v1 l1)/(victim_status v2 dying)
Execute: (treat_victim_at_hospital v1 l1)

If holds: (victim_at v2 l1)/(victim_at v3 l1)/(victim_status v1 healthy)/(medical_unit_at m1 l1)/(victim_status v3 healthy)/(victim_at v1 l1)/(victim_status v2 dying)
Execute: (treat_victim_at_hospital v2 l1)

