If holds: (up_0)/(position p0)
Execute: (climb p0)

If holds: (up)/(position p0)
Execute: (walk_on_beam p0 p1)

If holds: (up)/(position p1)
Execute: (walk_on_beam p1 p2)

If holds: (up)/(position p2)
Execute: (walk_on_beam p2 p3)

If holds: (up)/(position p3)
Execute: (walk_on_beam p3 p4)

If holds: (up)/(position p4)
Execute: (walk_on_beam p4 p5)

If holds: (up)/(position p5)
Execute: (walk_on_beam p5 p6)

If holds: (up)/(position p6)
Execute: (walk_on_beam p6 p7)

If holds: (up_0)/(position p7)
Execute: (walk p7 p6)

If holds: (up_0)/(position p6)
Execute: (walk p6 p5)

If holds: (up_0)/(position p5)
Execute: (walk p5 p4)

If holds: (up_0)/(position p4)
Execute: (walk p4 p3)

If holds: (up_0)/(position p3)
Execute: (walk p3 p2)

If holds: (up_0)/(position p2)
Execute: (walk p2 p1)

If holds: (up_0)/(position p1)
Execute: (walk p1 p0)

