If holds: (position p0)/(up_0)
Execute: (climb p0)

If holds: (position p0)/(up)
Execute: (walk_on_beam p0 p1)

If holds: (up)/(position p1)
Execute: (walk_on_beam p1 p2)

If holds: (up)/(position p2)
Execute: (walk_on_beam p2 p3)

If holds: (up)/(position p3)
Execute: (walk_on_beam p3 p4)

If holds: (up)/(position p4)
Execute: (walk_on_beam p4 p5)

If holds: (up)/(position p5)
Execute: (walk_on_beam p5 p6)

If holds: (up)/(position p6)
Execute: (walk_on_beam p6 p7)

If holds: (up)/(position p7)
Execute: (walk_on_beam p7 p8)

If holds: (up)/(position p8)
Execute: (walk_on_beam p8 p9)

If holds: (up)/(position p9)
Execute: (walk_on_beam p9 p10)

If holds: (up)/(position p10)
Execute: (walk_on_beam p10 p11)

If holds: (up)/(position p11)
Execute: (walk_on_beam p11 p12)

If holds: (up)/(position p12)
Execute: (walk_on_beam p12 p13)

If holds: (up)/(position p13)
Execute: (walk_on_beam p13 p14)

If holds: (up)/(position p14)
Execute: (walk_on_beam p14 p15)

If holds: (up)/(position p15)
Execute: (walk_on_beam p15 p16)

If holds: (up)/(position p16)
Execute: (walk_on_beam p16 p17)

If holds: (up)/(position p17)
Execute: (walk_on_beam p17 p18)

If holds: (up)/(position p18)
Execute: (walk_on_beam p18 p19)

If holds: (up)/(position p19)
Execute: (walk_on_beam p19 p20)

If holds: (up)/(position p20)
Execute: (walk_on_beam p20 p21)

If holds: (up)/(position p21)
Execute: (walk_on_beam p21 p22)

If holds: (up)/(position p22)
Execute: (walk_on_beam p22 p23)

If holds: (up)/(position p23)
Execute: (walk_on_beam p23 p24)

If holds: (up)/(position p24)
Execute: (walk_on_beam p24 p25)

If holds: (up)/(position p25)
Execute: (walk_on_beam p25 p26)

If holds: (up)/(position p26)
Execute: (walk_on_beam p26 p27)

If holds: (up)/(position p27)
Execute: (walk_on_beam p27 p28)

If holds: (up)/(position p28)
Execute: (walk_on_beam p28 p29)

If holds: (up)/(position p29)
Execute: (walk_on_beam p29 p30)

If holds: (up)/(position p30)
Execute: (walk_on_beam p30 p31)

If holds: (up_0)/(position p31)
Execute: (walk p31 p30)

If holds: (up_0)/(position p30)
Execute: (walk p30 p29)

If holds: (up_0)/(position p29)
Execute: (walk p29 p28)

If holds: (up_0)/(position p28)
Execute: (walk p28 p27)

If holds: (up_0)/(position p27)
Execute: (walk p27 p26)

If holds: (up_0)/(position p26)
Execute: (walk p26 p25)

If holds: (up_0)/(position p25)
Execute: (walk p25 p24)

If holds: (up_0)/(position p24)
Execute: (walk p24 p23)

If holds: (up_0)/(position p23)
Execute: (walk p23 p22)

If holds: (up_0)/(position p22)
Execute: (walk p22 p21)

If holds: (up_0)/(position p21)
Execute: (walk p21 p20)

If holds: (up_0)/(position p20)
Execute: (walk p20 p19)

If holds: (up_0)/(position p19)
Execute: (walk p19 p18)

If holds: (position p18)/(up_0)
Execute: (walk p18 p17)

If holds: (up_0)/(position p17)
Execute: (walk p17 p16)

If holds: (up_0)/(position p16)
Execute: (walk p16 p15)

If holds: (up_0)/(position p15)
Execute: (walk p15 p14)

If holds: (up_0)/(position p14)
Execute: (walk p14 p13)

If holds: (up_0)/(position p13)
Execute: (walk p13 p12)

If holds: (up_0)/(position p12)
Execute: (walk p12 p11)

If holds: (up_0)/(position p11)
Execute: (walk p11 p10)

If holds: (up_0)/(position p10)
Execute: (walk p10 p9)

If holds: (up_0)/(position p9)
Execute: (walk p9 p8)

If holds: (up_0)/(position p8)
Execute: (walk p8 p7)

If holds: (up_0)/(position p7)
Execute: (walk p7 p6)

If holds: (up_0)/(position p6)
Execute: (walk p6 p5)

If holds: (up_0)/(position p5)
Execute: (walk p5 p4)

If holds: (up_0)/(position p4)
Execute: (walk p4 p3)

If holds: (up_0)/(position p3)
Execute: (walk p3 p2)

If holds: (up_0)/(position p2)
Execute: (walk p2 p1)

If holds: (position p1)/(up_0)
Execute: (walk p1 p0)

