If holds: (spare_in n19)/(spare_in n16)/(spare_in n2)/(spare_in n10)/(spare_in n24)/(spare_in n17)/(spare_in n20)/(spare_in n21)/(spare_in n6)/(spare_in n28)/(spare_in n13)/(spare_in n5)/(not_flattire)/(spare_in n1)/(spare_in n7)/(spare_in n14)/(vehicle_at n10)/(spare_in n9)
Execute: (loadtire n10)

If holds: (spare_in n16)/(spare_in n24)/(spare_in n17)/(spare_in n20)/(spare_in n28)/(spare_in n13)/(spare_in n5)/(not_flattire)/(hasspare)/(spare_in n14)/(spare_in n9)/(spare_in n19)/(spare_in n2)/(spare_in n21)/(spare_in n6)/(spare_in n1)/(spare_in n7)/(vehicle_at n10)
Execute: (move_car n10 n15)

If holds: (vehicle_at n15)/(spare_in n16)/(spare_in n24)/(spare_in n17)/(spare_in n20)/(spare_in n28)/(spare_in n13)/(spare_in n5)/(not_flattire)/(hasspare)/(spare_in n14)/(spare_in n9)/(spare_in n19)/(spare_in n2)/(spare_in n21)/(spare_in n6)/(spare_in n1)/(spare_in n7)
Execute: (move_car n15 n16)

If holds: (spare_in n16)/(spare_in n24)/(spare_in n17)/(spare_in n20)/(spare_in n28)/(spare_in n13)/(spare_in n5)/(hasspare)/(spare_in n14)/(spare_in n9)/(spare_in n19)/(spare_in n2)/(spare_in n21)/(spare_in n6)/(spare_in n1)/(spare_in n7)/(vehicle_at n16)
Execute: (loadtire n16)

If holds: (spare_in n24)/(spare_in n17)/(spare_in n20)/(spare_in n28)/(spare_in n13)/(spare_in n5)/(hasspare)/(spare_in n14)/(spare_in n9)/(spare_in n19)/(spare_in n2)/(spare_in n21)/(spare_in n6)/(spare_in n1)/(spare_in n7)/(vehicle_at n16)
Execute: (changetire)

If holds: (spare_in n19)/(spare_in n2)/(spare_in n24)/(spare_in n17)/(spare_in n20)/(spare_in n21)/(spare_in n6)/(spare_in n28)/(spare_in n13)/(spare_in n5)/(not_flattire)/(spare_in n1)/(spare_in n7)/(spare_in n14)/(vehicle_at n16)/(spare_in n9)
Execute: (move_car n16 n24)

If holds: (vehicle_at n15)/(spare_in n16)/(spare_in n24)/(spare_in n17)/(spare_in n20)/(spare_in n28)/(spare_in n13)/(spare_in n5)/(hasspare)/(spare_in n14)/(spare_in n9)/(spare_in n19)/(spare_in n2)/(spare_in n21)/(spare_in n6)/(spare_in n1)/(spare_in n7)
Execute: (changetire)

If holds: (spare_in n16)/(spare_in n24)/(spare_in n17)/(spare_in n20)/(spare_in n28)/(spare_in n13)/(spare_in n5)/(not_flattire)/(hasspare)/(spare_in n14)/(spare_in n9)/(spare_in n19)/(spare_in n2)/(spare_in n21)/(spare_in n6)/(spare_in n1)/(spare_in n7)/(vehicle_at n16)
Execute: (move_car n16 n24)

If holds: (vehicle_at n15)/(spare_in n16)/(spare_in n24)/(spare_in n17)/(spare_in n20)/(spare_in n28)/(spare_in n13)/(spare_in n5)/(not_flattire)/(spare_in n14)/(spare_in n9)/(spare_in n19)/(spare_in n2)/(spare_in n21)/(spare_in n6)/(spare_in n1)/(spare_in n7)
Execute: (move_car n15 n16)

If holds: (spare_in n19)/(spare_in n16)/(spare_in n2)/(spare_in n24)/(spare_in n17)/(spare_in n20)/(spare_in n21)/(spare_in n6)/(spare_in n28)/(spare_in n13)/(spare_in n5)/(spare_in n1)/(spare_in n7)/(spare_in n14)/(vehicle_at n16)/(spare_in n9)
Execute: (loadtire n16)

If holds: (spare_in n16)/(spare_in n24)/(spare_in n17)/(spare_in n20)/(spare_in n28)/(spare_in n13)/(spare_in n5)/(not_flattire)/(spare_in n14)/(spare_in n9)/(spare_in n19)/(spare_in n2)/(spare_in n21)/(spare_in n6)/(spare_in n1)/(spare_in n7)/(vehicle_at n16)
Execute: (move_car n16 n24)

