If holds: (spare_in n20)/(spare_in n15)/(spare_in n16)/(spare_in n5)/(spare_in n23)/(spare_in n8)/(not_flattire)/(spare_in n7)/(spare_in n24)/(spare_in n28)/(spare_in n4)/(vehicle_at n25)/(spare_in n17)/(spare_in n11)/(spare_in n2)/(spare_in n9)/(spare_in n18)/(spare_in n0)
Execute: (move_car n25 n7)

If holds: (spare_in n20)/(spare_in n15)/(spare_in n8)/(spare_in n24)/(spare_in n11)/(spare_in n2)/(spare_in n23)/(spare_in n18)/(spare_in n0)/(spare_in n16)/(spare_in n5)/(spare_in n7)/(spare_in n28)/(spare_in n4)/(vehicle_at n7)/(spare_in n9)/(spare_in n17)
Execute: (loadtire n7)

If holds: (spare_in n20)/(spare_in n15)/(hasspare)/(spare_in n8)/(spare_in n24)/(spare_in n11)/(spare_in n2)/(spare_in n23)/(spare_in n18)/(spare_in n0)/(spare_in n16)/(spare_in n5)/(spare_in n28)/(spare_in n4)/(vehicle_at n7)/(spare_in n9)/(spare_in n17)
Execute: (changetire)

If holds: (spare_in n20)/(spare_in n15)/(spare_in n8)/(spare_in n24)/(spare_in n11)/(spare_in n2)/(spare_in n23)/(spare_in n18)/(spare_in n0)/(spare_in n16)/(spare_in n5)/(not_flattire)/(spare_in n28)/(spare_in n4)/(vehicle_at n7)/(spare_in n9)/(spare_in n17)
Execute: (move_car n7 n28)

If holds: (spare_in n20)/(spare_in n15)/(spare_in n8)/(spare_in n24)/(spare_in n11)/(spare_in n2)/(spare_in n23)/(spare_in n18)/(spare_in n0)/(spare_in n16)/(spare_in n5)/(vehicle_at n28)/(not_flattire)/(spare_in n28)/(spare_in n4)/(spare_in n9)/(spare_in n17)
Execute: (move_car n28 n22)

If holds: (spare_in n20)/(spare_in n15)/(spare_in n8)/(spare_in n24)/(spare_in n11)/(spare_in n2)/(spare_in n23)/(spare_in n18)/(spare_in n0)/(spare_in n16)/(spare_in n5)/(not_flattire)/(spare_in n7)/(spare_in n28)/(spare_in n4)/(vehicle_at n7)/(spare_in n9)/(spare_in n17)
Execute: (move_car n7 n28)

If holds: (spare_in n20)/(spare_in n15)/(spare_in n8)/(spare_in n24)/(spare_in n11)/(spare_in n2)/(spare_in n23)/(spare_in n18)/(spare_in n0)/(spare_in n16)/(spare_in n5)/(vehicle_at n28)/(not_flattire)/(spare_in n7)/(spare_in n28)/(spare_in n4)/(spare_in n9)/(spare_in n17)
Execute: (move_car n28 n22)

If holds: (spare_in n20)/(spare_in n15)/(spare_in n8)/(spare_in n24)/(spare_in n11)/(spare_in n2)/(spare_in n23)/(spare_in n18)/(spare_in n0)/(spare_in n16)/(spare_in n5)/(vehicle_at n28)/(spare_in n7)/(spare_in n28)/(spare_in n4)/(spare_in n9)/(spare_in n17)
Execute: (loadtire n28)

If holds: (spare_in n20)/(spare_in n15)/(hasspare)/(spare_in n8)/(spare_in n24)/(spare_in n11)/(spare_in n2)/(spare_in n23)/(spare_in n18)/(spare_in n0)/(spare_in n16)/(spare_in n5)/(vehicle_at n28)/(spare_in n7)/(spare_in n4)/(spare_in n9)/(spare_in n17)
Execute: (changetire)

If holds: (spare_in n20)/(spare_in n15)/(spare_in n8)/(spare_in n24)/(spare_in n11)/(spare_in n2)/(spare_in n23)/(spare_in n18)/(spare_in n0)/(spare_in n16)/(spare_in n5)/(vehicle_at n28)/(not_flattire)/(spare_in n7)/(spare_in n4)/(spare_in n9)/(spare_in n17)
Execute: (move_car n28 n22)

If holds: (spare_in n20)/(spare_in n15)/(spare_in n18)/(spare_in n16)/(spare_in n5)/(spare_in n8)/(spare_in n24)/(spare_in n28)/(spare_in n4)/(spare_in n17)/(spare_in n11)/(spare_in n2)/(spare_in n9)/(spare_in n23)/(vehicle_at n28)/(spare_in n0)
Execute: (loadtire n28)

If holds: (spare_in n20)/(spare_in n15)/(spare_in n23)/(spare_in n16)/(spare_in n5)/(hasspare)/(spare_in n8)/(spare_in n24)/(spare_in n4)/(spare_in n17)/(spare_in n11)/(spare_in n2)/(spare_in n9)/(spare_in n18)/(vehicle_at n28)/(spare_in n0)
Execute: (changetire)

If holds: (spare_in n20)/(spare_in n15)/(spare_in n18)/(spare_in n16)/(spare_in n5)/(spare_in n8)/(not_flattire)/(spare_in n24)/(spare_in n4)/(spare_in n17)/(spare_in n11)/(spare_in n2)/(spare_in n9)/(spare_in n23)/(vehicle_at n28)/(spare_in n0)
Execute: (move_car n28 n22)

