If holds: (free n0)/(truck_at n0)/(not_flattire)/(free n1)/(free ng)/(free n2)/(car_at n0)/(tire_at t1 n0)
Execute: (loadtire n0 t1)

If holds: (free ng)/(free n0)/(truck_at n0)/(free n2)/(car_at n0)/(not_flattire)/(loaded t1)/(free n1)
Execute: (move_truck n0 n1)

If holds: (free ng)/(truck_at n1)/(free n0)/(free n2)/(car_at n0)/(not_flattire)/(loaded t1)
Execute: (move_truck n1 n2)

If holds: (free ng)/(free n0)/(truck_at n2)/(car_at n0)/(not_flattire)/(loaded t1)/(free n1)
Execute: (droptire n2 t1)

If holds: (free ng)/(free n0)/(car_at n0)/(not_flattire)/(tire_at t1 n2)/(truck_at n2)/(free n1)
Execute: (move_truck n2 n1)

If holds: (free ng)/(truck_at n1)/(free n0)/(free n2)/(car_at n0)/(not_flattire)/(tire_at t1 n2)
Execute: (move_truck_to_initial n1 n0)

If holds: (free n0)/(truck_at n0)/(not_flattire)/(free n1)/(free ng)/(free n2)/(car_at n0)/(tire_at t1 n2)
Execute: (move_car_normal n0 n1)

If holds: (free ng)/(free n0)/(truck_at n0)/(free n2)/(car_at n1)/(not_flattire)/(tire_at t1 n2)
Execute: (move_car_spiky n1 n2)

If holds: (free ng)/(free n0)/(car_at n2)/(truck_at n0)/(tire_at t1 n2)/(not_flattire_0)/(free n1)
Execute: (fix n2 t1)

If holds: (free ng)/(free n0)/(car_at n2)/(truck_at n0)/(not_flattire)/(free n1)
Execute: (move_car_normal n2 ng)

If holds: (free ng)/(free n0)/(car_at n2)/(truck_at n0)/(not_flattire)/(tire_at t1 n2)/(free n1)
Execute: (move_truck n0 n1)

If holds: (free ng)/(truck_at n1)/(free n0)/(car_at n2)/(not_flattire)/(tire_at t1 n2)
Execute: (move_car_normal n2 ng)

