If holds: (truck_at n0)/(free ng)/(free n3)/(free n2)/(tire_at t1 n0)/(free n1)/(not_flattire)/(tire_at t4 n0)/(tire_at t2 n0)/(tire_at t3 n0)/(car_at n0)/(free n0)
Execute: (loadtire n0 t2)

If holds: (truck_at n0)/(loaded t2)/(free ng)/(free n3)/(free n2)/(tire_at t1 n0)/(free n1)/(not_flattire)/(tire_at t4 n0)/(tire_at t3 n0)/(car_at n0)/(free n0)
Execute: (move_truck n0 n1)

If holds: (loaded t2)/(free ng)/(free n3)/(truck_at n1)/(free n2)/(tire_at t1 n0)/(not_flattire)/(tire_at t4 n0)/(tire_at t3 n0)/(car_at n0)/(free n0)
Execute: (move_truck n1 n2)

If holds: (loaded t2)/(truck_at n2)/(free ng)/(free n3)/(tire_at t1 n0)/(free n1)/(not_flattire)/(tire_at t4 n0)/(tire_at t3 n0)/(car_at n0)/(free n0)
Execute: (droptire n2 t2)

If holds: (tire_at t2 n2)/(truck_at n2)/(free ng)/(free n3)/(tire_at t1 n0)/(free n1)/(not_flattire)/(tire_at t4 n0)/(tire_at t3 n0)/(car_at n0)/(free n0)
Execute: (move_truck n2 n1)

If holds: (tire_at t2 n2)/(free ng)/(free n3)/(truck_at n1)/(free n2)/(tire_at t1 n0)/(not_flattire)/(tire_at t4 n0)/(tire_at t3 n0)/(car_at n0)/(free n0)
Execute: (move_truck_to_initial n1 n0)

If holds: (tire_at t2 n2)/(truck_at n0)/(free ng)/(free n3)/(free n2)/(tire_at t1 n0)/(free n1)/(not_flattire)/(tire_at t4 n0)/(tire_at t3 n0)/(car_at n0)/(free n0)
Execute: (move_car_normal n0 n1)

If holds: (tire_at t2 n2)/(truck_at n0)/(car_at n1)/(free ng)/(free n3)/(free n2)/(tire_at t1 n0)/(not_flattire)/(tire_at t4 n0)/(tire_at t3 n0)/(free n0)
Execute: (move_car_spiky n1 n2)

If holds: (tire_at t2 n2)/(truck_at n0)/(free ng)/(free n3)/(tire_at t1 n0)/(free n1)/(not_flattire)/(car_at n2)/(tire_at t4 n0)/(tire_at t3 n0)/(free n0)
Execute: (move_truck n0 n1)

If holds: (tire_at t2 n2)/(tire_at t3 n0)/(free ng)/(free n3)/(truck_at n1)/(tire_at t1 n0)/(not_flattire)/(tire_at t4 n0)/(car_at n2)/(free n0)
Execute: (move_car_normal n2 n3)

If holds: (tire_at t2 n2)/(car_at n3)/(free ng)/(truck_at n1)/(free n2)/(tire_at t1 n0)/(not_flattire)/(tire_at t4 n0)/(tire_at t3 n0)/(free n0)
Execute: (move_car_normal n3 ng)

If holds: (tire_at t2 n2)/(truck_at n0)/(free ng)/(free n3)/(not_flattire_0)/(tire_at t1 n0)/(free n1)/(car_at n2)/(tire_at t4 n0)/(tire_at t3 n0)/(free n0)
Execute: (fix n2 t2)

If holds: (truck_at n0)/(tire_at t3 n0)/(free ng)/(free n3)/(free n1)/(tire_at t1 n0)/(not_flattire)/(tire_at t4 n0)/(car_at n2)/(free n0)
Execute: (move_car_normal n2 n3)

If holds: (truck_at n0)/(car_at n3)/(free ng)/(free n2)/(free n1)/(tire_at t1 n0)/(not_flattire)/(tire_at t4 n0)/(tire_at t3 n0)/(free n0)
Execute: (move_car_normal n3 ng)

