If holds: (fire_0 l2)/(fire_0 l4)/(medical_unit_at m2 l3)/(medical_unit_at m3 l4)/(victim_status v1 hurt)/(fire l1)/(victim_at v1 l2)/(fire_unit_at f1 l2)/(medical_unit_at m1 l2)/(fire_0 l3)
Execute: (treat_victim_on_scene_medical m1 l2 v1)

If holds: (fire_0 l2)/(fire_0 l4)/(medical_unit_at m2 l3)/(medical_unit_at m3 l4)/(fire l1)/(victim_at v1 l2)/(fire_unit_at f1 l2)/(medical_unit_at m1 l2)/(victim_status v1 healthy)/(fire_0 l3)
Execute: (drive_fire_unit f1 l2 l4)

If holds: (fire_0 l2)/(fire_unit_at f1 l4)/(fire_0 l4)/(medical_unit_at m2 l3)/(medical_unit_at m3 l4)/(fire l1)/(victim_at v1 l2)/(medical_unit_at m1 l2)/(victim_status v1 healthy)/(fire_0 l3)
Execute: (load_fire_unit f1 l4)

If holds: (fire_0 l2)/(fire_unit_at f1 l4)/(fire_0 l4)/(medical_unit_at m2 l3)/(medical_unit_at m3 l4)/(have_water f1)/(fire l1)/(victim_at v1 l2)/(medical_unit_at m1 l2)/(victim_status v1 healthy)/(fire_0 l3)
Execute: (unload_fire_unit f1 l4 l1)

If holds: (fire_0 l2)/(fire_0 l4)/(medical_unit_at m2 l3)/(medical_unit_at m3 l4)/(fire l1)/(victim_at v1 l2)/(fire_unit_at f1 l2)/(victim_status v1 dying)/(medical_unit_at m1 l2)/(fire_0 l3)
Execute: (drive_fire_unit f1 l2 l4)

If holds: (fire_0 l2)/(fire_unit_at f1 l4)/(fire_0 l4)/(medical_unit_at m2 l3)/(medical_unit_at m3 l4)/(fire l1)/(victim_at v1 l2)/(victim_status v1 dying)/(medical_unit_at m1 l2)/(fire_0 l3)
Execute: (load_medical_unit m1 l2 v1)

If holds: (fire_0 l2)/(fire_unit_at f1 l4)/(fire_0 l4)/(medical_unit_at m2 l3)/(medical_unit_at m3 l4)/(fire l1)/(have_victim_in_unit v1 m1)/(victim_status v1 dying)/(medical_unit_at m1 l2)/(fire_0 l3)
Execute: (drive_medical_unit m1 l2 l4)

If holds: (fire_0 l2)/(fire_unit_at f1 l4)/(fire_0 l4)/(medical_unit_at m2 l3)/(medical_unit_at m3 l4)/(fire l1)/(have_victim_in_unit v1 m1)/(victim_status v1 dying)/(medical_unit_at m1 l4)/(fire_0 l3)
Execute: (load_fire_unit f1 l4)

If holds: (fire_0 l2)/(fire_unit_at f1 l4)/(fire_0 l4)/(medical_unit_at m2 l3)/(medical_unit_at m3 l4)/(have_water f1)/(fire l1)/(have_victim_in_unit v1 m1)/(victim_status v1 dying)/(medical_unit_at m1 l4)/(fire_0 l3)
Execute: (unload_medical_unit m1 l4 v1)

If holds: (fire_0 l2)/(fire_unit_at f1 l4)/(fire_0 l4)/(medical_unit_at m2 l3)/(medical_unit_at m3 l4)/(have_water f1)/(fire l1)/(victim_at v1 l4)/(victim_status v1 dying)/(medical_unit_at m1 l4)/(fire_0 l3)
Execute: (unload_fire_unit f1 l4 l1)

If holds: (fire_0 l2)/(fire_unit_at f1 l4)/(fire_0 l4)/(medical_unit_at m2 l3)/(medical_unit_at m3 l4)/(nfire l1)/(victim_at v1 l4)/(victim_status v1 dying)/(medical_unit_at m1 l4)/(fire_0 l3)/(fire_0 l1)
Execute: (treat_victim_at_hospital v1 l4)

