If holds: (tire_at t1 n0)/(car_at n0)/(free n2)/(free n3)/(free n1)/(free n0)/(truck_at n0)/(not_flattire)/(free ng)
Execute: (loadtire n0 t1)

If holds: (car_at n0)/(free n2)/(loaded t1)/(free n3)/(free n1)/(free n0)/(truck_at n0)/(not_flattire)/(free ng)
Execute: (move_truck n0 n1)

If holds: (truck_at n1)/(car_at n0)/(free n2)/(loaded t1)/(free n3)/(free n0)/(not_flattire)/(free ng)
Execute: (droptire n1 t1)

If holds: (not_flattire)/(truck_at n1)/(free ng)/(car_at n0)/(free n2)/(tire_at t1 n1)/(free n3)/(free n0)
Execute: (move_truck_to_initial n1 n0)

If holds: (car_at n0)/(free n2)/(tire_at t1 n1)/(free n3)/(free n1)/(free n0)/(truck_at n0)/(not_flattire)/(free ng)
Execute: (move_car_spiky n0 n1)

If holds: (free n2)/(tire_at t1 n1)/(free n3)/(free n0)/(truck_at n0)/(not_flattire)/(car_at n1)/(free ng)
Execute: (move_car_normal n1 n2)

If holds: (free n2)/(tire_at t1 n1)/(free n3)/(free n0)/(truck_at n0)/(car_at n1)/(free ng)/(not_flattire_0)
Execute: (fix n1 t1)

If holds: (not_flattire)/(car_at n1)/(free ng)/(free n2)/(free n3)/(free n0)/(truck_at n0)
Execute: (move_car_normal n1 n2)

If holds: (not_flattire)/(free ng)/(car_at n2)/(free n3)/(free n1)/(free n0)/(truck_at n0)
Execute: (move_car_normal n2 n3)

If holds: (not_flattire)/(car_at n3)/(free ng)/(free n2)/(free n1)/(free n0)/(truck_at n0)
Execute: (move_car_normal n3 ng)

If holds: (not_flattire)/(free ng)/(car_at n2)/(tire_at t1 n1)/(free n3)/(free n1)/(free n0)/(truck_at n0)
Execute: (move_car_normal n2 n3)

If holds: (not_flattire)/(car_at n3)/(free ng)/(free n2)/(tire_at t1 n1)/(free n1)/(free n0)/(truck_at n0)
Execute: (move_car_normal n3 ng)

