If holds: (free n3)/(free ng)/(not_flattire)/(free n0)/(free n2)/(free n1)/(tire_at t1 n0)/(car_at n0)/(truck_at n0)
Execute: (loadtire n0 t1)

If holds: (free n3)/(free ng)/(not_flattire)/(free n0)/(free n2)/(free n1)/(car_at n0)/(loaded t1)/(truck_at n0)
Execute: (move_truck n0 n1)

If holds: (free ng)/(free n3)/(not_flattire)/(free n0)/(free n2)/(car_at n0)/(loaded t1)/(truck_at n1)
Execute: (move_truck n1 n2)

If holds: (car_at n0)/(free n3)/(free ng)/(not_flattire)/(loaded t1)/(free n0)/(truck_at n2)/(free n1)
Execute: (droptire n2 t1)

If holds: (car_at n0)/(free n3)/(free ng)/(not_flattire)/(tire_at t1 n2)/(free n0)/(truck_at n2)/(free n1)
Execute: (move_truck n2 n1)

If holds: (car_at n0)/(free n3)/(tire_at t1 n2)/(not_flattire)/(free ng)/(truck_at n1)/(free n0)/(free n2)
Execute: (move_truck_to_initial n1 n0)

If holds: (free n3)/(tire_at t1 n2)/(not_flattire)/(free ng)/(free n0)/(free n2)/(free n1)/(car_at n0)/(truck_at n0)
Execute: (move_car_normal n0 n1)

If holds: (free ng)/(free n3)/(tire_at t1 n2)/(not_flattire)/(free n0)/(free n2)/(car_at n1)/(truck_at n0)
Execute: (move_car_spiky n1 n2)

If holds: (car_at n2)/(free n3)/(free ng)/(tire_at t1 n2)/(not_flattire_0)/(free n0)/(truck_at n0)/(free n1)
Execute: (fix n2 t1)

If holds: (car_at n2)/(free ng)/(free n3)/(not_flattire)/(free n0)/(truck_at n0)/(free n1)
Execute: (move_car_normal n2 n3)

If holds: (truck_at n0)/(car_at n2)/(free n3)/(free ng)/(tire_at t1 n2)/(free n0)/(not_flattire)/(free n1)
Execute: (move_car_normal n2 n3)

If holds: (free n2)/(car_at n3)/(free ng)/(tire_at t1 n2)/(not_flattire)/(free n0)/(truck_at n0)/(free n1)
Execute: (move_car_normal n3 ng)

If holds: (free n2)/(car_at n3)/(free ng)/(not_flattire)/(free n0)/(truck_at n0)/(free n1)
Execute: (move_car_normal n3 ng)

