If holds: (spare_in n15)/(vehicle_at n25)/(spare_in n5)/(spare_in n8)/(spare_in n11)/(spare_in n28)/(spare_in n9)/(spare_in n18)/(spare_in n24)/(spare_in n23)/(spare_in n16)/(spare_in n17)/(spare_in n4)/(not_flattire)/(spare_in n7)/(spare_in n2)/(spare_in n0)/(spare_in n20)
Execute: (move_car n25 n15)

If holds: (spare_in n28)/(spare_in n5)/(spare_in n9)/(spare_in n18)/(spare_in n24)/(spare_in n16)/(spare_in n17)/(spare_in n4)/(vehicle_at n15)/(spare_in n15)/(spare_in n8)/(spare_in n11)/(spare_in n23)/(not_flattire)/(spare_in n7)/(spare_in n2)/(spare_in n0)/(spare_in n20)
Execute: (move_car n15 n17)

If holds: (spare_in n28)/(spare_in n5)/(spare_in n18)/(spare_in n24)/(spare_in n16)/(spare_in n17)/(spare_in n4)/(vehicle_at n17)/(spare_in n15)/(spare_in n8)/(spare_in n11)/(spare_in n23)/(not_flattire)/(spare_in n9)/(spare_in n7)/(spare_in n2)/(spare_in n0)/(spare_in n20)
Execute: (move_car n17 n22)

If holds: (spare_in n28)/(spare_in n5)/(spare_in n18)/(spare_in n24)/(spare_in n16)/(spare_in n17)/(spare_in n4)/(vehicle_at n15)/(spare_in n15)/(spare_in n8)/(spare_in n11)/(spare_in n23)/(spare_in n9)/(spare_in n7)/(spare_in n2)/(spare_in n0)/(spare_in n20)
Execute: (loadtire n15)

If holds: (spare_in n28)/(spare_in n5)/(spare_in n18)/(spare_in n24)/(spare_in n16)/(spare_in n17)/(spare_in n4)/(vehicle_at n17)/(spare_in n15)/(spare_in n8)/(spare_in n11)/(spare_in n23)/(spare_in n9)/(spare_in n7)/(spare_in n2)/(spare_in n0)/(spare_in n20)
Execute: (loadtire n17)

If holds: (spare_in n28)/(spare_in n5)/(spare_in n18)/(hasspare)/(spare_in n24)/(spare_in n16)/(spare_in n4)/(vehicle_at n17)/(spare_in n15)/(spare_in n8)/(spare_in n11)/(spare_in n23)/(spare_in n9)/(spare_in n7)/(spare_in n2)/(spare_in n0)/(spare_in n20)
Execute: (changetire)

If holds: (spare_in n28)/(spare_in n5)/(spare_in n18)/(spare_in n24)/(spare_in n16)/(spare_in n4)/(vehicle_at n17)/(spare_in n15)/(spare_in n8)/(spare_in n11)/(spare_in n23)/(not_flattire)/(spare_in n9)/(spare_in n7)/(spare_in n2)/(spare_in n0)/(spare_in n20)
Execute: (move_car n17 n22)

If holds: (spare_in n28)/(spare_in n5)/(spare_in n18)/(hasspare)/(spare_in n24)/(spare_in n16)/(spare_in n17)/(spare_in n4)/(vehicle_at n15)/(spare_in n8)/(spare_in n11)/(spare_in n23)/(spare_in n9)/(spare_in n7)/(spare_in n2)/(spare_in n0)/(spare_in n20)
Execute: (changetire)

If holds: (spare_in n28)/(spare_in n5)/(spare_in n18)/(spare_in n24)/(spare_in n16)/(spare_in n17)/(spare_in n4)/(vehicle_at n15)/(spare_in n8)/(spare_in n11)/(spare_in n23)/(not_flattire)/(spare_in n9)/(spare_in n7)/(spare_in n2)/(spare_in n0)/(spare_in n20)
Execute: (move_car n15 n17)

If holds: (vehicle_at n17)/(spare_in n28)/(spare_in n5)/(spare_in n8)/(spare_in n11)/(spare_in n18)/(spare_in n24)/(spare_in n23)/(spare_in n16)/(spare_in n17)/(spare_in n4)/(spare_in n9)/(spare_in n7)/(spare_in n2)/(spare_in n0)/(spare_in n20)
Execute: (loadtire n17)

If holds: (vehicle_at n17)/(spare_in n28)/(spare_in n5)/(spare_in n8)/(spare_in n11)/(spare_in n18)/(hasspare)/(spare_in n24)/(spare_in n23)/(spare_in n16)/(spare_in n4)/(spare_in n9)/(spare_in n7)/(spare_in n2)/(spare_in n0)/(spare_in n20)
Execute: (changetire)

If holds: (vehicle_at n17)/(spare_in n28)/(spare_in n5)/(spare_in n8)/(spare_in n11)/(spare_in n18)/(spare_in n24)/(spare_in n23)/(spare_in n16)/(spare_in n4)/(not_flattire)/(spare_in n9)/(spare_in n7)/(spare_in n2)/(spare_in n0)/(spare_in n20)
Execute: (move_car n17 n22)

If holds: (spare_in n28)/(spare_in n5)/(spare_in n9)/(spare_in n18)/(spare_in n24)/(spare_in n16)/(spare_in n17)/(spare_in n4)/(vehicle_at n17)/(spare_in n8)/(spare_in n11)/(spare_in n23)/(not_flattire)/(spare_in n7)/(spare_in n2)/(spare_in n0)/(spare_in n20)
Execute: (move_car n17 n22)

