If holds: (emptyhand)/(on_table b4)/(on_table b3)/(clear b2)/(on b2 b1)/(on b1 b3)/(clear b5)/(on b5 b4)
Execute: (init_pick_up b2 b1)

If holds: (on_table b4)/(on_table b3)/(on b1 b3)/(at_ b2 l0)/(clear b5)/(clear b1)/(on b5 b4)
Execute: (move b2 l0 l1)

If holds: (on_table b4)/(on_table b3)/(on b1 b3)/(at_ b2 l1)/(clear b5)/(clear b1)/(on b5 b4)
Execute: (move b2 l1 l10)

If holds: (on_table b4)/(on_table b3)/(on b1 b3)/(at_ b2 l10)/(clear b5)/(clear b1)/(on b5 b4)
Execute: (pick_up b2)

If holds: (holding b2)/(on_table b4)/(on_table b3)/(on b1 b3)/(clear b5)/(clear b1)/(on b5 b4)
Execute: (put_down b2)

If holds: (on_table b4)/(on_table b3)/(on b1 b3)/(faulty b2 l1)/(clear b5)/(clear b1)/(on b5 b4)
Execute: (fix b2 l1)

If holds: (emptyhand)/(on_table b4)/(on_table b3)/(clear b1)/(clear b2)/(on_table b2)/(on b1 b3)/(clear b5)/(on b5 b4)
Execute: (init_pick_up b1 b3)

If holds: (on_table b4)/(on_table b3)/(on b1 b3)/(faulty b2 l10)/(clear b5)/(clear b1)/(on b5 b4)
Execute: (fix b2 l10)

If holds: (on_table b4)/(clear b3)/(at_ b1 l0)/(on_table b3)/(on_table b2)/(clear b5)/(on b5 b4)/(clear b2)
Execute: (move b1 l0 l1)

If holds: (on_table b4)/(clear b3)/(on_table b3)/(on_table b2)/(at_ b1 l1)/(clear b5)/(on b5 b4)/(clear b2)
Execute: (move b1 l1 l10)

If holds: (on_table b4)/(clear b3)/(at_ b1 l10)/(on_table b3)/(on_table b2)/(clear b5)/(on b5 b4)/(clear b2)
Execute: (pick_up b1)

If holds: (on_table b4)/(clear b3)/(on_table b3)/(on_table b2)/(holding b1)/(clear b5)/(on b5 b4)/(clear b2)
Execute: (put_down b1)

If holds: (on_table b4)/(clear b3)/(faulty b1 l1)/(on_table b3)/(on_table b2)/(clear b5)/(on b5 b4)/(clear b2)
Execute: (fix b1 l1)

If holds: (on_table b4)/(faulty b1 l10)/(clear b3)/(on_table b3)/(on_table b2)/(clear b5)/(on b5 b4)/(clear b2)
Execute: (fix b1 l10)

If holds: (emptyhand)/(on_table b4)/(on_table b3)/(clear b1)/(clear b2)/(clear b3)/(on_table b1)/(on_table b2)/(clear b5)/(on b5 b4)
Execute: (init_pick_up b5 b4)

If holds: (on_table b4)/(on_table b3)/(clear b1)/(at_ b5 l0)/(clear b2)/(clear b3)/(on_table b1)/(on_table b2)/(clear b4)
Execute: (move b5 l0 l1)

If holds: (on_table b4)/(on_table b3)/(clear b1)/(clear b2)/(at_ b5 l1)/(clear b3)/(on_table b1)/(on_table b2)/(clear b4)
Execute: (move b5 l1 l10)

If holds: (on_table b4)/(on_table b3)/(clear b1)/(clear b2)/(clear b3)/(on_table b1)/(on_table b2)/(clear b4)/(at_ b5 l10)
Execute: (pick_up b5)

If holds: (on_table b4)/(on_table b3)/(holding b5)/(clear b1)/(clear b2)/(clear b3)/(on_table b1)/(on_table b2)/(clear b4)
Execute: (put_down b5)

If holds: (on_table b4)/(on_table b3)/(clear b1)/(clear b2)/(clear b3)/(on_table b1)/(on_table b2)/(clear b4)/(faulty b5 l1)
Execute: (fix b5 l1)

If holds: (on_table b4)/(on_table b3)/(clear b1)/(clear b2)/(faulty b5 l10)/(clear b3)/(on_table b1)/(on_table b2)/(clear b4)
Execute: (fix b5 l10)

