If holds: (on_table b2)/(on b3 b5)/(emptyhand)/(on_table b1)/(clear b4)/(clear b3)/(on b5 b1)/(on b4 b2)
Execute: (init_pick_up b3 b5)

If holds: (on_table b2)/(on_table b1)/(clear b4)/(clear b5)/(at_ b3 l0)/(on b5 b1)/(on b4 b2)
Execute: (move b3 l0 l1)

If holds: (on_table b2)/(on_table b1)/(clear b4)/(at_ b3 l1)/(clear b5)/(on b5 b1)/(on b4 b2)
Execute: (move b3 l1 l10)

If holds: (on_table b2)/(on_table b1)/(clear b4)/(at_ b3 l10)/(clear b5)/(on b5 b1)/(on b4 b2)
Execute: (pick_up b3)

If holds: (on_table b2)/(holding b3)/(on_table b1)/(clear b4)/(clear b5)/(on b5 b1)/(on b4 b2)
Execute: (put_down b3)

If holds: (on_table b2)/(emptyhand)/(on_table b3)/(on_table b1)/(clear b4)/(clear b5)/(clear b3)/(on b5 b1)/(on b4 b2)
Execute: (init_pick_up b5 b1)

If holds: (on_table b2)/(on_table b1)/(clear b4)/(faulty b3 l1)/(clear b5)/(on b5 b1)/(on b4 b2)
Execute: (fix b3 l1)

If holds: (on_table b2)/(on_table b1)/(faulty b3 l10)/(clear b4)/(clear b5)/(on b5 b1)/(on b4 b2)
Execute: (fix b3 l10)

If holds: (on_table b2)/(on_table b3)/(on_table b1)/(at_ b5 l0)/(clear b4)/(clear b3)/(clear b1)/(on b4 b2)
Execute: (move b5 l0 l1)

If holds: (on_table b2)/(on_table b3)/(at_ b5 l1)/(on_table b1)/(clear b4)/(clear b3)/(clear b1)/(on b4 b2)
Execute: (move b5 l1 l10)

If holds: (on_table b2)/(on_table b3)/(at_ b5 l10)/(on_table b1)/(clear b4)/(clear b3)/(clear b1)/(on b4 b2)
Execute: (pick_up b5)

If holds: (on_table b2)/(on_table b3)/(holding b5)/(on_table b1)/(clear b4)/(clear b3)/(clear b1)/(on b4 b2)
Execute: (put_down b5)

If holds: (on_table b2)/(on_table b3)/(faulty b5 l10)/(on_table b1)/(clear b4)/(clear b3)/(clear b1)/(on b4 b2)
Execute: (fix b5 l10)

If holds: (on_table b2)/(emptyhand)/(on_table b3)/(on_table b1)/(clear b4)/(clear b5)/(clear b3)/(on_table b5)/(clear b1)/(on b4 b2)
Execute: (init_pick_up b4 b2)

If holds: (on_table b2)/(at_ b4 l0)/(clear b2)/(on_table b3)/(on_table b1)/(clear b5)/(clear b3)/(on_table b5)/(clear b1)
Execute: (move b4 l0 l1)

If holds: (on_table b2)/(on_table b3)/(on_table b1)/(clear b4)/(faulty b5 l1)/(clear b3)/(clear b1)/(on b4 b2)
Execute: (fix b5 l1)

If holds: (on_table b2)/(at_ b4 l1)/(clear b2)/(on_table b3)/(on_table b1)/(clear b5)/(clear b3)/(on_table b5)/(clear b1)
Execute: (move b4 l1 l10)

If holds: (on_table b2)/(clear b2)/(on_table b3)/(at_ b4 l10)/(on_table b1)/(clear b5)/(clear b3)/(on_table b5)/(clear b1)
Execute: (pick_up b4)

If holds: (on_table b2)/(faulty b4 l1)/(clear b2)/(on_table b3)/(on_table b1)/(clear b5)/(clear b3)/(on_table b5)/(clear b1)
Execute: (fix b4 l1)

If holds: (on_table b2)/(clear b2)/(holding b4)/(on_table b3)/(on_table b1)/(clear b5)/(clear b3)/(on_table b5)/(clear b1)
Execute: (put_down b4)

If holds: (on_table b2)/(clear b2)/(on_table b3)/(on_table b1)/(faulty b4 l10)/(clear b5)/(clear b3)/(on_table b5)/(clear b1)
Execute: (fix b4 l10)

