If holds: (emptyhand)/(clear b5)/(on b2 b4)/(clear b1)/(on_table b1)/(clear b3)/(on_table b4)/(on b3 b2)/(on_table b5)
Execute: (init_pick_up b3 b2)

If holds: (at_ b3 l0)/(on_table b1)/(on_table b5)/(clear b2)/(clear b5)/(on_table b4)/(on b2 b4)/(clear b1)
Execute: (move b3 l0 l1)

If holds: (on_table b4)/(on_table b1)/(on_table b5)/(clear b2)/(clear b5)/(on b2 b4)/(at_ b3 l1)/(clear b1)
Execute: (move b3 l1 l10)

If holds: (on_table b4)/(at_ b3 l10)/(on_table b1)/(on_table b5)/(clear b2)/(clear b5)/(on b2 b4)/(clear b1)
Execute: (pick_up b3)

If holds: (on_table b4)/(on_table b1)/(on_table b5)/(clear b2)/(clear b5)/(on b2 b4)/(holding b3)/(clear b1)
Execute: (put_down b3)

If holds: (on_table b4)/(on_table b1)/(on_table b5)/(clear b2)/(clear b5)/(on b2 b4)/(faulty b3 l10)/(clear b1)
Execute: (fix b3 l10)

If holds: (emptyhand)/(clear b2)/(clear b5)/(on b2 b4)/(clear b1)/(on_table b3)/(clear b3)/(on_table b5)/(on_table b4)/(on_table b1)
Execute: (init_pick_up b2 b4)

If holds: (clear b5)/(clear b1)/(on_table b3)/(at_ b2 l0)/(clear b3)/(on_table b5)/(on_table b4)/(clear b4)/(on_table b1)
Execute: (move b2 l0 l1)

If holds: (on_table b4)/(faulty b3 l1)/(on_table b1)/(on_table b5)/(clear b2)/(clear b5)/(on b2 b4)/(clear b1)
Execute: (fix b3 l1)

If holds: (at_ b2 l1)/(clear b5)/(clear b1)/(on_table b1)/(on_table b3)/(clear b3)/(on_table b4)/(clear b4)/(on_table b5)
Execute: (move b2 l1 l10)

If holds: (clear b5)/(clear b1)/(on_table b3)/(clear b3)/(at_ b2 l10)/(on_table b5)/(on_table b4)/(clear b4)/(on_table b1)
Execute: (pick_up b2)

If holds: (clear b5)/(clear b1)/(on_table b1)/(faulty b2 l1)/(on_table b3)/(clear b3)/(on_table b4)/(clear b4)/(on_table b5)
Execute: (fix b2 l1)

If holds: (clear b5)/(holding b2)/(clear b1)/(on_table b1)/(on_table b3)/(clear b3)/(on_table b4)/(clear b4)/(on_table b5)
Execute: (put_down b2)

If holds: (clear b5)/(clear b1)/(on_table b3)/(clear b3)/(faulty b2 l10)/(on_table b5)/(on_table b4)/(clear b4)/(on_table b1)
Execute: (fix b2 l10)

