If holds: (emptyhand)/(on b2 b4)/(on b4 b1)/(on b5 b2)/(on b1 b3)/(on_table b3)/(clear b5)
Execute: (init_pick_up b5 b2)

If holds: (clear b2)/(at_ b5 l0)/(on b1 b3)/(on b2 b4)/(on_table b3)/(on b4 b1)
Execute: (move b5 l0 l1)

If holds: (clear b2)/(on b1 b3)/(on b2 b4)/(on b4 b1)/(on_table b3)/(at_ b5 l1)
Execute: (move b5 l1 l10)

If holds: (at_ b5 l10)/(clear b2)/(on b1 b3)/(on b2 b4)/(on b4 b1)/(on_table b3)
Execute: (pick_up b5)

If holds: (clear b2)/(on b1 b3)/(on b2 b4)/(on b4 b1)/(on_table b3)/(holding b5)
Execute: (put_down b5)

If holds: (faulty b5 l1)/(clear b2)/(on b1 b3)/(on b2 b4)/(on b4 b1)/(on_table b3)
Execute: (fix b5 l1)

If holds: (clear b2)/(emptyhand)/(on b1 b3)/(on b2 b4)/(on b4 b1)/(on_table b3)/(clear b5)/(on_table b5)
Execute: (init_pick_up b2 b4)

If holds: (clear b2)/(faulty b5 l10)/(on b1 b3)/(on b2 b4)/(on b4 b1)/(on_table b3)
Execute: (fix b5 l10)

If holds: (on b1 b3)/(on b4 b1)/(on_table b3)/(clear b5)/(on_table b5)/(clear b4)/(at_ b2 l0)
Execute: (move b2 l0 l1)

If holds: (at_ b2 l1)/(on b1 b3)/(on b4 b1)/(on_table b3)/(clear b5)/(on_table b5)/(clear b4)
Execute: (move b2 l1 l10)

If holds: (on b1 b3)/(on b4 b1)/(on_table b3)/(clear b5)/(on_table b5)/(clear b4)/(at_ b2 l10)
Execute: (pick_up b2)

If holds: (on b1 b3)/(holding b2)/(on b4 b1)/(on_table b3)/(clear b5)/(on_table b5)/(clear b4)
Execute: (put_down b2)

If holds: (on_table b2)/(emptyhand)/(clear b2)/(on b4 b1)/(clear b4)/(on b1 b3)/(on_table b3)/(clear b5)/(on_table b5)
Execute: (init_pick_up b4 b1)

If holds: (on b1 b3)/(on b4 b1)/(on_table b3)/(faulty b2 l10)/(clear b5)/(on_table b5)/(clear b4)
Execute: (fix b2 l10)

If holds: (on b1 b3)/(on b4 b1)/(on_table b3)/(clear b5)/(on_table b5)/(clear b4)/(faulty b2 l1)
Execute: (fix b2 l1)

If holds: (on_table b2)/(clear b2)/(clear b1)/(on b1 b3)/(on_table b3)/(clear b5)/(at_ b4 l0)/(on_table b5)
Execute: (move b4 l0 l1)

If holds: (on_table b2)/(clear b2)/(clear b1)/(on b1 b3)/(at_ b4 l1)/(on_table b3)/(clear b5)/(on_table b5)
Execute: (move b4 l1 l10)

If holds: (on_table b2)/(clear b2)/(clear b1)/(on b1 b3)/(on_table b3)/(clear b5)/(on_table b5)/(at_ b4 l10)
Execute: (pick_up b4)

If holds: (on_table b2)/(clear b2)/(clear b1)/(on b1 b3)/(on_table b3)/(clear b5)/(holding b4)/(on_table b5)
Execute: (put_down b4)

If holds: (on_table b2)/(clear b2)/(clear b1)/(on b1 b3)/(faulty b4 l1)/(on_table b3)/(clear b5)/(on_table b5)
Execute: (fix b4 l1)

If holds: (on_table b2)/(clear b2)/(emptyhand)/(clear b4)/(clear b1)/(on b1 b3)/(on_table b3)/(clear b5)/(on_table b5)/(on_table b4)
Execute: (init_pick_up b1 b3)

If holds: (on_table b2)/(clear b2)/(at_ b1 l0)/(clear b4)/(clear b3)/(on_table b3)/(clear b5)/(on_table b5)/(on_table b4)
Execute: (move b1 l0 l1)

If holds: (on_table b2)/(clear b2)/(clear b4)/(clear b3)/(at_ b1 l1)/(on_table b3)/(clear b5)/(on_table b5)/(on_table b4)
Execute: (move b1 l1 l10)

If holds: (on_table b2)/(clear b2)/(clear b4)/(clear b3)/(on_table b3)/(at_ b1 l10)/(clear b5)/(on_table b5)/(on_table b4)
Execute: (pick_up b1)

If holds: (on_table b2)/(clear b2)/(holding b1)/(clear b4)/(clear b3)/(on_table b3)/(clear b5)/(on_table b5)/(on_table b4)
Execute: (put_down b1)

If holds: (on_table b2)/(clear b2)/(faulty b1 l10)/(clear b4)/(clear b3)/(on_table b3)/(clear b5)/(on_table b5)/(on_table b4)
Execute: (fix b1 l10)

If holds: (on_table b2)/(clear b2)/(clear b4)/(faulty b1 l1)/(clear b3)/(on_table b3)/(clear b5)/(on_table b5)/(on_table b4)
Execute: (fix b1 l1)

If holds: (on_table b2)/(clear b2)/(clear b1)/(on b1 b3)/(on_table b3)/(faulty b4 l10)/(clear b5)/(on_table b5)
Execute: (fix b4 l10)

