If holds: (on b1 b2)/(clear b3)/(on b4 b5)/(emptyhand)/(on_table b5)/(on b2 b4)/(on b3 b1)
Execute: (init_pick_up b3 b1)

If holds: (on b4 b5)/(clear b1)/(on b1 b2)/(on_table b5)/(on b2 b4)/(at_ b3 l0)
Execute: (move b3 l0 l1)

If holds: (on b4 b5)/(clear b1)/(on b1 b2)/(on_table b5)/(on b2 b4)/(at_ b3 l1)
Execute: (move b3 l1 l10)

If holds: (on b4 b5)/(clear b1)/(on b1 b2)/(on_table b5)/(on b2 b4)/(at_ b3 l10)
Execute: (pick_up b3)

If holds: (on b4 b5)/(clear b1)/(on b1 b2)/(on_table b5)/(on b2 b4)/(holding b3)
Execute: (put_down b3)

If holds: (emptyhand)/(on b4 b5)/(clear b1)/(on b1 b2)/(clear b3)/(on_table b5)/(on b2 b4)/(on_table b3)
Execute: (init_pick_up b1 b2)

If holds: (on b4 b5)/(clear b1)/(on b1 b2)/(faulty b3 l1)/(on_table b5)/(on b2 b4)
Execute: (fix b3 l1)

If holds: (on b4 b5)/(clear b1)/(on b1 b2)/(on_table b5)/(on b2 b4)/(faulty b3 l10)
Execute: (fix b3 l10)

If holds: (clear b3)/(on b4 b5)/(clear b2)/(on_table b5)/(at_ b1 l0)/(on b2 b4)/(on_table b3)
Execute: (move b1 l0 l1)

If holds: (clear b3)/(on b4 b5)/(clear b2)/(at_ b1 l1)/(on_table b5)/(on b2 b4)/(on_table b3)
Execute: (move b1 l1 l10)

If holds: (clear b3)/(on b4 b5)/(clear b2)/(at_ b1 l10)/(on_table b5)/(on b2 b4)/(on_table b3)
Execute: (pick_up b1)

If holds: (clear b3)/(on b4 b5)/(clear b2)/(holding b1)/(on_table b5)/(on b2 b4)/(on_table b3)
Execute: (put_down b1)

If holds: (on_table b3)/(clear b3)/(on b4 b5)/(clear b2)/(emptyhand)/(clear b1)/(on_table b5)/(on_table b1)/(on b2 b4)
Execute: (init_pick_up b2 b4)

If holds: (clear b3)/(on b4 b5)/(clear b2)/(faulty b1 l10)/(on_table b5)/(on b2 b4)/(on_table b3)
Execute: (fix b1 l10)

If holds: (clear b3)/(on b4 b5)/(clear b2)/(faulty b1 l1)/(on_table b5)/(on b2 b4)/(on_table b3)
Execute: (fix b1 l1)

If holds: (clear b3)/(on b4 b5)/(clear b1)/(on_table b1)/(at_ b2 l0)/(on_table b5)/(clear b4)/(on_table b3)
Execute: (move b2 l0 l1)

If holds: (clear b3)/(on b4 b5)/(clear b1)/(on_table b1)/(at_ b2 l1)/(on_table b5)/(clear b4)/(on_table b3)
Execute: (move b2 l1 l10)

If holds: (clear b3)/(on b4 b5)/(clear b1)/(on_table b1)/(on_table b5)/(clear b4)/(at_ b2 l10)/(on_table b3)
Execute: (pick_up b2)

If holds: (clear b3)/(on b4 b5)/(clear b1)/(on_table b1)/(holding b2)/(on_table b5)/(clear b4)/(on_table b3)
Execute: (put_down b2)

If holds: (clear b3)/(on b4 b5)/(clear b1)/(on_table b1)/(faulty b2 l10)/(on_table b5)/(clear b4)/(on_table b3)
Execute: (fix b2 l10)

If holds: (on_table b3)/(clear b3)/(on b4 b5)/(clear b1)/(on_table b1)/(emptyhand)/(on_table b5)/(clear b2)/(on_table b2)/(clear b4)
Execute: (init_pick_up b4 b5)

If holds: (on_table b3)/(clear b3)/(clear b1)/(clear b2)/(on_table b1)/(on_table b5)/(on_table b2)/(clear b5)/(at_ b4 l0)
Execute: (move b4 l0 l1)

If holds: (clear b3)/(on b4 b5)/(clear b1)/(on_table b1)/(faulty b2 l1)/(on_table b5)/(clear b4)/(on_table b3)
Execute: (fix b2 l1)

If holds: (at_ b4 l1)/(on_table b3)/(clear b3)/(clear b1)/(clear b2)/(on_table b1)/(on_table b5)/(on_table b2)/(clear b5)
Execute: (move b4 l1 l10)

If holds: (on_table b3)/(clear b3)/(clear b1)/(clear b2)/(on_table b1)/(at_ b4 l10)/(on_table b5)/(on_table b2)/(clear b5)
Execute: (pick_up b4)

If holds: (on_table b3)/(clear b3)/(clear b1)/(clear b2)/(on_table b1)/(on_table b5)/(on_table b2)/(holding b4)/(clear b5)
Execute: (put_down b4)

If holds: (faulty b4 l10)/(on_table b3)/(clear b3)/(clear b1)/(clear b2)/(on_table b1)/(on_table b5)/(on_table b2)/(clear b5)
Execute: (fix b4 l10)

If holds: (on_table b3)/(clear b3)/(clear b1)/(clear b2)/(on_table b1)/(on_table b5)/(on_table b2)/(clear b5)/(faulty b4 l1)
Execute: (fix b4 l1)

