If holds: (free n1)/(tire_at t1 n0)/(free n0)/(tire_at t3 n0)/(tire_at t2 n0)/(free n2)/(free ng)/(truck_at n0)/(free n3)/(tire_at t4 n0)/(car_at n0)/(not_flattire)
Execute: (loadtire n0 t1)

If holds: (tire_at t2 n0)/(tire_at t3 n0)/(free n0)/(free ng)/(truck_at n0)/(free n2)/(tire_at t4 n0)/(loaded t1)/(free n3)/(free n1)/(car_at n0)/(not_flattire)
Execute: (move_truck n0 n1)

If holds: (tire_at t2 n0)/(tire_at t3 n0)/(free n0)/(free ng)/(loaded t1)/(free n2)/(truck_at n1)/(free n3)/(tire_at t4 n0)/(car_at n0)/(not_flattire)
Execute: (move_truck n1 n2)

If holds: (tire_at t2 n0)/(free ng)/(free n0)/(loaded t1)/(tire_at t3 n0)/(free n1)/(free n3)/(truck_at n2)/(tire_at t4 n0)/(car_at n0)/(not_flattire)
Execute: (droptire n2 t1)

If holds: (tire_at t2 n0)/(free ng)/(free n0)/(tire_at t3 n0)/(tire_at t4 n0)/(tire_at t1 n2)/(free n3)/(truck_at n2)/(free n1)/(car_at n0)/(not_flattire)
Execute: (move_truck n2 n1)

If holds: (tire_at t2 n0)/(tire_at t3 n0)/(free n0)/(free ng)/(tire_at t1 n2)/(free n2)/(truck_at n1)/(free n3)/(tire_at t4 n0)/(car_at n0)/(not_flattire)
Execute: (move_truck_to_initial n1 n0)

If holds: (tire_at t2 n0)/(tire_at t3 n0)/(free n0)/(free ng)/(tire_at t1 n2)/(free n2)/(free n1)/(truck_at n0)/(free n3)/(tire_at t4 n0)/(car_at n0)/(not_flattire)
Execute: (move_car_normal n0 n1)

If holds: (tire_at t2 n0)/(tire_at t3 n0)/(free n0)/(free ng)/(tire_at t1 n2)/(free n2)/(truck_at n0)/(free n3)/(car_at n1)/(tire_at t4 n0)/(not_flattire)
Execute: (move_car_spiky n1 n2)

If holds: (tire_at t2 n0)/(free ng)/(free n0)/(tire_at t1 n2)/(tire_at t3 n0)/(truck_at n0)/(free n1)/(free n3)/(car_at n2)/(tire_at t4 n0)/(not_flattire)
Execute: (move_car_normal n2 n3)

If holds: (car_at n3)/(tire_at t2 n0)/(tire_at t3 n0)/(free n0)/(tire_at t1 n2)/(free ng)/(truck_at n0)/(tire_at t4 n0)/(free n2)/(free n1)/(not_flattire)
Execute: (move_car_normal n3 ng)

If holds: (tire_at t2 n0)/(free ng)/(free n0)/(tire_at t1 n2)/(tire_at t3 n0)/(truck_at n0)/(free n1)/(free n3)/(car_at n2)/(not_flattire_0)/(tire_at t4 n0)
Execute: (fix n2 t1)

If holds: (tire_at t2 n0)/(tire_at t3 n0)/(free n0)/(truck_at n0)/(free ng)/(tire_at t4 n0)/(free n3)/(car_at n2)/(free n1)/(not_flattire)
Execute: (move_car_normal n2 n3)

If holds: (car_at n3)/(tire_at t2 n0)/(free ng)/(free n0)/(truck_at n0)/(tire_at t3 n0)/(free n1)/(free n2)/(tire_at t4 n0)/(not_flattire)
Execute: (move_car_normal n3 ng)

