If holds: (free n4)/(free n2)/(free n1)/(free n0)/(car_at n0)/(free n3)/(truck_at n0)/(free ng)/(not_flattire)/(tire_at t1 n0)
Execute: (loadtire n0 t1)

If holds: (free n4)/(free n2)/(free n1)/(free n0)/(loaded t1)/(car_at n0)/(free n3)/(truck_at n0)/(free ng)/(not_flattire)
Execute: (move_truck n0 n1)

If holds: (free n4)/(free n2)/(free n0)/(loaded t1)/(truck_at n1)/(car_at n0)/(free n3)/(free ng)/(not_flattire)
Execute: (move_truck n1 n2)

If holds: (free n4)/(free n1)/(free n0)/(loaded t1)/(car_at n0)/(free n3)/(truck_at n2)/(free ng)/(not_flattire)
Execute: (move_truck n2 n3)

If holds: (free n4)/(free n2)/(free n1)/(free n0)/(loaded t1)/(truck_at n3)/(car_at n0)/(free ng)/(not_flattire)
Execute: (droptire n3 t1)

If holds: (free n4)/(free n2)/(free n1)/(free n0)/(truck_at n3)/(tire_at t1 n3)/(car_at n0)/(free ng)/(not_flattire)
Execute: (move_truck n3 n2)

If holds: (free n4)/(free n1)/(free n0)/(tire_at t1 n3)/(car_at n0)/(free n3)/(truck_at n2)/(free ng)/(not_flattire)
Execute: (move_truck n2 n1)

If holds: (free n4)/(free n2)/(free n0)/(tire_at t1 n3)/(truck_at n1)/(car_at n0)/(free n3)/(free ng)/(not_flattire)
Execute: (move_truck_to_initial n1 n0)

If holds: (free n4)/(free n2)/(free n1)/(free n0)/(tire_at t1 n3)/(car_at n0)/(free n3)/(truck_at n0)/(free ng)/(not_flattire)
Execute: (move_car_normal n0 n1)

If holds: (free n4)/(free n2)/(free n0)/(tire_at t1 n3)/(free n3)/(car_at n1)/(truck_at n0)/(free ng)/(not_flattire)
Execute: (move_car_normal n1 n2)

If holds: (free n4)/(free n1)/(free n0)/(car_at n2)/(tire_at t1 n3)/(free n3)/(truck_at n0)/(free ng)/(not_flattire)
Execute: (move_car_spiky n2 n3)

If holds: (free n4)/(free n2)/(free n1)/(free n0)/(tire_at t1 n3)/(truck_at n0)/(free ng)/(not_flattire)/(car_at n3)
Execute: (move_car_normal n3 n4)

If holds: (free n2)/(free n1)/(free n0)/(tire_at t1 n3)/(free n3)/(truck_at n0)/(free ng)/(not_flattire)/(car_at n4)
Execute: (move_car_normal n4 ng)

If holds: (free n4)/(free n2)/(free n1)/(free n0)/(tire_at t1 n3)/(not_flattire_0)/(truck_at n0)/(free ng)/(car_at n3)
Execute: (fix n3 t1)

If holds: (free n4)/(free n2)/(free n1)/(free n0)/(truck_at n0)/(free ng)/(not_flattire)/(car_at n3)
Execute: (move_car_normal n3 n4)

If holds: (free n2)/(free n1)/(free n3)/(free n0)/(truck_at n0)/(free ng)/(not_flattire)/(car_at n4)
Execute: (move_car_normal n4 ng)

