If holds: (free n2)/(free ng)/(free n1)/(tire_at t3 n0)/(free n3)/(tire_at t2 n0)/(truck_at n0)/(free n4)/(tire_at t4 n0)/(free n0)/(tire_at t1 n0)/(not_flattire)/(car_at n0)
Execute: (loadtire n0 t2)

If holds: (free n2)/(free ng)/(not_flattire)/(loaded t2)/(tire_at t3 n0)/(free n3)/(free n4)/(truck_at n0)/(tire_at t4 n0)/(free n0)/(tire_at t1 n0)/(free n1)/(car_at n0)
Execute: (move_truck n0 n1)

If holds: (free n2)/(free ng)/(loaded t2)/(tire_at t3 n0)/(free n3)/(free n4)/(tire_at t4 n0)/(truck_at n1)/(free n0)/(tire_at t1 n0)/(not_flattire)/(car_at n0)
Execute: (move_truck n1 n2)

If holds: (free ng)/(free n1)/(loaded t2)/(tire_at t3 n0)/(free n3)/(free n4)/(tire_at t4 n0)/(free n0)/(tire_at t1 n0)/(not_flattire)/(truck_at n2)/(car_at n0)
Execute: (droptire n2 t2)

If holds: (not_flattire)/(free ng)/(tire_at t2 n2)/(tire_at t3 n0)/(free n3)/(free n4)/(tire_at t4 n0)/(free n0)/(tire_at t1 n0)/(free n1)/(truck_at n2)/(car_at n0)
Execute: (move_truck n2 n1)

If holds: (free n2)/(free ng)/(tire_at t2 n2)/(tire_at t3 n0)/(free n3)/(free n4)/(tire_at t4 n0)/(truck_at n1)/(free n0)/(tire_at t1 n0)/(not_flattire)/(car_at n0)
Execute: (move_truck_to_initial n1 n0)

If holds: (free n2)/(free ng)/(tire_at t2 n2)/(free n1)/(tire_at t3 n0)/(free n3)/(free n4)/(truck_at n0)/(tire_at t4 n0)/(free n0)/(tire_at t1 n0)/(not_flattire)/(car_at n0)
Execute: (move_car_normal n0 n1)

If holds: (free n2)/(free ng)/(tire_at t2 n2)/(car_at n1)/(tire_at t3 n0)/(free n3)/(free n4)/(truck_at n0)/(tire_at t4 n0)/(free n0)/(tire_at t1 n0)/(not_flattire)
Execute: (move_car_spiky n1 n2)

If holds: (free ng)/(tire_at t2 n2)/(free n1)/(tire_at t3 n0)/(free n3)/(free n4)/(truck_at n0)/(tire_at t4 n0)/(free n0)/(tire_at t1 n0)/(not_flattire)/(car_at n2)
Execute: (move_car_normal n2 n3)

If holds: (not_flattire)/(free ng)/(tire_at t2 n2)/(free n2)/(car_at n3)/(tire_at t3 n0)/(free n4)/(truck_at n0)/(tire_at t4 n0)/(free n0)/(tire_at t1 n0)/(free n1)
Execute: (move_car_normal n3 n4)

If holds: (free n2)/(free ng)/(tire_at t2 n2)/(free n1)/(car_at n4)/(tire_at t3 n0)/(free n3)/(truck_at n0)/(tire_at t4 n0)/(free n0)/(tire_at t1 n0)/(not_flattire)
Execute: (move_car_normal n4 ng)

If holds: (free ng)/(tire_at t2 n2)/(tire_at t3 n0)/(free n3)/(free n4)/(truck_at n0)/(not_flattire_0)/(tire_at t4 n0)/(free n0)/(tire_at t1 n0)/(free n1)/(car_at n2)
Execute: (fix n2 t2)

If holds: (not_flattire)/(free ng)/(tire_at t3 n0)/(free n3)/(free n4)/(truck_at n0)/(tire_at t4 n0)/(free n0)/(tire_at t1 n0)/(free n1)/(car_at n2)
Execute: (move_car_normal n2 n3)

If holds: (free n2)/(free ng)/(free n1)/(car_at n3)/(tire_at t3 n0)/(free n4)/(truck_at n0)/(tire_at t4 n0)/(free n0)/(tire_at t1 n0)/(not_flattire)
Execute: (move_car_normal n3 n4)

If holds: (free n2)/(free ng)/(not_flattire)/(car_at n4)/(tire_at t3 n0)/(free n3)/(truck_at n0)/(tire_at t4 n0)/(free n0)/(tire_at t1 n0)/(free n1)
Execute: (move_car_normal n4 ng)

