If holds: (free n2)/(free ng)/(truck_at n0)/(car_at n0)/(free n4)/(free n1)/(free n5)/(tire_at t1 n0)/(not_flattire)/(free n0)/(free n3)
Execute: (loadtire n0 t1)

If holds: (free n2)/(free ng)/(loaded t1)/(truck_at n0)/(car_at n0)/(free n4)/(free n1)/(free n5)/(not_flattire)/(free n0)/(free n3)
Execute: (move_truck n0 n1)

If holds: (free n2)/(free ng)/(loaded t1)/(truck_at n1)/(car_at n0)/(free n4)/(free n5)/(not_flattire)/(free n0)/(free n3)
Execute: (move_truck n1 n2)

If holds: (free ng)/(loaded t1)/(car_at n0)/(free n4)/(free n1)/(free n5)/(truck_at n2)/(not_flattire)/(free n0)/(free n3)
Execute: (droptire n2 t1)

If holds: (free ng)/(tire_at t1 n2)/(car_at n0)/(free n4)/(free n1)/(free n5)/(truck_at n2)/(not_flattire)/(free n0)/(free n3)
Execute: (move_truck n2 n1)

If holds: (free n2)/(free ng)/(tire_at t1 n2)/(truck_at n1)/(car_at n0)/(free n4)/(free n5)/(not_flattire)/(free n0)/(free n3)
Execute: (move_truck_to_initial n1 n0)

If holds: (free n2)/(free ng)/(tire_at t1 n2)/(truck_at n0)/(car_at n0)/(free n4)/(free n1)/(free n5)/(not_flattire)/(free n0)/(free n3)
Execute: (move_car_normal n0 n1)

If holds: (free n2)/(free ng)/(tire_at t1 n2)/(truck_at n0)/(free n4)/(free n5)/(not_flattire)/(free n0)/(car_at n1)/(free n3)
Execute: (move_car_spiky n1 n2)

If holds: (free ng)/(tire_at t1 n2)/(truck_at n0)/(car_at n2)/(free n4)/(free n1)/(free n5)/(not_flattire)/(free n0)/(free n3)
Execute: (move_car_normal n2 n3)

If holds: (free n2)/(free ng)/(tire_at t1 n2)/(truck_at n0)/(free n4)/(free n1)/(free n5)/(car_at n3)/(not_flattire)/(free n0)
Execute: (move_car_normal n3 n4)

If holds: (free n2)/(free ng)/(tire_at t1 n2)/(truck_at n0)/(car_at n4)/(free n1)/(free n5)/(not_flattire)/(free n0)/(free n3)
Execute: (move_car_normal n4 n5)

If holds: (free n2)/(free ng)/(tire_at t1 n2)/(car_at n5)/(truck_at n0)/(free n4)/(free n1)/(not_flattire)/(free n0)/(free n3)
Execute: (move_car_normal n5 ng)

If holds: (free ng)/(tire_at t1 n2)/(truck_at n0)/(car_at n2)/(free n4)/(free n1)/(free n5)/(free n0)/(not_flattire_0)/(free n3)
Execute: (fix n2 t1)

If holds: (free ng)/(truck_at n0)/(car_at n2)/(free n4)/(free n1)/(free n5)/(not_flattire)/(free n0)/(free n3)
Execute: (move_car_normal n2 n3)

If holds: (free n2)/(free ng)/(truck_at n0)/(free n4)/(free n1)/(free n5)/(car_at n3)/(not_flattire)/(free n0)
Execute: (move_car_normal n3 n4)

If holds: (free n2)/(free ng)/(truck_at n0)/(car_at n4)/(free n1)/(free n5)/(not_flattire)/(free n0)/(free n3)
Execute: (move_car_normal n4 n5)

If holds: (free n2)/(free ng)/(car_at n5)/(truck_at n0)/(free n4)/(free n1)/(not_flattire)/(free n0)/(free n3)
Execute: (move_car_normal n5 ng)

