If holds: (free n0)/(free n2)/(free ng)/(free n1)/(tire_at t1 n0)/(free n3)/(not_flattire)/(car_at n0)/(free n4)/(free n5)/(truck_at n0)
Execute: (loadtire n0 t1)

If holds: (free n0)/(free n2)/(free ng)/(free n1)/(free n4)/(free n3)/(loaded t1)/(car_at n0)/(not_flattire)/(free n5)/(truck_at n0)
Execute: (move_truck n0 n1)

If holds: (free n0)/(free n2)/(free ng)/(free n3)/(not_flattire)/(truck_at n1)/(car_at n0)/(free n4)/(free n5)/(loaded t1)
Execute: (move_truck n1 n2)

If holds: (free n0)/(free ng)/(free n1)/(free n4)/(free n3)/(truck_at n2)/(car_at n0)/(not_flattire)/(free n5)/(loaded t1)
Execute: (move_truck n2 n3)

If holds: (free n0)/(free ng)/(free n2)/(free n1)/(truck_at n3)/(not_flattire)/(car_at n0)/(free n4)/(free n5)/(loaded t1)
Execute: (droptire n3 t1)

If holds: (free n0)/(free ng)/(free n2)/(free n1)/(tire_at t1 n3)/(truck_at n3)/(free n4)/(car_at n0)/(not_flattire)/(free n5)
Execute: (move_truck n3 n2)

If holds: (free n0)/(free ng)/(tire_at t1 n3)/(free n1)/(free n3)/(truck_at n2)/(not_flattire)/(car_at n0)/(free n4)/(free n5)
Execute: (move_truck n2 n1)

If holds: (free n0)/(free ng)/(free n2)/(tire_at t1 n3)/(free n4)/(free n3)/(truck_at n1)/(car_at n0)/(not_flattire)/(free n5)
Execute: (move_truck_to_initial n1 n0)

If holds: (free n0)/(free ng)/(free n2)/(tire_at t1 n3)/(free n1)/(free n3)/(not_flattire)/(car_at n0)/(free n4)/(free n5)/(truck_at n0)
Execute: (move_car_normal n0 n1)

If holds: (free n0)/(free ng)/(free n2)/(tire_at t1 n3)/(free n4)/(free n3)/(not_flattire)/(car_at n1)/(free n5)/(truck_at n0)
Execute: (move_car_normal n1 n2)

If holds: (free n0)/(free ng)/(tire_at t1 n3)/(free n1)/(car_at n2)/(free n3)/(not_flattire)/(free n4)/(free n5)/(truck_at n0)
Execute: (move_car_spiky n2 n3)

If holds: (free n0)/(free ng)/(free n2)/(free n1)/(tire_at t1 n3)/(free n4)/(car_at n3)/(not_flattire)/(free n5)/(truck_at n0)
Execute: (move_car_normal n3 n4)

If holds: (free n0)/(free ng)/(free n2)/(car_at n4)/(free n1)/(tire_at t1 n3)/(free n3)/(not_flattire)/(free n5)/(truck_at n0)
Execute: (move_car_normal n4 n5)

If holds: (free n0)/(free ng)/(free n2)/(free n1)/(tire_at t1 n3)/(free n4)/(free n3)/(car_at n5)/(not_flattire)/(truck_at n0)
Execute: (move_car_normal n5 ng)

If holds: (free n0)/(free ng)/(free n2)/(free n1)/(tire_at t1 n3)/(not_flattire_0)/(car_at n3)/(free n4)/(free n5)/(truck_at n0)
Execute: (fix n3 t1)

If holds: (free n0)/(free ng)/(free n2)/(free n1)/(car_at n3)/(not_flattire)/(free n4)/(free n5)/(truck_at n0)
Execute: (move_car_normal n3 n4)

If holds: (free n0)/(free ng)/(free n2)/(car_at n4)/(free n1)/(free n3)/(not_flattire)/(free n5)/(truck_at n0)
Execute: (move_car_normal n4 n5)

If holds: (free n0)/(free ng)/(free n2)/(free n1)/(free n4)/(free n3)/(car_at n5)/(not_flattire)/(truck_at n0)
Execute: (move_car_normal n5 ng)

