If holds: (tire_at t8 n0)/(tire_at t6 n0)/(tire_at t3 n0)/(tire_at t7 n0)/(tire_at t5 n0)/(tire_at t4 n0)/(tire_at t2 n0)/(free n1)/(tire_at t1 n0)/(free n2)/(free n0)/(not_flattire)/(car_at n0)/(truck_at n0)/(free ng)
Execute: (loadtire n0 t1)

If holds: (tire_at t8 n0)/(tire_at t6 n0)/(loaded t1)/(tire_at t3 n0)/(tire_at t7 n0)/(tire_at t5 n0)/(tire_at t4 n0)/(tire_at t2 n0)/(free n1)/(free n2)/(free n0)/(not_flattire)/(car_at n0)/(truck_at n0)/(free ng)
Execute: (move_truck n0 n1)

If holds: (tire_at t8 n0)/(tire_at t6 n0)/(loaded t1)/(tire_at t3 n0)/(tire_at t7 n0)/(tire_at t5 n0)/(tire_at t4 n0)/(tire_at t2 n0)/(free n2)/(free n0)/(not_flattire)/(car_at n0)/(truck_at n1)/(free ng)
Execute: (droptire n1 t1)

If holds: (tire_at t8 n0)/(tire_at t6 n0)/(tire_at t3 n0)/(tire_at t7 n0)/(tire_at t5 n0)/(tire_at t1 n1)/(tire_at t4 n0)/(tire_at t2 n0)/(free n2)/(free n0)/(not_flattire)/(car_at n0)/(truck_at n1)/(free ng)
Execute: (move_truck_to_initial n1 n0)

If holds: (tire_at t8 n0)/(tire_at t6 n0)/(tire_at t3 n0)/(tire_at t7 n0)/(tire_at t5 n0)/(tire_at t1 n1)/(tire_at t4 n0)/(tire_at t2 n0)/(free n1)/(free n2)/(free n0)/(not_flattire)/(car_at n0)/(truck_at n0)/(free ng)
Execute: (move_car_spiky n0 n1)

If holds: (tire_at t8 n0)/(tire_at t6 n0)/(tire_at t3 n0)/(tire_at t7 n0)/(car_at n1)/(tire_at t5 n0)/(tire_at t1 n1)/(tire_at t4 n0)/(tire_at t2 n0)/(free n2)/(free n0)/(not_flattire)/(truck_at n0)/(free ng)
Execute: (move_car_normal n1 n2)

If holds: (tire_at t8 n0)/(tire_at t6 n0)/(car_at n2)/(tire_at t3 n0)/(tire_at t7 n0)/(tire_at t5 n0)/(tire_at t1 n1)/(tire_at t4 n0)/(tire_at t2 n0)/(free n1)/(free n0)/(not_flattire)/(truck_at n0)/(free ng)
Execute: (move_car_normal n2 ng)

If holds: (tire_at t8 n0)/(tire_at t6 n0)/(tire_at t3 n0)/(tire_at t7 n0)/(car_at n1)/(tire_at t5 n0)/(tire_at t1 n1)/(tire_at t4 n0)/(tire_at t2 n0)/(free n2)/(free n0)/(not_flattire_0)/(truck_at n0)/(free ng)
Execute: (fix n1 t1)

If holds: (tire_at t8 n0)/(tire_at t6 n0)/(tire_at t3 n0)/(tire_at t7 n0)/(car_at n1)/(tire_at t5 n0)/(tire_at t4 n0)/(tire_at t2 n0)/(free n2)/(free n0)/(not_flattire)/(truck_at n0)/(free ng)
Execute: (move_car_normal n1 n2)

If holds: (tire_at t8 n0)/(tire_at t6 n0)/(car_at n2)/(tire_at t3 n0)/(tire_at t7 n0)/(tire_at t5 n0)/(tire_at t4 n0)/(tire_at t2 n0)/(free n1)/(free n0)/(not_flattire)/(truck_at n0)/(free ng)
Execute: (move_car_normal n2 ng)

