If holds: (free ng)/(tire_at t4 n0)/(tire_at t1 n0)/(not_flattire)/(free n5)/(tire_at t2 n0)/(tire_at t3 n0)/(free n1)/(free n3)/(free n2)/(free n4)/(truck_at n0)/(car_at n0)/(free n0)
Execute: (loadtire n0 t3)

If holds: (free ng)/(tire_at t4 n0)/(tire_at t1 n0)/(not_flattire)/(free n5)/(loaded t3)/(tire_at t2 n0)/(free n1)/(free n3)/(free n2)/(free n4)/(truck_at n0)/(car_at n0)/(free n0)
Execute: (move_truck n0 n1)

If holds: (free ng)/(truck_at n1)/(tire_at t4 n0)/(tire_at t1 n0)/(not_flattire)/(free n5)/(tire_at t2 n0)/(free n3)/(free n2)/(free n4)/(loaded t3)/(car_at n0)/(free n0)
Execute: (move_truck n1 n2)

If holds: (free ng)/(tire_at t4 n0)/(tire_at t1 n0)/(not_flattire)/(free n5)/(tire_at t2 n0)/(free n1)/(truck_at n2)/(free n3)/(free n4)/(loaded t3)/(car_at n0)/(free n0)
Execute: (droptire n2 t3)

If holds: (free ng)/(tire_at t4 n0)/(tire_at t1 n0)/(not_flattire)/(free n5)/(tire_at t2 n0)/(free n1)/(truck_at n2)/(free n3)/(free n4)/(car_at n0)/(tire_at t3 n2)/(free n0)
Execute: (move_truck n2 n1)

If holds: (free ng)/(truck_at n1)/(tire_at t4 n0)/(tire_at t1 n0)/(not_flattire)/(free n5)/(tire_at t2 n0)/(free n3)/(free n4)/(free n2)/(car_at n0)/(tire_at t3 n2)/(free n0)
Execute: (move_truck_to_initial n1 n0)

If holds: (free ng)/(tire_at t4 n0)/(tire_at t1 n0)/(not_flattire)/(free n5)/(tire_at t2 n0)/(free n1)/(free n3)/(free n4)/(free n2)/(truck_at n0)/(car_at n0)/(tire_at t3 n2)/(free n0)
Execute: (move_car_normal n0 n1)

If holds: (free ng)/(car_at n1)/(tire_at t4 n0)/(tire_at t1 n0)/(not_flattire)/(free n5)/(tire_at t2 n0)/(free n3)/(free n4)/(free n2)/(truck_at n0)/(tire_at t3 n2)/(free n0)
Execute: (move_car_spiky n1 n2)

If holds: (free ng)/(tire_at t4 n0)/(tire_at t1 n0)/(not_flattire)/(free n5)/(car_at n2)/(tire_at t2 n0)/(free n1)/(free n3)/(free n4)/(truck_at n0)/(tire_at t3 n2)/(free n0)
Execute: (move_car_normal n2 n3)

If holds: (free ng)/(tire_at t4 n0)/(tire_at t1 n0)/(not_flattire)/(free n5)/(tire_at t2 n0)/(car_at n3)/(free n1)/(free n4)/(free n2)/(truck_at n0)/(tire_at t3 n2)/(free n0)
Execute: (move_car_normal n3 n4)

If holds: (free ng)/(tire_at t4 n0)/(tire_at t1 n0)/(not_flattire)/(free n5)/(tire_at t2 n0)/(free n1)/(free n3)/(car_at n4)/(free n2)/(truck_at n0)/(tire_at t3 n2)/(free n0)
Execute: (move_car_normal n4 n5)

If holds: (free ng)/(tire_at t4 n0)/(tire_at t1 n0)/(car_at n5)/(not_flattire)/(tire_at t2 n0)/(free n1)/(free n3)/(free n2)/(free n4)/(truck_at n0)/(tire_at t3 n2)/(free n0)
Execute: (move_car_normal n5 ng)

If holds: (free ng)/(tire_at t4 n0)/(tire_at t1 n0)/(free n5)/(car_at n2)/(tire_at t2 n0)/(free n1)/(not_flattire_0)/(free n3)/(free n4)/(truck_at n0)/(tire_at t3 n2)/(free n0)
Execute: (fix n2 t3)

If holds: (free ng)/(tire_at t4 n0)/(tire_at t1 n0)/(free n5)/(not_flattire)/(car_at n2)/(tire_at t2 n0)/(free n1)/(free n3)/(free n4)/(truck_at n0)/(free n0)
Execute: (move_car_normal n2 n3)

If holds: (free ng)/(tire_at t4 n0)/(tire_at t1 n0)/(free n5)/(not_flattire)/(tire_at t2 n0)/(car_at n3)/(free n1)/(free n4)/(free n2)/(truck_at n0)/(free n0)
Execute: (move_car_normal n3 n4)

If holds: (free ng)/(tire_at t4 n0)/(tire_at t1 n0)/(free n5)/(not_flattire)/(tire_at t2 n0)/(free n1)/(free n3)/(car_at n4)/(free n2)/(truck_at n0)/(free n0)
Execute: (move_car_normal n4 n5)

If holds: (free ng)/(tire_at t4 n0)/(tire_at t1 n0)/(car_at n5)/(not_flattire)/(tire_at t2 n0)/(free n1)/(free n3)/(free n2)/(free n4)/(truck_at n0)/(free n0)
Execute: (move_car_normal n5 ng)

