If holds: (tire_at t1 n0)/(not_flattire)/(truck_at n0)/(free n2)/(free n1)/(free n0)/(free ng)/(free n3)/(car_at n0)
Execute: (loadtire n0 t1)

If holds: (not_flattire)/(truck_at n0)/(free n2)/(free n1)/(free n0)/(loaded t1)/(free ng)/(free n3)/(car_at n0)
Execute: (move_truck n0 n1)

If holds: (not_flattire)/(truck_at n1)/(free n2)/(loaded t1)/(free n0)/(free ng)/(free n3)/(car_at n0)
Execute: (move_truck n1 n2)

If holds: (loaded t1)/(free n0)/(not_flattire)/(free n1)/(free ng)/(free n3)/(truck_at n2)/(car_at n0)
Execute: (droptire n2 t1)

If holds: (free n0)/(free n3)/(not_flattire)/(free ng)/(tire_at t1 n2)/(truck_at n2)/(free n1)/(car_at n0)
Execute: (move_truck n2 n1)

If holds: (truck_at n1)/(free n0)/(not_flattire)/(free ng)/(tire_at t1 n2)/(free n3)/(free n2)/(car_at n0)
Execute: (move_truck_to_initial n1 n0)

If holds: (not_flattire)/(truck_at n0)/(free n2)/(free n1)/(free n0)/(free ng)/(tire_at t1 n2)/(free n3)/(car_at n0)
Execute: (move_car_normal n0 n1)

If holds: (not_flattire)/(car_at n1)/(truck_at n0)/(free n2)/(free n0)/(free ng)/(tire_at t1 n2)/(free n3)
Execute: (move_car_spiky n1 n2)

If holds: (free n0)/(not_flattire)/(free ng)/(tire_at t1 n2)/(free n3)/(truck_at n0)/(free n1)/(car_at n2)
Execute: (move_car_normal n2 n3)

If holds: (free n0)/(car_at n3)/(not_flattire)/(free ng)/(tire_at t1 n2)/(truck_at n0)/(free n2)/(free n1)
Execute: (move_car_normal n3 ng)

If holds: (not_flattire_0)/(free n0)/(free ng)/(tire_at t1 n2)/(free n3)/(truck_at n0)/(free n1)/(car_at n2)
Execute: (fix n2 t1)

If holds: (free n0)/(not_flattire)/(free ng)/(free n3)/(truck_at n0)/(free n1)/(car_at n2)
Execute: (move_car_normal n2 n3)

If holds: (free n0)/(car_at n3)/(not_flattire)/(free ng)/(truck_at n0)/(free n2)/(free n1)
Execute: (move_car_normal n3 ng)

