If holds: (at_ tile_0_5)
Execute: (right tile_0_5 tile_1_5 tile_2_5)

If holds: (at_ tile_2_5)
Execute: (down tile_2_5 tile_2_4 tile_2_3)

If holds: (at_ tile_1_5)
Execute: (right tile_1_5 tile_2_5 tile_3_5)

If holds: (at_ tile_3_5)
Execute: (right tile_3_5 tile_4_5 tile_5_5)

If holds: (at_ tile_4_5)
Execute: (right_to_wall tile_4_5 tile_5_5 rightwall_5)

If holds: (at_ tile_5_5)
Execute: (down tile_5_5 tile_5_4 tile_5_3)

If holds: (at_ tile_5_4)
Execute: (down tile_5_4 tile_5_3 tile_5_2)

If holds: (at_ tile_5_2)
Execute: (left tile_5_2 tile_4_2 tile_3_2)

If holds: (at_ tile_4_2)
Execute: (left tile_4_2 tile_3_2 tile_2_2)

If holds: (at_ tile_2_2)
Execute: (up tile_2_2 tile_2_3 tile_2_4)

If holds: (at_ tile_3_2)
Execute: (left tile_3_2 tile_2_2 tile_1_2)

If holds: (at_ tile_1_2)
Execute: (left_to_wall tile_1_2 tile_0_2 leftwall_2)

If holds: (at_ tile_0_2)
Execute: (down tile_0_2 tile_0_1 tile_0_0)

If holds: (at_ tile_0_1)
Execute: (down_to_wall tile_0_1 tile_0_0 bottomwall_0)

If holds: (at_ tile_0_0)
Execute: (right tile_0_0 tile_1_0 tile_2_0)

If holds: (at_ tile_2_0)
Execute: (up tile_2_0 tile_2_1 tile_2_2)

If holds: (at_ tile_2_1)
Execute: (up tile_2_1 tile_2_2 tile_2_3)

If holds: (at_ tile_1_0)
Execute: (right_to_wall tile_1_0 tile_2_0 tile_3_0)

If holds: (at_ tile_2_3)
Execute: (right tile_2_3 tile_3_3 tile_4_3)

If holds: (at_ tile_4_3)
Execute: (right_to_wall tile_4_3 tile_5_3 rightwall_3)

If holds: (at_ tile_3_3)
Execute: (right tile_3_3 tile_4_3 tile_5_3)

If holds: (at_ tile_5_3)
Execute: (up tile_5_3 tile_5_4 tile_5_5)

