If holds: (open d3)/(player_at l1)/(open d2)/(open d4)
Execute: (pick_key l1)

If holds: (player_at l1)/(open d3)/(hold_key)/(open d2)/(open d4)
Execute: (move_forward_door_open l1 l2 d2 d3)

If holds: (player_at l2)/(closed d3)/(hold_key)/(open d2)/(open d4)
Execute: (move_forward_door_closed l2 l3 d3 d4)

If holds: (open d2)/(player_at l3)/(closed d4)/(closed d3)/(hold_key)
Execute: (move_forward_last_door_closed l3 l4 d4)

If holds: (closed d3)/(hold_key)/(player_at l2)/(closed d2)/(open d4)
Execute: (move_forward_door_closed l2 l3 d3 d4)

If holds: (player_at l3)/(open d3)/(hold_key)/(open d2)/(open d4)
Execute: (move_forward_last_door_open l3 l4 d4)

If holds: (open d3)/(hold_key)/(player_at l2)/(closed d2)/(open d4)
Execute: (move_forward_door_open l2 l3 d3 d4)

If holds: (player_at l3)/(open d3)/(closed d2)/(hold_key)/(open d4)
Execute: (move_forward_last_door_open l3 l4 d4)

If holds: (player_at l2)/(open d3)/(hold_key)/(open d2)/(open d4)
Execute: (move_forward_door_open l2 l3 d3 d4)

If holds: (player_at l3)/(closed d4)/(closed d2)/(closed d3)/(hold_key)
Execute: (move_forward_last_door_closed l3 l4 d4)

If holds: (player_at l3)/(closed d2)/(closed d3)/(hold_key)/(open d4)
Execute: (move_forward_last_door_open l3 l4 d4)

If holds: (open d2)/(player_at l3)/(hold_key)/(closed d3)/(open d4)
Execute: (move_forward_last_door_open l3 l4 d4)

If holds: (player_at l3)/(open d3)/(open d2)/(closed d4)/(hold_key)
Execute: (move_forward_last_door_closed l3 l4 d4)

If holds: (player_at l3)/(open d3)/(closed d2)/(closed d4)/(hold_key)
Execute: (move_forward_last_door_closed l3 l4 d4)

