If holds: (broken_leg_0)/(up_0)/(position p0)
Execute: (climb p0)

If holds: (broken_leg_0)/(up)/(position p0)
Execute: (walk_on_beam p0 p1)

If holds: (broken_leg_0)/(up)/(position p1)
Execute: (walk_on_beam p1 p2)

If holds: (broken_leg_0)/(position p2)/(up)
Execute: (walk_on_beam p2 p3)

If holds: (broken_leg_0)/(position p1)/(up_0)
Execute: (walk_left p1 p0)

If holds: (broken_leg_0)/(up)/(position p3)
Execute: (walk_on_beam p3 p4)

If holds: (broken_leg_0)/(position p2)/(up_0)
Execute: (walk_left p2 p1)

If holds: (broken_leg_0)/(up)/(position p4)
Execute: (walk_on_beam p4 p5)

If holds: (broken_leg_0)/(up)/(position p5)
Execute: (walk_on_beam p5 p6)

If holds: (broken_leg_0)/(position p3)/(up_0)
Execute: (walk_left p3 p2)

If holds: (broken_leg_0)/(up)/(position p6)
Execute: (walk_on_beam p6 p7)

If holds: (position p7)/(broken_leg_0)/(up)
Execute: (walk_on_beam p7 p8)

If holds: (broken_leg_0)/(up)/(position p8)
Execute: (walk_on_beam p8 p9)

If holds: (broken_leg_0)/(up)/(position p9)
Execute: (walk_on_beam p9 p10)

If holds: (broken_leg_0)/(position p4)/(up_0)
Execute: (walk_left p4 p3)

If holds: (broken_leg_0)/(up_0)/(position p5)
Execute: (walk_left p5 p4)

If holds: (broken_leg_0)/(position p10)/(up)
Execute: (walk_on_beam p10 p11)

If holds: (broken_leg_0)/(position p11)/(up)
Execute: (walk_on_beam p11 p12)

If holds: (broken_leg_0)/(up_0)/(position p6)
Execute: (walk_left p6 p5)

If holds: (broken_leg_0)/(position p12)/(up)
Execute: (walk_on_beam p12 p13)

If holds: (broken_leg_0)/(up)/(position p13)
Execute: (walk_on_beam p13 p14)

If holds: (position p7)/(broken_leg_0)/(up_0)
Execute: (walk_left p7 p6)

If holds: (broken_leg_0)/(up)/(position p14)
Execute: (walk_on_beam p14 p15)

If holds: (broken_leg_0)/(position p15)/(up_0)
Execute: (walk_left p15 p14)

If holds: (broken_leg_0)/(up_0)/(position p14)
Execute: (walk_left p14 p13)

If holds: (broken_leg_0)/(up_0)/(position p13)
Execute: (walk_left p13 p12)

If holds: (broken_leg_0)/(position p12)/(up_0)
Execute: (walk_left p12 p11)

If holds: (broken_leg_0)/(position p11)/(up_0)
Execute: (walk_left p11 p10)

If holds: (broken_leg_0)/(position p10)/(up_0)
Execute: (walk_left p10 p9)

If holds: (broken_leg_0)/(up_0)/(position p9)
Execute: (walk_left p9 p8)

If holds: (broken_leg_0)/(position p8)/(up_0)
Execute: (walk_left p8 p7)

