If holds: (spare_in n4)/(spare_in n22)/(spare_in n21)/(spare_in n14)/(spare_in n1)/(spare_in n18)/(not_flattire)/(spare_in n6)/(spare_in n9)/(spare_in n20)/(spare_in n8)/(spare_in n0)/(spare_in n19)/(vehicle_at n5)/(spare_in n11)
Execute: (move_car n5 n8)

If holds: (spare_in n4)/(spare_in n22)/(spare_in n21)/(spare_in n14)/(spare_in n1)/(spare_in n18)/(not_flattire)/(spare_in n6)/(spare_in n11)/(spare_in n9)/(spare_in n20)/(vehicle_at n8)/(spare_in n8)/(spare_in n0)/(spare_in n19)
Execute: (move_car n8 n0)

If holds: (spare_in n4)/(spare_in n22)/(spare_in n21)/(spare_in n14)/(spare_in n1)/(spare_in n18)/(not_flattire)/(spare_in n6)/(vehicle_at n0)/(spare_in n9)/(spare_in n20)/(spare_in n8)/(spare_in n0)/(spare_in n19)/(spare_in n11)
Execute: (move_car n0 n15)

If holds: (spare_in n4)/(spare_in n22)/(spare_in n21)/(spare_in n14)/(spare_in n1)/(spare_in n18)/(spare_in n6)/(spare_in n11)/(spare_in n9)/(spare_in n20)/(vehicle_at n8)/(spare_in n8)/(spare_in n0)/(spare_in n19)
Execute: (loadtire n8)

If holds: (spare_in n4)/(spare_in n22)/(spare_in n21)/(spare_in n14)/(spare_in n1)/(spare_in n18)/(spare_in n6)/(hasspare)/(spare_in n9)/(spare_in n20)/(vehicle_at n8)/(spare_in n0)/(spare_in n19)/(spare_in n11)
Execute: (changetire)

If holds: (spare_in n4)/(spare_in n22)/(spare_in n21)/(spare_in n14)/(spare_in n1)/(spare_in n18)/(spare_in n6)/(not_flattire)/(spare_in n11)/(spare_in n9)/(spare_in n20)/(vehicle_at n8)/(spare_in n0)/(spare_in n19)
Execute: (move_car n8 n6)

If holds: (spare_in n4)/(spare_in n22)/(spare_in n21)/(spare_in n14)/(spare_in n1)/(spare_in n18)/(spare_in n6)/(spare_in n9)/(spare_in n20)/(spare_in n0)/(spare_in n19)/(vehicle_at n6)/(spare_in n11)
Execute: (loadtire n6)

If holds: (spare_in n4)/(spare_in n22)/(spare_in n21)/(spare_in n14)/(spare_in n1)/(spare_in n18)/(spare_in n11)/(hasspare)/(spare_in n9)/(spare_in n20)/(spare_in n0)/(vehicle_at n6)/(spare_in n19)
Execute: (changetire)

If holds: (spare_in n4)/(spare_in n22)/(spare_in n21)/(spare_in n14)/(spare_in n1)/(spare_in n18)/(not_flattire)/(spare_in n9)/(spare_in n20)/(spare_in n0)/(spare_in n19)/(vehicle_at n6)/(spare_in n11)
Execute: (move_car n6 n20)

If holds: (spare_in n4)/(vehicle_at n20)/(spare_in n22)/(spare_in n21)/(spare_in n14)/(spare_in n1)/(spare_in n18)/(spare_in n11)/(spare_in n9)/(spare_in n20)/(spare_in n0)/(spare_in n19)
Execute: (loadtire n20)

If holds: (spare_in n4)/(vehicle_at n20)/(spare_in n22)/(spare_in n21)/(spare_in n14)/(spare_in n1)/(spare_in n18)/(hasspare)/(spare_in n9)/(spare_in n0)/(spare_in n19)/(spare_in n11)
Execute: (changetire)

If holds: (spare_in n4)/(vehicle_at n20)/(spare_in n22)/(spare_in n21)/(spare_in n14)/(spare_in n1)/(spare_in n18)/(not_flattire)/(spare_in n11)/(spare_in n9)/(spare_in n0)/(spare_in n19)
Execute: (move_car n20 n11)

If holds: (spare_in n4)/(spare_in n22)/(spare_in n21)/(spare_in n14)/(spare_in n1)/(vehicle_at n11)/(spare_in n18)/(spare_in n9)/(spare_in n0)/(spare_in n19)/(spare_in n11)
Execute: (loadtire n11)

If holds: (spare_in n4)/(spare_in n22)/(spare_in n21)/(spare_in n14)/(spare_in n1)/(vehicle_at n11)/(spare_in n18)/(hasspare)/(spare_in n9)/(spare_in n0)/(spare_in n19)
Execute: (changetire)

If holds: (spare_in n4)/(spare_in n22)/(spare_in n21)/(spare_in n14)/(spare_in n1)/(vehicle_at n11)/(spare_in n18)/(not_flattire)/(spare_in n9)/(spare_in n0)/(spare_in n19)
Execute: (move_car n11 n21)

If holds: (spare_in n4)/(spare_in n22)/(spare_in n14)/(spare_in n21)/(spare_in n1)/(spare_in n18)/(vehicle_at n21)/(spare_in n9)/(spare_in n0)/(spare_in n19)
Execute: (loadtire n21)

If holds: (spare_in n4)/(spare_in n22)/(spare_in n14)/(spare_in n1)/(spare_in n18)/(vehicle_at n21)/(hasspare)/(spare_in n9)/(spare_in n0)/(spare_in n19)
Execute: (changetire)

If holds: (spare_in n4)/(spare_in n22)/(spare_in n14)/(spare_in n1)/(spare_in n18)/(not_flattire)/(vehicle_at n21)/(spare_in n9)/(spare_in n0)/(spare_in n19)
Execute: (move_car n21 n22)

If holds: (spare_in n4)/(spare_in n22)/(spare_in n14)/(spare_in n1)/(spare_in n18)/(spare_in n9)/(spare_in n0)/(vehicle_at n22)/(spare_in n19)
Execute: (loadtire n22)

If holds: (spare_in n4)/(spare_in n1)/(spare_in n14)/(spare_in n18)/(hasspare)/(spare_in n9)/(spare_in n0)/(vehicle_at n22)/(spare_in n19)
Execute: (changetire)

If holds: (spare_in n4)/(spare_in n1)/(spare_in n14)/(spare_in n18)/(not_flattire)/(spare_in n9)/(spare_in n0)/(vehicle_at n22)/(spare_in n19)
Execute: (move_car n22 n19)

If holds: (spare_in n4)/(spare_in n1)/(spare_in n14)/(spare_in n9)/(vehicle_at n19)/(spare_in n0)/(spare_in n18)/(spare_in n19)
Execute: (loadtire n19)

If holds: (spare_in n4)/(hasspare)/(spare_in n1)/(spare_in n14)/(spare_in n9)/(vehicle_at n19)/(spare_in n0)/(spare_in n18)
Execute: (changetire)

If holds: (spare_in n4)/(spare_in n1)/(spare_in n14)/(spare_in n9)/(vehicle_at n19)/(spare_in n0)/(spare_in n18)/(not_flattire)
Execute: (move_car n19 n15)

If holds: (spare_in n4)/(spare_in n1)/(spare_in n14)/(vehicle_at n19)/(spare_in n18)/(not_flattire)/(spare_in n9)/(spare_in n0)/(spare_in n19)
Execute: (move_car n19 n15)

If holds: (spare_in n4)/(spare_in n22)/(spare_in n14)/(spare_in n1)/(spare_in n18)/(not_flattire)/(spare_in n9)/(spare_in n0)/(vehicle_at n22)/(spare_in n19)
Execute: (move_car n22 n19)

If holds: (spare_in n4)/(spare_in n22)/(spare_in n14)/(spare_in n1)/(vehicle_at n19)/(spare_in n18)/(spare_in n9)/(spare_in n0)/(spare_in n19)
Execute: (loadtire n19)

If holds: (spare_in n4)/(spare_in n22)/(spare_in n14)/(spare_in n1)/(vehicle_at n19)/(spare_in n18)/(hasspare)/(spare_in n9)/(spare_in n0)
Execute: (changetire)

If holds: (spare_in n4)/(spare_in n22)/(spare_in n14)/(spare_in n1)/(vehicle_at n19)/(spare_in n18)/(not_flattire)/(spare_in n9)/(spare_in n0)
Execute: (move_car n19 n15)

If holds: (spare_in n4)/(spare_in n22)/(spare_in n14)/(spare_in n1)/(vehicle_at n19)/(spare_in n18)/(not_flattire)/(spare_in n9)/(spare_in n0)/(spare_in n19)
Execute: (move_car n19 n15)

If holds: (spare_in n4)/(spare_in n22)/(spare_in n21)/(spare_in n14)/(spare_in n1)/(spare_in n18)/(not_flattire)/(vehicle_at n21)/(spare_in n9)/(spare_in n0)/(spare_in n19)
Execute: (move_car n21 n15)

If holds: (spare_in n4)/(spare_in n22)/(spare_in n21)/(spare_in n14)/(spare_in n1)/(vehicle_at n11)/(spare_in n18)/(not_flattire)/(spare_in n9)/(spare_in n0)/(spare_in n19)/(spare_in n11)
Execute: (move_car n11 n21)

If holds: (spare_in n4)/(spare_in n22)/(spare_in n21)/(spare_in n14)/(spare_in n1)/(spare_in n18)/(vehicle_at n21)/(spare_in n11)/(spare_in n9)/(spare_in n0)/(spare_in n19)
Execute: (loadtire n21)

If holds: (spare_in n4)/(spare_in n22)/(spare_in n14)/(spare_in n1)/(spare_in n18)/(vehicle_at n21)/(hasspare)/(spare_in n9)/(spare_in n0)/(spare_in n19)/(spare_in n11)
Execute: (changetire)

If holds: (spare_in n4)/(spare_in n22)/(spare_in n14)/(spare_in n1)/(spare_in n18)/(not_flattire)/(vehicle_at n21)/(spare_in n11)/(spare_in n9)/(spare_in n0)/(spare_in n19)
Execute: (move_car n21 n15)

If holds: (spare_in n4)/(spare_in n22)/(spare_in n21)/(spare_in n14)/(spare_in n1)/(spare_in n18)/(not_flattire)/(vehicle_at n21)/(spare_in n11)/(spare_in n9)/(spare_in n0)/(spare_in n19)
Execute: (move_car n21 n15)

If holds: (spare_in n4)/(vehicle_at n20)/(spare_in n22)/(spare_in n21)/(spare_in n14)/(spare_in n1)/(spare_in n18)/(not_flattire)/(spare_in n11)/(spare_in n9)/(spare_in n20)/(spare_in n0)/(spare_in n19)
Execute: (move_car n20 n11)

If holds: (spare_in n4)/(spare_in n22)/(spare_in n21)/(spare_in n14)/(spare_in n1)/(vehicle_at n11)/(spare_in n18)/(spare_in n9)/(spare_in n20)/(spare_in n0)/(spare_in n19)/(spare_in n11)
Execute: (loadtire n11)

If holds: (spare_in n4)/(spare_in n22)/(spare_in n21)/(spare_in n14)/(spare_in n1)/(vehicle_at n11)/(spare_in n18)/(hasspare)/(spare_in n9)/(spare_in n20)/(spare_in n0)/(spare_in n19)
Execute: (changetire)

If holds: (spare_in n4)/(spare_in n22)/(spare_in n21)/(spare_in n14)/(spare_in n1)/(vehicle_at n11)/(spare_in n18)/(not_flattire)/(spare_in n9)/(spare_in n20)/(spare_in n0)/(spare_in n19)
Execute: (move_car n11 n20)

If holds: (spare_in n4)/(vehicle_at n20)/(spare_in n22)/(spare_in n21)/(spare_in n14)/(spare_in n1)/(spare_in n18)/(spare_in n9)/(spare_in n20)/(spare_in n0)/(spare_in n19)
Execute: (loadtire n20)

If holds: (spare_in n4)/(vehicle_at n20)/(spare_in n22)/(spare_in n21)/(spare_in n14)/(spare_in n1)/(spare_in n18)/(hasspare)/(spare_in n9)/(spare_in n0)/(spare_in n19)
Execute: (changetire)

If holds: (spare_in n4)/(vehicle_at n20)/(spare_in n22)/(spare_in n21)/(spare_in n14)/(spare_in n1)/(spare_in n18)/(not_flattire)/(spare_in n9)/(spare_in n0)/(spare_in n19)
Execute: (move_car n20 n15)

If holds: (spare_in n4)/(vehicle_at n20)/(spare_in n22)/(spare_in n21)/(spare_in n14)/(spare_in n1)/(spare_in n18)/(not_flattire)/(spare_in n9)/(spare_in n20)/(spare_in n0)/(spare_in n19)
Execute: (move_car n20 n15)

If holds: (spare_in n4)/(spare_in n22)/(spare_in n21)/(spare_in n14)/(spare_in n1)/(vehicle_at n11)/(spare_in n18)/(not_flattire)/(spare_in n9)/(spare_in n20)/(spare_in n0)/(spare_in n19)/(spare_in n11)
Execute: (move_car n11 n20)

If holds: (spare_in n4)/(spare_in n22)/(spare_in n21)/(spare_in n14)/(spare_in n1)/(spare_in n18)/(spare_in n6)/(not_flattire)/(spare_in n9)/(spare_in n20)/(spare_in n0)/(spare_in n19)/(vehicle_at n6)/(spare_in n11)
Execute: (move_car n6 n20)

If holds: (spare_in n4)/(vehicle_at n20)/(spare_in n22)/(spare_in n21)/(spare_in n14)/(spare_in n1)/(spare_in n18)/(spare_in n6)/(spare_in n11)/(spare_in n9)/(spare_in n20)/(spare_in n0)/(spare_in n19)
Execute: (loadtire n20)

If holds: (spare_in n4)/(vehicle_at n20)/(spare_in n22)/(spare_in n21)/(spare_in n14)/(spare_in n1)/(spare_in n18)/(spare_in n6)/(hasspare)/(spare_in n9)/(spare_in n0)/(spare_in n19)/(spare_in n11)
Execute: (changetire)

If holds: (spare_in n4)/(vehicle_at n20)/(spare_in n22)/(spare_in n21)/(spare_in n14)/(spare_in n1)/(spare_in n18)/(spare_in n6)/(not_flattire)/(spare_in n11)/(spare_in n9)/(spare_in n0)/(spare_in n19)
Execute: (move_car n20 n6)

If holds: (spare_in n4)/(spare_in n22)/(spare_in n21)/(spare_in n14)/(spare_in n1)/(spare_in n18)/(spare_in n6)/(spare_in n9)/(spare_in n0)/(spare_in n19)/(vehicle_at n6)/(spare_in n11)
Execute: (loadtire n6)

If holds: (spare_in n4)/(spare_in n22)/(spare_in n21)/(spare_in n14)/(spare_in n1)/(spare_in n18)/(spare_in n11)/(hasspare)/(spare_in n9)/(spare_in n0)/(vehicle_at n6)/(spare_in n19)
Execute: (changetire)

If holds: (spare_in n4)/(spare_in n22)/(spare_in n21)/(spare_in n14)/(spare_in n1)/(spare_in n18)/(not_flattire)/(spare_in n9)/(spare_in n0)/(spare_in n19)/(vehicle_at n6)/(spare_in n11)
Execute: (move_car n6 n15)

If holds: (spare_in n4)/(spare_in n22)/(spare_in n21)/(spare_in n14)/(spare_in n1)/(spare_in n18)/(spare_in n6)/(not_flattire)/(spare_in n9)/(spare_in n0)/(spare_in n19)/(vehicle_at n6)/(spare_in n11)
Execute: (move_car n6 n15)

If holds: (spare_in n4)/(vehicle_at n20)/(spare_in n22)/(spare_in n21)/(spare_in n14)/(spare_in n1)/(spare_in n18)/(spare_in n6)/(not_flattire)/(spare_in n11)/(spare_in n9)/(spare_in n20)/(spare_in n0)/(spare_in n19)
Execute: (move_car n20 n6)

If holds: (spare_in n4)/(spare_in n22)/(spare_in n21)/(spare_in n14)/(spare_in n1)/(spare_in n18)/(spare_in n6)/(vehicle_at n0)/(spare_in n9)/(spare_in n20)/(spare_in n8)/(spare_in n0)/(spare_in n19)/(spare_in n11)
Execute: (loadtire n0)

If holds: (spare_in n4)/(spare_in n22)/(spare_in n21)/(spare_in n14)/(spare_in n1)/(spare_in n18)/(spare_in n6)/(spare_in n11)/(hasspare)/(spare_in n9)/(spare_in n20)/(spare_in n8)/(vehicle_at n0)/(spare_in n19)
Execute: (changetire)

If holds: (spare_in n4)/(spare_in n22)/(spare_in n21)/(spare_in n14)/(spare_in n1)/(spare_in n18)/(spare_in n6)/(not_flattire)/(spare_in n9)/(spare_in n20)/(spare_in n19)/(spare_in n8)/(vehicle_at n0)/(spare_in n11)
Execute: (move_car n0 n8)

If holds: (spare_in n4)/(spare_in n22)/(spare_in n21)/(spare_in n14)/(spare_in n1)/(spare_in n18)/(spare_in n6)/(spare_in n11)/(spare_in n9)/(spare_in n20)/(vehicle_at n8)/(spare_in n8)/(spare_in n19)
Execute: (loadtire n8)

If holds: (spare_in n4)/(spare_in n22)/(spare_in n21)/(spare_in n14)/(spare_in n1)/(spare_in n18)/(spare_in n6)/(hasspare)/(spare_in n9)/(spare_in n20)/(vehicle_at n8)/(spare_in n19)/(spare_in n11)
Execute: (changetire)

If holds: (spare_in n4)/(spare_in n22)/(spare_in n21)/(spare_in n14)/(spare_in n1)/(spare_in n18)/(spare_in n6)/(not_flattire)/(spare_in n11)/(spare_in n9)/(spare_in n20)/(vehicle_at n8)/(spare_in n19)
Execute: (move_car n8 n6)

If holds: (spare_in n4)/(spare_in n22)/(spare_in n21)/(spare_in n14)/(spare_in n1)/(spare_in n18)/(spare_in n6)/(spare_in n9)/(spare_in n20)/(spare_in n19)/(vehicle_at n6)/(spare_in n11)
Execute: (loadtire n6)

If holds: (spare_in n4)/(spare_in n22)/(spare_in n21)/(spare_in n14)/(spare_in n1)/(spare_in n18)/(spare_in n11)/(hasspare)/(spare_in n9)/(spare_in n20)/(vehicle_at n6)/(spare_in n19)
Execute: (changetire)

If holds: (spare_in n4)/(spare_in n22)/(spare_in n21)/(spare_in n14)/(spare_in n1)/(spare_in n18)/(not_flattire)/(spare_in n9)/(spare_in n20)/(spare_in n19)/(vehicle_at n6)/(spare_in n11)
Execute: (move_car n6 n20)

If holds: (spare_in n4)/(vehicle_at n20)/(spare_in n22)/(spare_in n21)/(spare_in n14)/(spare_in n1)/(spare_in n18)/(spare_in n11)/(spare_in n9)/(spare_in n20)/(spare_in n19)
Execute: (loadtire n20)

If holds: (spare_in n4)/(vehicle_at n20)/(spare_in n22)/(spare_in n21)/(spare_in n14)/(spare_in n1)/(spare_in n18)/(hasspare)/(spare_in n9)/(spare_in n19)/(spare_in n11)
Execute: (changetire)

If holds: (spare_in n4)/(vehicle_at n20)/(spare_in n22)/(spare_in n21)/(spare_in n14)/(spare_in n1)/(spare_in n18)/(not_flattire)/(spare_in n11)/(spare_in n9)/(spare_in n19)
Execute: (move_car n20 n11)

If holds: (spare_in n4)/(spare_in n22)/(spare_in n14)/(spare_in n21)/(spare_in n1)/(vehicle_at n11)/(spare_in n18)/(spare_in n9)/(spare_in n19)/(spare_in n11)
Execute: (loadtire n11)

If holds: (spare_in n4)/(spare_in n22)/(spare_in n14)/(spare_in n21)/(spare_in n1)/(vehicle_at n11)/(spare_in n18)/(hasspare)/(spare_in n9)/(spare_in n19)
Execute: (changetire)

If holds: (spare_in n4)/(spare_in n22)/(spare_in n14)/(spare_in n21)/(spare_in n1)/(vehicle_at n11)/(spare_in n18)/(not_flattire)/(spare_in n9)/(spare_in n19)
Execute: (move_car n11 n21)

If holds: (spare_in n4)/(spare_in n22)/(spare_in n21)/(spare_in n14)/(spare_in n1)/(spare_in n18)/(vehicle_at n21)/(spare_in n9)/(spare_in n19)
Execute: (loadtire n21)

If holds: (spare_in n4)/(spare_in n22)/(spare_in n14)/(spare_in n1)/(spare_in n18)/(vehicle_at n21)/(hasspare)/(spare_in n9)/(spare_in n19)
Execute: (changetire)

If holds: (spare_in n4)/(spare_in n22)/(spare_in n14)/(spare_in n1)/(spare_in n18)/(not_flattire)/(vehicle_at n21)/(spare_in n9)/(spare_in n19)
Execute: (move_car n21 n15)

If holds: (spare_in n4)/(spare_in n22)/(spare_in n14)/(spare_in n21)/(spare_in n1)/(spare_in n18)/(not_flattire)/(vehicle_at n21)/(spare_in n9)/(spare_in n19)
Execute: (move_car n21 n22)

If holds: (spare_in n4)/(spare_in n22)/(spare_in n21)/(spare_in n14)/(spare_in n1)/(spare_in n18)/(spare_in n9)/(vehicle_at n22)/(spare_in n19)
Execute: (loadtire n22)

If holds: (spare_in n4)/(spare_in n1)/(spare_in n21)/(spare_in n14)/(spare_in n18)/(hasspare)/(spare_in n9)/(vehicle_at n22)/(spare_in n19)
Execute: (changetire)

If holds: (spare_in n4)/(spare_in n1)/(spare_in n21)/(spare_in n14)/(spare_in n18)/(not_flattire)/(spare_in n9)/(vehicle_at n22)/(spare_in n19)
Execute: (move_car n22 n19)

If holds: (spare_in n4)/(spare_in n1)/(spare_in n14)/(spare_in n21)/(spare_in n9)/(vehicle_at n19)/(spare_in n18)/(spare_in n19)
Execute: (loadtire n19)

If holds: (spare_in n4)/(hasspare)/(spare_in n1)/(spare_in n14)/(spare_in n21)/(spare_in n9)/(vehicle_at n19)/(spare_in n18)
Execute: (changetire)

If holds: (spare_in n4)/(spare_in n1)/(spare_in n14)/(spare_in n21)/(spare_in n9)/(vehicle_at n19)/(spare_in n18)/(not_flattire)
Execute: (move_car n19 n15)

If holds: (spare_in n4)/(spare_in n1)/(spare_in n21)/(spare_in n14)/(vehicle_at n19)/(spare_in n18)/(not_flattire)/(spare_in n9)/(spare_in n19)
Execute: (move_car n19 n15)

If holds: (spare_in n4)/(spare_in n22)/(spare_in n14)/(spare_in n21)/(spare_in n1)/(spare_in n18)/(not_flattire)/(spare_in n9)/(vehicle_at n22)/(spare_in n19)
Execute: (move_car n22 n19)

If holds: (spare_in n4)/(spare_in n22)/(spare_in n21)/(spare_in n14)/(spare_in n1)/(vehicle_at n19)/(spare_in n18)/(spare_in n9)/(spare_in n19)
Execute: (loadtire n19)

If holds: (spare_in n4)/(spare_in n22)/(spare_in n21)/(spare_in n14)/(spare_in n1)/(vehicle_at n19)/(spare_in n18)/(hasspare)/(spare_in n9)
Execute: (changetire)

If holds: (spare_in n4)/(spare_in n22)/(spare_in n21)/(spare_in n14)/(spare_in n1)/(vehicle_at n19)/(spare_in n18)/(not_flattire)/(spare_in n9)
Execute: (move_car n19 n15)

If holds: (spare_in n4)/(spare_in n22)/(spare_in n14)/(spare_in n21)/(spare_in n1)/(vehicle_at n19)/(spare_in n18)/(not_flattire)/(spare_in n9)/(spare_in n19)
Execute: (move_car n19 n15)

If holds: (spare_in n4)/(spare_in n22)/(spare_in n21)/(spare_in n14)/(spare_in n1)/(vehicle_at n11)/(spare_in n18)/(not_flattire)/(spare_in n9)/(spare_in n19)/(spare_in n11)
Execute: (move_car n11 n21)

If holds: (spare_in n4)/(spare_in n22)/(spare_in n14)/(spare_in n21)/(spare_in n1)/(spare_in n18)/(vehicle_at n21)/(spare_in n11)/(spare_in n9)/(spare_in n19)
Execute: (loadtire n21)

If holds: (spare_in n4)/(spare_in n22)/(spare_in n14)/(spare_in n1)/(spare_in n18)/(vehicle_at n21)/(hasspare)/(spare_in n9)/(spare_in n19)/(spare_in n11)
Execute: (changetire)

If holds: (spare_in n4)/(spare_in n22)/(spare_in n14)/(spare_in n1)/(spare_in n18)/(not_flattire)/(vehicle_at n21)/(spare_in n11)/(spare_in n9)/(spare_in n19)
Execute: (move_car n21 n18)

If holds: (spare_in n4)/(spare_in n22)/(spare_in n14)/(spare_in n1)/(spare_in n18)/(vehicle_at n18)/(spare_in n9)/(spare_in n19)/(spare_in n11)
Execute: (loadtire n18)

If holds: (spare_in n4)/(spare_in n22)/(spare_in n14)/(spare_in n1)/(vehicle_at n18)/(spare_in n11)/(hasspare)/(spare_in n9)/(spare_in n19)
Execute: (changetire)

If holds: (spare_in n4)/(spare_in n22)/(spare_in n14)/(spare_in n1)/(not_flattire)/(vehicle_at n18)/(spare_in n9)/(spare_in n19)/(spare_in n11)
Execute: (move_car n18 n19)

If holds: (spare_in n4)/(spare_in n22)/(spare_in n14)/(spare_in n1)/(spare_in n9)/(vehicle_at n19)/(spare_in n19)/(spare_in n11)
Execute: (loadtire n19)

If holds: (spare_in n4)/(hasspare)/(spare_in n22)/(spare_in n14)/(spare_in n1)/(spare_in n9)/(vehicle_at n19)/(spare_in n11)
Execute: (changetire)

If holds: (spare_in n4)/(spare_in n22)/(spare_in n14)/(spare_in n1)/(spare_in n9)/(vehicle_at n19)/(not_flattire)/(spare_in n11)
Execute: (move_car n19 n15)

If holds: (spare_in n4)/(spare_in n22)/(spare_in n14)/(spare_in n1)/(vehicle_at n19)/(not_flattire)/(spare_in n11)/(spare_in n9)/(spare_in n19)
Execute: (move_car n19 n22)

If holds: (spare_in n4)/(spare_in n11)/(spare_in n22)/(spare_in n14)/(spare_in n1)/(spare_in n9)/(vehicle_at n22)/(spare_in n19)
Execute: (loadtire n22)

If holds: (spare_in n4)/(spare_in n11)/(hasspare)/(spare_in n1)/(spare_in n14)/(spare_in n9)/(vehicle_at n22)/(spare_in n19)
Execute: (changetire)

If holds: (spare_in n4)/(spare_in n11)/(spare_in n1)/(spare_in n14)/(spare_in n9)/(not_flattire)/(vehicle_at n22)/(spare_in n19)
Execute: (move_car n22 n19)

If holds: (spare_in n4)/(spare_in n11)/(spare_in n1)/(spare_in n14)/(spare_in n9)/(vehicle_at n19)/(spare_in n19)
Execute: (loadtire n19)

If holds: (spare_in n4)/(hasspare)/(spare_in n1)/(spare_in n14)/(spare_in n9)/(vehicle_at n19)/(spare_in n11)
Execute: (changetire)

If holds: (spare_in n4)/(spare_in n1)/(spare_in n14)/(spare_in n9)/(vehicle_at n19)/(not_flattire)/(spare_in n11)
Execute: (move_car n19 n15)

If holds: (spare_in n4)/(spare_in n11)/(spare_in n1)/(spare_in n14)/(spare_in n9)/(vehicle_at n19)/(not_flattire)/(spare_in n19)
Execute: (move_car n19 n15)

If holds: (spare_in n4)/(spare_in n22)/(spare_in n14)/(spare_in n1)/(not_flattire)/(spare_in n9)/(spare_in n19)/(vehicle_at n22)/(spare_in n11)
Execute: (move_car n22 n19)

If holds: (spare_in n4)/(spare_in n22)/(spare_in n14)/(spare_in n1)/(spare_in n18)/(not_flattire)/(vehicle_at n18)/(spare_in n9)/(spare_in n19)/(spare_in n11)
Execute: (move_car n18 n19)

If holds: (spare_in n4)/(spare_in n22)/(spare_in n14)/(spare_in n1)/(vehicle_at n19)/(spare_in n18)/(spare_in n11)/(spare_in n9)/(spare_in n19)
Execute: (loadtire n19)

If holds: (spare_in n4)/(spare_in n22)/(spare_in n14)/(spare_in n1)/(vehicle_at n19)/(spare_in n18)/(hasspare)/(spare_in n9)/(spare_in n11)
Execute: (changetire)

If holds: (spare_in n4)/(spare_in n22)/(spare_in n14)/(spare_in n1)/(vehicle_at n19)/(spare_in n18)/(not_flattire)/(spare_in n9)/(spare_in n11)
Execute: (move_car n19 n15)

If holds: (spare_in n4)/(spare_in n22)/(spare_in n14)/(spare_in n1)/(vehicle_at n19)/(spare_in n18)/(not_flattire)/(spare_in n11)/(spare_in n9)/(spare_in n19)
Execute: (move_car n19 n15)

If holds: (spare_in n4)/(spare_in n22)/(spare_in n21)/(spare_in n14)/(spare_in n1)/(spare_in n18)/(not_flattire)/(vehicle_at n21)/(spare_in n11)/(spare_in n9)/(spare_in n19)
Execute: (move_car n21 n11)

If holds: (spare_in n4)/(vehicle_at n20)/(spare_in n22)/(spare_in n21)/(spare_in n14)/(spare_in n1)/(spare_in n18)/(not_flattire)/(spare_in n11)/(spare_in n9)/(spare_in n20)/(spare_in n19)
Execute: (move_car n20 n11)

If holds: (spare_in n4)/(spare_in n22)/(spare_in n21)/(spare_in n14)/(spare_in n1)/(vehicle_at n11)/(spare_in n18)/(spare_in n9)/(spare_in n20)/(spare_in n19)/(spare_in n11)
Execute: (loadtire n11)

If holds: (spare_in n4)/(spare_in n22)/(spare_in n21)/(spare_in n14)/(spare_in n1)/(vehicle_at n11)/(spare_in n18)/(hasspare)/(spare_in n9)/(spare_in n20)/(spare_in n19)
Execute: (changetire)

If holds: (spare_in n4)/(spare_in n22)/(spare_in n21)/(spare_in n14)/(spare_in n1)/(vehicle_at n11)/(spare_in n18)/(not_flattire)/(spare_in n9)/(spare_in n20)/(spare_in n19)
Execute: (move_car n11 n20)

If holds: (spare_in n4)/(vehicle_at n20)/(spare_in n22)/(spare_in n14)/(spare_in n21)/(spare_in n1)/(spare_in n18)/(spare_in n9)/(spare_in n20)/(spare_in n19)
Execute: (loadtire n20)

If holds: (spare_in n4)/(vehicle_at n20)/(spare_in n22)/(spare_in n14)/(spare_in n21)/(spare_in n1)/(spare_in n18)/(hasspare)/(spare_in n9)/(spare_in n19)
Execute: (changetire)

If holds: (spare_in n4)/(vehicle_at n20)/(spare_in n22)/(spare_in n14)/(spare_in n21)/(spare_in n1)/(spare_in n18)/(not_flattire)/(spare_in n9)/(spare_in n19)
Execute: (move_car n20 n15)

If holds: (spare_in n4)/(vehicle_at n20)/(spare_in n22)/(spare_in n21)/(spare_in n14)/(spare_in n1)/(spare_in n18)/(not_flattire)/(spare_in n9)/(spare_in n20)/(spare_in n19)
Execute: (move_car n20 n15)

If holds: (spare_in n4)/(spare_in n22)/(spare_in n21)/(spare_in n14)/(spare_in n1)/(vehicle_at n11)/(spare_in n18)/(not_flattire)/(spare_in n9)/(spare_in n20)/(spare_in n19)/(spare_in n11)
Execute: (move_car n11 n20)

If holds: (spare_in n4)/(spare_in n22)/(spare_in n21)/(spare_in n14)/(spare_in n1)/(spare_in n18)/(spare_in n6)/(not_flattire)/(spare_in n9)/(spare_in n20)/(spare_in n19)/(vehicle_at n6)/(spare_in n11)
Execute: (move_car n6 n20)

If holds: (spare_in n4)/(vehicle_at n20)/(spare_in n22)/(spare_in n21)/(spare_in n14)/(spare_in n1)/(spare_in n18)/(spare_in n6)/(spare_in n11)/(spare_in n9)/(spare_in n20)/(spare_in n19)
Execute: (loadtire n20)

If holds: (spare_in n4)/(vehicle_at n20)/(spare_in n22)/(spare_in n21)/(spare_in n14)/(spare_in n1)/(spare_in n18)/(spare_in n6)/(hasspare)/(spare_in n9)/(spare_in n19)/(spare_in n11)
Execute: (changetire)

If holds: (spare_in n4)/(vehicle_at n20)/(spare_in n22)/(spare_in n21)/(spare_in n14)/(spare_in n1)/(spare_in n18)/(spare_in n6)/(not_flattire)/(spare_in n11)/(spare_in n9)/(spare_in n19)
Execute: (move_car n20 n6)

If holds: (spare_in n4)/(spare_in n22)/(spare_in n21)/(spare_in n14)/(spare_in n1)/(spare_in n18)/(spare_in n6)/(spare_in n9)/(spare_in n19)/(vehicle_at n6)/(spare_in n11)
Execute: (loadtire n6)

If holds: (spare_in n4)/(spare_in n22)/(spare_in n21)/(spare_in n14)/(spare_in n1)/(spare_in n18)/(spare_in n11)/(hasspare)/(spare_in n9)/(vehicle_at n6)/(spare_in n19)
Execute: (changetire)

If holds: (spare_in n4)/(spare_in n22)/(spare_in n21)/(spare_in n14)/(spare_in n1)/(spare_in n18)/(not_flattire)/(spare_in n9)/(spare_in n19)/(vehicle_at n6)/(spare_in n11)
Execute: (move_car n6 n15)

If holds: (spare_in n4)/(spare_in n22)/(spare_in n21)/(spare_in n14)/(spare_in n1)/(spare_in n18)/(spare_in n6)/(not_flattire)/(spare_in n9)/(spare_in n19)/(vehicle_at n6)/(spare_in n11)
Execute: (move_car n6 n15)

If holds: (spare_in n4)/(vehicle_at n20)/(spare_in n22)/(spare_in n21)/(spare_in n14)/(spare_in n1)/(spare_in n18)/(spare_in n6)/(not_flattire)/(spare_in n11)/(spare_in n9)/(spare_in n20)/(spare_in n19)
Execute: (move_car n20 n6)

If holds: (spare_in n4)/(spare_in n22)/(spare_in n21)/(spare_in n14)/(spare_in n1)/(spare_in n18)/(spare_in n6)/(not_flattire)/(spare_in n11)/(spare_in n9)/(spare_in n20)/(vehicle_at n8)/(spare_in n8)/(spare_in n19)
Execute: (move_car n8 n6)

If holds: (spare_in n4)/(spare_in n22)/(spare_in n21)/(spare_in n14)/(spare_in n1)/(spare_in n18)/(spare_in n6)/(spare_in n9)/(spare_in n20)/(spare_in n8)/(spare_in n19)/(vehicle_at n6)/(spare_in n11)
Execute: (loadtire n6)

If holds: (spare_in n4)/(spare_in n22)/(spare_in n21)/(spare_in n14)/(spare_in n1)/(spare_in n18)/(spare_in n11)/(hasspare)/(spare_in n9)/(spare_in n20)/(spare_in n8)/(vehicle_at n6)/(spare_in n19)
Execute: (changetire)

If holds: (spare_in n4)/(spare_in n22)/(spare_in n21)/(spare_in n14)/(spare_in n1)/(spare_in n18)/(not_flattire)/(spare_in n9)/(spare_in n20)/(spare_in n8)/(spare_in n19)/(vehicle_at n6)/(spare_in n11)
Execute: (move_car n6 n20)

If holds: (spare_in n4)/(vehicle_at n20)/(spare_in n22)/(spare_in n21)/(spare_in n14)/(spare_in n1)/(spare_in n18)/(spare_in n11)/(spare_in n9)/(spare_in n20)/(spare_in n8)/(spare_in n19)
Execute: (loadtire n20)

If holds: (spare_in n4)/(vehicle_at n20)/(spare_in n22)/(spare_in n21)/(spare_in n14)/(spare_in n1)/(spare_in n18)/(hasspare)/(spare_in n9)/(spare_in n8)/(spare_in n19)/(spare_in n11)
Execute: (changetire)

If holds: (spare_in n4)/(vehicle_at n20)/(spare_in n22)/(spare_in n21)/(spare_in n14)/(spare_in n1)/(spare_in n18)/(not_flattire)/(spare_in n11)/(spare_in n9)/(spare_in n8)/(spare_in n19)
Execute: (move_car n20 n11)

If holds: (spare_in n4)/(spare_in n22)/(spare_in n21)/(spare_in n14)/(spare_in n1)/(vehicle_at n11)/(spare_in n18)/(spare_in n9)/(spare_in n8)/(spare_in n19)/(spare_in n11)
Execute: (loadtire n11)

If holds: (spare_in n4)/(spare_in n22)/(spare_in n21)/(spare_in n14)/(spare_in n1)/(vehicle_at n11)/(spare_in n18)/(hasspare)/(spare_in n9)/(spare_in n8)/(spare_in n19)
Execute: (changetire)

If holds: (spare_in n4)/(spare_in n22)/(spare_in n21)/(spare_in n14)/(spare_in n1)/(vehicle_at n11)/(spare_in n18)/(not_flattire)/(spare_in n9)/(spare_in n8)/(spare_in n19)
Execute: (move_car n11 n8)

If holds: (spare_in n4)/(spare_in n22)/(spare_in n14)/(spare_in n21)/(spare_in n1)/(spare_in n18)/(spare_in n9)/(vehicle_at n8)/(spare_in n8)/(spare_in n19)
Execute: (loadtire n8)

If holds: (spare_in n4)/(spare_in n22)/(spare_in n14)/(spare_in n21)/(spare_in n1)/(spare_in n18)/(hasspare)/(spare_in n9)/(vehicle_at n8)/(spare_in n19)
Execute: (changetire)

If holds: (spare_in n4)/(spare_in n22)/(spare_in n14)/(spare_in n21)/(spare_in n1)/(spare_in n18)/(not_flattire)/(spare_in n9)/(vehicle_at n8)/(spare_in n19)
Execute: (move_car n8 n14)

If holds: (spare_in n4)/(spare_in n22)/(spare_in n21)/(spare_in n14)/(spare_in n1)/(spare_in n18)/(vehicle_at n14)/(spare_in n9)/(spare_in n19)
Execute: (loadtire n14)

If holds: (spare_in n4)/(spare_in n22)/(spare_in n21)/(spare_in n1)/(spare_in n18)/(hasspare)/(vehicle_at n14)/(spare_in n9)/(spare_in n19)
Execute: (changetire)

If holds: (spare_in n4)/(spare_in n22)/(spare_in n21)/(spare_in n1)/(spare_in n18)/(not_flattire)/(vehicle_at n14)/(spare_in n9)/(spare_in n19)
Execute: (move_car n14 n21)

If holds: (vehicle_at n21)/(spare_in n4)/(spare_in n22)/(spare_in n21)/(spare_in n1)/(spare_in n9)/(spare_in n18)/(spare_in n19)
Execute: (loadtire n21)

If holds: (vehicle_at n21)/(spare_in n4)/(hasspare)/(spare_in n22)/(spare_in n1)/(spare_in n9)/(spare_in n18)/(spare_in n19)
Execute: (changetire)

If holds: (vehicle_at n21)/(spare_in n4)/(spare_in n22)/(spare_in n1)/(spare_in n9)/(spare_in n18)/(not_flattire)/(spare_in n19)
Execute: (move_car n21 n15)

If holds: (spare_in n4)/(spare_in n22)/(spare_in n21)/(spare_in n1)/(spare_in n18)/(not_flattire)/(vehicle_at n21)/(spare_in n9)/(spare_in n19)
Execute: (move_car n21 n18)

If holds: (vehicle_at n18)/(spare_in n4)/(spare_in n22)/(spare_in n21)/(spare_in n1)/(spare_in n9)/(spare_in n18)/(spare_in n19)
Execute: (loadtire n18)

If holds: (vehicle_at n18)/(spare_in n4)/(hasspare)/(spare_in n22)/(spare_in n21)/(spare_in n1)/(spare_in n9)/(spare_in n19)
Execute: (changetire)

If holds: (vehicle_at n18)/(spare_in n4)/(spare_in n22)/(spare_in n21)/(spare_in n1)/(spare_in n9)/(not_flattire)/(spare_in n19)
Execute: (move_car n18 n19)

If holds: (spare_in n4)/(spare_in n22)/(spare_in n21)/(spare_in n1)/(spare_in n9)/(vehicle_at n19)/(spare_in n19)
Execute: (loadtire n19)

If holds: (spare_in n4)/(hasspare)/(spare_in n22)/(spare_in n21)/(spare_in n1)/(spare_in n9)/(vehicle_at n19)
Execute: (changetire)

If holds: (spare_in n4)/(spare_in n22)/(spare_in n21)/(spare_in n1)/(spare_in n9)/(vehicle_at n19)/(not_flattire)
Execute: (move_car n19 n15)

If holds: (spare_in n4)/(spare_in n22)/(spare_in n21)/(spare_in n1)/(spare_in n9)/(vehicle_at n19)/(not_flattire)/(spare_in n19)
Execute: (move_car n19 n15)

If holds: (spare_in n4)/(spare_in n22)/(spare_in n21)/(spare_in n1)/(spare_in n18)/(not_flattire)/(vehicle_at n18)/(spare_in n9)/(spare_in n19)
Execute: (move_car n18 n19)

If holds: (spare_in n4)/(spare_in n22)/(spare_in n21)/(spare_in n1)/(spare_in n9)/(vehicle_at n19)/(spare_in n18)/(spare_in n19)
Execute: (loadtire n19)

If holds: (spare_in n4)/(hasspare)/(spare_in n22)/(spare_in n21)/(spare_in n1)/(spare_in n9)/(vehicle_at n19)/(spare_in n18)
Execute: (changetire)

If holds: (spare_in n4)/(spare_in n22)/(spare_in n21)/(spare_in n1)/(spare_in n9)/(vehicle_at n19)/(spare_in n18)/(not_flattire)
Execute: (move_car n19 n15)

If holds: (spare_in n4)/(spare_in n22)/(spare_in n21)/(spare_in n1)/(vehicle_at n19)/(spare_in n18)/(not_flattire)/(spare_in n9)/(spare_in n19)
Execute: (loadtire n19)

If holds: (spare_in n4)/(spare_in n22)/(spare_in n21)/(spare_in n1)/(vehicle_at n19)/(spare_in n18)/(not_flattire)/(hasspare)/(spare_in n9)
Execute: (move_car n19 n15)

If holds: (spare_in n4)/(spare_in n22)/(spare_in n14)/(spare_in n21)/(spare_in n1)/(spare_in n18)/(not_flattire)/(vehicle_at n14)/(spare_in n9)/(spare_in n19)
Execute: (move_car n14 n21)

If holds: (spare_in n4)/(spare_in n22)/(spare_in n21)/(spare_in n14)/(spare_in n1)/(spare_in n18)/(not_flattire)/(spare_in n9)/(vehicle_at n8)/(spare_in n8)/(spare_in n19)
Execute: (move_car n8 n14)

If holds: (spare_in n4)/(spare_in n22)/(spare_in n14)/(spare_in n21)/(spare_in n1)/(spare_in n18)/(vehicle_at n14)/(spare_in n9)/(spare_in n8)/(spare_in n19)
Execute: (loadtire n14)

If holds: (spare_in n4)/(spare_in n22)/(spare_in n21)/(spare_in n1)/(spare_in n18)/(hasspare)/(vehicle_at n14)/(spare_in n9)/(spare_in n8)/(spare_in n19)
Execute: (changetire)

If holds: (spare_in n4)/(spare_in n22)/(spare_in n21)/(spare_in n1)/(spare_in n18)/(not_flattire)/(vehicle_at n14)/(spare_in n9)/(spare_in n8)/(spare_in n19)
Execute: (move_car n14 n21)

If holds: (spare_in n4)/(spare_in n22)/(spare_in n21)/(spare_in n1)/(spare_in n18)/(vehicle_at n21)/(spare_in n9)/(spare_in n8)/(spare_in n19)
Execute: (loadtire n21)

If holds: (spare_in n4)/(spare_in n22)/(spare_in n1)/(spare_in n18)/(vehicle_at n21)/(hasspare)/(spare_in n9)/(spare_in n8)/(spare_in n19)
Execute: (changetire)

If holds: (spare_in n4)/(spare_in n22)/(spare_in n1)/(spare_in n18)/(not_flattire)/(vehicle_at n21)/(spare_in n9)/(spare_in n8)/(spare_in n19)
Execute: (move_car n21 n15)

If holds: (spare_in n4)/(spare_in n22)/(spare_in n21)/(spare_in n1)/(spare_in n18)/(not_flattire)/(vehicle_at n21)/(spare_in n9)/(spare_in n8)/(spare_in n19)
Execute: (move_car n21 n15)

If holds: (spare_in n4)/(spare_in n22)/(spare_in n21)/(spare_in n14)/(spare_in n1)/(spare_in n18)/(not_flattire)/(vehicle_at n14)/(spare_in n9)/(spare_in n8)/(spare_in n19)
Execute: (move_car n14 n8)

If holds: (spare_in n4)/(spare_in n22)/(spare_in n21)/(spare_in n14)/(spare_in n1)/(vehicle_at n11)/(spare_in n18)/(not_flattire)/(spare_in n9)/(spare_in n8)/(spare_in n19)/(spare_in n11)
Execute: (move_car n11 n8)

If holds: (spare_in n4)/(spare_in n22)/(spare_in n21)/(spare_in n14)/(spare_in n1)/(spare_in n18)/(spare_in n11)/(spare_in n9)/(vehicle_at n8)/(spare_in n8)/(spare_in n19)
Execute: (loadtire n8)

If holds: (spare_in n4)/(spare_in n22)/(spare_in n21)/(spare_in n14)/(spare_in n1)/(spare_in n18)/(hasspare)/(spare_in n9)/(vehicle_at n8)/(spare_in n19)/(spare_in n11)
Execute: (changetire)

If holds: (spare_in n4)/(spare_in n22)/(spare_in n21)/(spare_in n14)/(spare_in n1)/(spare_in n18)/(not_flattire)/(spare_in n11)/(spare_in n9)/(vehicle_at n8)/(spare_in n19)
Execute: (move_car n8 n11)

If holds: (spare_in n4)/(spare_in n22)/(spare_in n21)/(spare_in n14)/(spare_in n1)/(spare_in n18)/(not_flattire)/(spare_in n11)/(spare_in n9)/(vehicle_at n8)/(spare_in n8)/(spare_in n19)
Execute: (move_car n8 n11)

If holds: (spare_in n4)/(vehicle_at n20)/(spare_in n22)/(spare_in n21)/(spare_in n14)/(spare_in n1)/(spare_in n18)/(not_flattire)/(spare_in n11)/(spare_in n9)/(spare_in n20)/(spare_in n8)/(spare_in n19)
Execute: (move_car n20 n11)

If holds: (spare_in n4)/(spare_in n22)/(spare_in n21)/(spare_in n14)/(spare_in n1)/(vehicle_at n11)/(spare_in n18)/(spare_in n9)/(spare_in n20)/(spare_in n8)/(spare_in n19)/(spare_in n11)
Execute: (loadtire n11)

If holds: (spare_in n4)/(spare_in n22)/(spare_in n21)/(spare_in n14)/(spare_in n1)/(vehicle_at n11)/(spare_in n18)/(hasspare)/(spare_in n9)/(spare_in n20)/(spare_in n8)/(spare_in n19)
Execute: (changetire)

If holds: (spare_in n4)/(spare_in n22)/(spare_in n21)/(spare_in n14)/(spare_in n1)/(vehicle_at n11)/(spare_in n18)/(not_flattire)/(spare_in n9)/(spare_in n20)/(spare_in n8)/(spare_in n19)
Execute: (move_car n11 n20)

If holds: (spare_in n4)/(vehicle_at n20)/(spare_in n22)/(spare_in n21)/(spare_in n14)/(spare_in n1)/(spare_in n18)/(spare_in n9)/(spare_in n20)/(spare_in n8)/(spare_in n19)
Execute: (loadtire n20)

If holds: (spare_in n4)/(vehicle_at n20)/(spare_in n22)/(spare_in n21)/(spare_in n14)/(spare_in n1)/(spare_in n18)/(hasspare)/(spare_in n9)/(spare_in n8)/(spare_in n19)
Execute: (changetire)

If holds: (spare_in n4)/(vehicle_at n20)/(spare_in n22)/(spare_in n21)/(spare_in n14)/(spare_in n1)/(spare_in n18)/(not_flattire)/(spare_in n9)/(spare_in n8)/(spare_in n19)
Execute: (move_car n20 n15)

If holds: (spare_in n4)/(vehicle_at n20)/(spare_in n22)/(spare_in n21)/(spare_in n14)/(spare_in n1)/(spare_in n18)/(not_flattire)/(spare_in n9)/(spare_in n20)/(spare_in n8)/(spare_in n19)
Execute: (move_car n20 n15)

If holds: (spare_in n4)/(spare_in n22)/(spare_in n21)/(spare_in n14)/(spare_in n1)/(vehicle_at n11)/(spare_in n18)/(not_flattire)/(spare_in n9)/(spare_in n20)/(spare_in n8)/(spare_in n19)/(spare_in n11)
Execute: (move_car n11 n20)

If holds: (spare_in n4)/(spare_in n22)/(spare_in n21)/(spare_in n14)/(spare_in n1)/(spare_in n18)/(spare_in n6)/(not_flattire)/(spare_in n9)/(spare_in n20)/(spare_in n8)/(spare_in n19)/(vehicle_at n6)/(spare_in n11)
Execute: (move_car n6 n20)

If holds: (spare_in n4)/(vehicle_at n20)/(spare_in n22)/(spare_in n21)/(spare_in n14)/(spare_in n1)/(spare_in n18)/(spare_in n6)/(spare_in n11)/(spare_in n9)/(spare_in n20)/(spare_in n8)/(spare_in n19)
Execute: (loadtire n20)

If holds: (spare_in n4)/(vehicle_at n20)/(spare_in n22)/(spare_in n21)/(spare_in n14)/(spare_in n1)/(spare_in n18)/(spare_in n6)/(hasspare)/(spare_in n9)/(spare_in n8)/(spare_in n19)/(spare_in n11)
Execute: (changetire)

If holds: (spare_in n4)/(vehicle_at n20)/(spare_in n22)/(spare_in n21)/(spare_in n14)/(spare_in n1)/(spare_in n18)/(spare_in n6)/(not_flattire)/(spare_in n11)/(spare_in n9)/(spare_in n8)/(spare_in n19)
Execute: (move_car n20 n6)

If holds: (spare_in n4)/(spare_in n22)/(spare_in n21)/(spare_in n14)/(spare_in n1)/(spare_in n18)/(spare_in n6)/(spare_in n9)/(spare_in n8)/(spare_in n19)/(vehicle_at n6)/(spare_in n11)
Execute: (loadtire n6)

If holds: (spare_in n4)/(spare_in n22)/(spare_in n21)/(spare_in n14)/(spare_in n1)/(spare_in n18)/(spare_in n11)/(hasspare)/(spare_in n9)/(spare_in n8)/(vehicle_at n6)/(spare_in n19)
Execute: (changetire)

If holds: (spare_in n4)/(spare_in n22)/(spare_in n21)/(spare_in n14)/(spare_in n1)/(spare_in n18)/(not_flattire)/(spare_in n9)/(spare_in n8)/(spare_in n19)/(vehicle_at n6)/(spare_in n11)
Execute: (move_car n6 n8)

If holds: (spare_in n4)/(spare_in n22)/(spare_in n21)/(spare_in n14)/(spare_in n1)/(spare_in n18)/(spare_in n6)/(not_flattire)/(spare_in n9)/(spare_in n8)/(spare_in n19)/(vehicle_at n6)/(spare_in n11)
Execute: (move_car n6 n8)

If holds: (spare_in n4)/(spare_in n22)/(spare_in n21)/(spare_in n14)/(spare_in n1)/(spare_in n18)/(spare_in n6)/(spare_in n11)/(spare_in n9)/(vehicle_at n8)/(spare_in n8)/(spare_in n19)
Execute: (loadtire n8)

If holds: (spare_in n4)/(spare_in n22)/(spare_in n21)/(spare_in n14)/(spare_in n1)/(spare_in n18)/(spare_in n6)/(hasspare)/(spare_in n9)/(vehicle_at n8)/(spare_in n19)/(spare_in n11)
Execute: (changetire)

If holds: (spare_in n4)/(spare_in n22)/(spare_in n21)/(spare_in n14)/(spare_in n1)/(spare_in n18)/(spare_in n6)/(not_flattire)/(spare_in n11)/(spare_in n9)/(vehicle_at n8)/(spare_in n19)
Execute: (move_car n8 n6)

If holds: (spare_in n4)/(spare_in n22)/(spare_in n21)/(spare_in n14)/(spare_in n1)/(spare_in n18)/(spare_in n6)/(not_flattire)/(spare_in n11)/(spare_in n9)/(vehicle_at n8)/(spare_in n8)/(spare_in n19)
Execute: (move_car n8 n6)

If holds: (spare_in n4)/(vehicle_at n20)/(spare_in n22)/(spare_in n21)/(spare_in n14)/(spare_in n1)/(spare_in n18)/(spare_in n6)/(not_flattire)/(spare_in n11)/(spare_in n9)/(spare_in n20)/(spare_in n8)/(spare_in n19)
Execute: (move_car n20 n6)

