If holds: (spare_in n5)/(spare_in n24)/(spare_in n14)/(spare_in n6)/(spare_in n21)/(spare_in n1)/(spare_in n10)/(spare_in n16)/(spare_in n28)/(spare_in n9)/(spare_in n19)/(not_flattire)/(spare_in n13)/(spare_in n17)/(spare_in n7)/(vehicle_at n10)/(spare_in n2)/(spare_in n20)
Execute: (loadtire n10)

If holds: (spare_in n5)/(spare_in n24)/(spare_in n14)/(spare_in n6)/(spare_in n9)/(spare_in n19)/(not_flattire)/(spare_in n13)/(spare_in n17)/(spare_in n7)/(vehicle_at n10)/(spare_in n2)/(spare_in n20)/(spare_in n21)/(spare_in n1)/(spare_in n16)/(hasspare)/(spare_in n28)
Execute: (move_car n10 n15)

If holds: (spare_in n5)/(spare_in n24)/(spare_in n14)/(spare_in n6)/(spare_in n9)/(spare_in n19)/(not_flattire)/(spare_in n13)/(spare_in n17)/(spare_in n7)/(spare_in n2)/(spare_in n20)/(spare_in n21)/(spare_in n1)/(spare_in n16)/(hasspare)/(spare_in n28)/(vehicle_at n15)
Execute: (move_car n15 n16)

If holds: (spare_in n5)/(spare_in n24)/(spare_in n14)/(spare_in n6)/(vehicle_at n16)/(spare_in n9)/(spare_in n19)/(not_flattire)/(spare_in n13)/(spare_in n17)/(spare_in n7)/(spare_in n2)/(spare_in n20)/(spare_in n21)/(spare_in n1)/(spare_in n16)/(hasspare)/(spare_in n28)
Execute: (move_car n16 n24)

If holds: (spare_in n5)/(spare_in n24)/(spare_in n14)/(spare_in n6)/(vehicle_at n16)/(spare_in n9)/(spare_in n19)/(spare_in n13)/(spare_in n17)/(spare_in n7)/(spare_in n2)/(spare_in n20)/(spare_in n21)/(spare_in n1)/(spare_in n16)/(hasspare)/(spare_in n28)
Execute: (loadtire n16)

If holds: (spare_in n5)/(spare_in n24)/(spare_in n14)/(spare_in n6)/(vehicle_at n16)/(spare_in n9)/(spare_in n19)/(spare_in n13)/(spare_in n17)/(spare_in n7)/(spare_in n2)/(spare_in n20)/(spare_in n21)/(spare_in n1)/(hasspare)/(spare_in n28)
Execute: (changetire)

If holds: (spare_in n5)/(spare_in n24)/(spare_in n14)/(spare_in n6)/(spare_in n21)/(spare_in n1)/(vehicle_at n16)/(spare_in n28)/(spare_in n9)/(spare_in n19)/(not_flattire)/(spare_in n20)/(spare_in n13)/(spare_in n17)/(spare_in n7)/(spare_in n2)
Execute: (move_car n16 n24)

If holds: (spare_in n5)/(spare_in n24)/(spare_in n14)/(spare_in n6)/(spare_in n9)/(spare_in n19)/(spare_in n13)/(spare_in n17)/(spare_in n7)/(spare_in n2)/(spare_in n20)/(spare_in n21)/(spare_in n1)/(spare_in n16)/(hasspare)/(spare_in n28)/(vehicle_at n15)
Execute: (changetire)

If holds: (spare_in n5)/(spare_in n24)/(spare_in n14)/(spare_in n6)/(spare_in n9)/(spare_in n19)/(not_flattire)/(spare_in n13)/(spare_in n17)/(spare_in n7)/(spare_in n2)/(spare_in n20)/(spare_in n21)/(spare_in n1)/(spare_in n16)/(spare_in n28)/(vehicle_at n15)
Execute: (move_car n15 n16)

If holds: (spare_in n5)/(spare_in n24)/(spare_in n14)/(spare_in n6)/(spare_in n21)/(spare_in n1)/(spare_in n16)/(vehicle_at n16)/(spare_in n28)/(spare_in n9)/(spare_in n19)/(spare_in n20)/(spare_in n13)/(spare_in n17)/(spare_in n7)/(spare_in n2)
Execute: (loadtire n16)

If holds: (spare_in n5)/(spare_in n24)/(spare_in n14)/(spare_in n6)/(vehicle_at n16)/(spare_in n9)/(spare_in n19)/(not_flattire)/(spare_in n13)/(spare_in n17)/(spare_in n7)/(spare_in n2)/(spare_in n20)/(spare_in n21)/(spare_in n1)/(spare_in n16)/(spare_in n28)
Execute: (move_car n16 n21)

If holds: (spare_in n5)/(spare_in n24)/(spare_in n14)/(spare_in n6)/(spare_in n21)/(spare_in n1)/(spare_in n16)/(spare_in n28)/(spare_in n9)/(spare_in n19)/(spare_in n20)/(vehicle_at n21)/(spare_in n13)/(spare_in n17)/(spare_in n7)/(spare_in n2)
Execute: (loadtire n21)

If holds: (spare_in n5)/(spare_in n24)/(spare_in n14)/(spare_in n6)/(spare_in n1)/(spare_in n16)/(hasspare)/(spare_in n28)/(spare_in n9)/(spare_in n19)/(vehicle_at n21)/(spare_in n13)/(spare_in n17)/(spare_in n7)/(spare_in n2)/(spare_in n20)
Execute: (changetire)

If holds: (spare_in n5)/(spare_in n24)/(spare_in n14)/(spare_in n6)/(spare_in n1)/(spare_in n16)/(spare_in n28)/(spare_in n9)/(spare_in n19)/(not_flattire)/(spare_in n20)/(vehicle_at n21)/(spare_in n13)/(spare_in n17)/(spare_in n7)/(spare_in n2)
Execute: (move_car n21 n16)

If holds: (spare_in n5)/(spare_in n24)/(spare_in n14)/(spare_in n6)/(spare_in n1)/(spare_in n16)/(vehicle_at n16)/(spare_in n28)/(spare_in n9)/(spare_in n19)/(spare_in n13)/(spare_in n17)/(spare_in n7)/(spare_in n2)/(spare_in n20)
Execute: (loadtire n16)

If holds: (spare_in n5)/(spare_in n24)/(spare_in n14)/(spare_in n6)/(spare_in n1)/(vehicle_at n16)/(spare_in n28)/(spare_in n9)/(spare_in n19)/(hasspare)/(spare_in n20)/(spare_in n13)/(spare_in n17)/(spare_in n7)/(spare_in n2)
Execute: (changetire)

If holds: (spare_in n5)/(spare_in n24)/(spare_in n14)/(spare_in n6)/(spare_in n1)/(vehicle_at n16)/(spare_in n28)/(spare_in n9)/(spare_in n19)/(not_flattire)/(spare_in n13)/(spare_in n17)/(spare_in n7)/(spare_in n2)/(spare_in n20)
Execute: (move_car n16 n24)

If holds: (spare_in n5)/(spare_in n24)/(spare_in n14)/(spare_in n6)/(spare_in n1)/(spare_in n16)/(vehicle_at n16)/(spare_in n28)/(spare_in n9)/(spare_in n19)/(not_flattire)/(spare_in n13)/(spare_in n17)/(spare_in n7)/(spare_in n2)/(spare_in n20)
Execute: (move_car n16 n24)

If holds: (spare_in n5)/(spare_in n24)/(spare_in n14)/(spare_in n6)/(spare_in n9)/(spare_in n19)/(not_flattire)/(spare_in n13)/(spare_in n17)/(spare_in n7)/(spare_in n2)/(spare_in n20)/(spare_in n21)/(spare_in n1)/(spare_in n16)/(spare_in n28)/(vehicle_at n21)
Execute: (move_car n21 n16)

