If holds: (at_ tile_3_2)
Execute: (down_to_wall tile_3_2 tile_3_1 tile_3_0)

If holds: (at_ tile_3_1)
Execute: (left tile_3_1 tile_2_1 tile_1_1)

If holds: (at_ tile_2_1)
Execute: (left tile_2_1 tile_1_1 tile_0_1)

If holds: (at_ tile_0_1)
Execute: (up tile_0_1 tile_0_2 tile_0_3)

If holds: (at_ tile_0_2)
Execute: (up tile_0_2 tile_0_3 tile_0_4)

If holds: (at_ tile_0_4)
Execute: (up_to_wall tile_0_4 tile_0_5 upperwall_0)

If holds: (at_ tile_0_3)
Execute: (up tile_0_3 tile_0_4 tile_0_5)

If holds: (at_ tile_0_5)
Execute: (right tile_0_5 tile_1_5 tile_2_5)

If holds: (at_ tile_1_5)
Execute: (right tile_1_5 tile_2_5 tile_3_5)

If holds: (at_ tile_3_5)
Execute: (right tile_3_5 tile_4_5 tile_5_5)

If holds: (at_ tile_5_5)
Execute: (down tile_5_5 tile_5_4 tile_5_3)

If holds: (at_ tile_5_3)
Execute: (up tile_5_3 tile_5_4 tile_5_5)

If holds: (at_ tile_4_5)
Execute: (right_to_wall tile_4_5 tile_5_5 rightwall_5)

If holds: (at_ tile_1_1)
Execute: (up tile_1_1 tile_1_2 tile_1_3)

If holds: (at_ tile_1_3)
Execute: (up tile_1_3 tile_1_4 tile_1_5)

If holds: (at_ tile_1_2)
Execute: (up tile_1_2 tile_1_3 tile_1_4)

If holds: (at_ tile_1_4)
Execute: (up_to_wall tile_1_4 tile_1_5 upperwall_1)

If holds: (at_ tile_2_5)
Execute: (right tile_2_5 tile_3_5 tile_4_5)

