If holds: (at_ tile_0_4)
Execute: (down tile_0_4 tile_0_3 tile_0_2)

If holds: (at_ tile_0_2)
Execute: (down tile_0_2 tile_0_1 tile_0_0)

If holds: (at_ tile_0_1)
Execute: (right tile_0_1 tile_1_1 tile_2_1)

If holds: (at_ tile_2_1)
Execute: (right tile_2_1 tile_3_1 tile_4_1)

If holds: (at_ tile_0_3)
Execute: (down tile_0_3 tile_0_2 tile_0_1)

If holds: (at_ tile_3_1)
Execute: (right_to_wall tile_3_1 tile_4_1 tile_5_1)

If holds: (at_ tile_1_1)
Execute: (up_to_wall tile_1_1 tile_1_2 tile_1_3)

If holds: (at_ tile_1_2)
Execute: (down tile_1_2 tile_1_1 tile_1_0)

If holds: (at_ tile_1_0)
Execute: (right tile_1_0 tile_2_0 tile_3_0)

If holds: (at_ tile_3_0)
Execute: (up tile_3_0 tile_3_1 tile_3_2)

If holds: (at_ tile_2_0)
Execute: (right tile_2_0 tile_3_0 tile_4_0)

If holds: (at_ tile_4_0)
Execute: (up tile_4_0 tile_4_1 tile_4_2)

If holds: (at_ tile_4_2)
Execute: (right_to_wall tile_4_2 tile_5_2 rightwall_2)

If holds: (at_ tile_0_0)
Execute: (up tile_0_0 tile_0_1 tile_0_2)

If holds: (at_ tile_4_1)
Execute: (up_to_wall tile_4_1 tile_4_2 tile_4_3)

If holds: (at_ tile_5_2)
Execute: (left tile_5_2 tile_4_2 tile_3_2)

