If holds: (free n1)/(free ng)/(tire_at t3 n0)/(tire_at t4 n0)/(tire_at t2 n0)/(free n0)/(truck_at n0)/(free n2)/(car_at n0)/(tire_at t1 n0)/(not_flattire)
Execute: (loadtire n0 t1)

If holds: (free n1)/(free ng)/(tire_at t3 n0)/(tire_at t4 n0)/(tire_at t2 n0)/(free n0)/(truck_at n0)/(loaded t1)/(free n2)/(car_at n0)/(not_flattire)
Execute: (move_truck n0 n1)

If holds: (free ng)/(tire_at t3 n0)/(tire_at t4 n0)/(tire_at t2 n0)/(free n0)/(loaded t1)/(free n2)/(car_at n0)/(truck_at n1)/(not_flattire)
Execute: (droptire n1 t1)

If holds: (free ng)/(tire_at t3 n0)/(tire_at t4 n0)/(tire_at t2 n0)/(free n0)/(free n2)/(car_at n0)/(truck_at n1)/(not_flattire)/(tire_at t1 n1)
Execute: (move_truck_to_initial n1 n0)

If holds: (free n1)/(free ng)/(tire_at t3 n0)/(tire_at t4 n0)/(tire_at t2 n0)/(free n0)/(truck_at n0)/(free n2)/(car_at n0)/(not_flattire)/(tire_at t1 n1)
Execute: (move_car_spiky n0 n1)

If holds: (not_flattire_0)/(free ng)/(tire_at t3 n0)/(tire_at t4 n0)/(tire_at t2 n0)/(free n0)/(truck_at n0)/(free n2)/(car_at n1)/(tire_at t1 n1)
Execute: (fix n1 t1)

If holds: (free ng)/(tire_at t3 n0)/(tire_at t4 n0)/(tire_at t2 n0)/(free n0)/(truck_at n0)/(free n2)/(car_at n1)/(not_flattire)/(tire_at t1 n1)
Execute: (move_car_normal n1 n2)

If holds: (free ng)/(tire_at t3 n0)/(tire_at t4 n0)/(tire_at t2 n0)/(free n0)/(truck_at n0)/(free n2)/(car_at n1)/(not_flattire)
Execute: (move_car_normal n1 n2)

If holds: (free n1)/(free ng)/(tire_at t3 n0)/(tire_at t4 n0)/(tire_at t2 n0)/(free n0)/(truck_at n0)/(car_at n2)/(not_flattire)
Execute: (move_car_normal n2 ng)

If holds: (free n1)/(free ng)/(tire_at t3 n0)/(tire_at t4 n0)/(tire_at t2 n0)/(free n0)/(truck_at n0)/(car_at n2)/(not_flattire)/(tire_at t1 n1)
Execute: (move_car_normal n2 ng)

