If holds: (truck_at n0)/(car_at n0)/(not_flattire)/(free ng)/(free n1)/(tire_at t1 n0)/(free n2)/(free n0)
Execute: (loadtire n0 t1)

If holds: (loaded t1)/(truck_at n0)/(car_at n0)/(not_flattire)/(free n2)/(free ng)/(free n1)/(free n0)
Execute: (move_truck n0 n1)

If holds: (truck_at n1)/(free n2)/(car_at n0)/(not_flattire)/(loaded t1)/(free ng)/(free n0)
Execute: (move_truck n1 n2)

If holds: (truck_at n2)/(car_at n0)/(not_flattire)/(loaded t1)/(free ng)/(free n1)/(free n0)
Execute: (droptire n2 t1)

If holds: (truck_at n2)/(tire_at t1 n2)/(car_at n0)/(not_flattire)/(free ng)/(free n1)/(free n0)
Execute: (move_truck n2 n1)

If holds: (truck_at n1)/(tire_at t1 n2)/(car_at n0)/(not_flattire)/(free n2)/(free ng)/(free n0)
Execute: (move_truck_to_initial n1 n0)

If holds: (truck_at n0)/(car_at n0)/(not_flattire)/(free ng)/(free n1)/(tire_at t1 n2)/(free n2)/(free n0)
Execute: (move_car_normal n0 n1)

If holds: (truck_at n0)/(tire_at t1 n2)/(not_flattire)/(free n2)/(free ng)/(car_at n1)/(free n0)
Execute: (move_car_spiky n1 n2)

If holds: (truck_at n0)/(tire_at t1 n2)/(car_at n2)/(not_flattire)/(free ng)/(free n1)/(free n0)
Execute: (move_car_normal n2 ng)

If holds: (not_flattire_0)/(tire_at t1 n2)/(truck_at n0)/(car_at n2)/(free ng)/(free n1)/(free n0)
Execute: (fix n2 t1)

If holds: (truck_at n0)/(not_flattire)/(car_at n2)/(free ng)/(free n1)/(free n0)
Execute: (move_car_normal n2 ng)

