If holds: (tire_at t1 n0)/(free n2)/(free n3)/(free n1)/(car_at n0)/(free ng)/(free n0)/(not_flattire)/(truck_at n0)
Execute: (loadtire n0 t1)

If holds: (free n2)/(free n3)/(free n1)/(car_at n0)/(free ng)/(free n0)/(loaded t1)/(not_flattire)/(truck_at n0)
Execute: (move_truck n0 n1)

If holds: (free n2)/(free n3)/(free ng)/(car_at n0)/(free n0)/(loaded t1)/(truck_at n1)/(not_flattire)
Execute: (move_truck n1 n2)

If holds: (not_flattire)/(free n3)/(truck_at n2)/(free n0)/(loaded t1)/(free n1)/(free ng)/(car_at n0)
Execute: (droptire n2 t1)

If holds: (not_flattire)/(tire_at t1 n2)/(free n3)/(truck_at n2)/(free n1)/(free n0)/(free ng)/(car_at n0)
Execute: (move_truck n2 n1)

If holds: (tire_at t1 n2)/(not_flattire)/(free n2)/(free n3)/(free n0)/(truck_at n1)/(free ng)/(car_at n0)
Execute: (move_truck_to_initial n1 n0)

If holds: (free n2)/(free n3)/(free n1)/(free ng)/(car_at n0)/(tire_at t1 n2)/(free n0)/(not_flattire)/(truck_at n0)
Execute: (move_car_normal n0 n1)

If holds: (free n2)/(free n3)/(free ng)/(tire_at t1 n2)/(free n0)/(not_flattire)/(truck_at n0)/(car_at n1)
Execute: (move_car_spiky n1 n2)

If holds: (tire_at t1 n2)/(not_flattire)/(free n3)/(free n0)/(free n1)/(free ng)/(truck_at n0)/(car_at n2)
Execute: (move_car_normal n2 n3)

If holds: (tire_at t1 n2)/(not_flattire)/(free n2)/(free n1)/(free n0)/(free ng)/(truck_at n0)/(car_at n3)
Execute: (move_car_normal n3 ng)

If holds: (tire_at t1 n2)/(free n3)/(free n0)/(free n1)/(not_flattire_0)/(free ng)/(truck_at n0)/(car_at n2)
Execute: (fix n2 t1)

If holds: (not_flattire)/(free n3)/(free n1)/(free n0)/(free ng)/(truck_at n0)/(car_at n2)
Execute: (move_car_normal n2 n3)

If holds: (not_flattire)/(free n2)/(free n1)/(free n0)/(free ng)/(truck_at n0)/(car_at n3)
Execute: (move_car_normal n3 ng)

