If holds: (not_flattire)/(free n2)/(free n4)/(tire_at t1 n0)/(truck_at n0)/(car_at n0)/(free n0)/(free ng)/(free n1)/(free n3)
Execute: (loadtire n0 t1)

If holds: (not_flattire)/(free n2)/(free n4)/(loaded t1)/(truck_at n0)/(car_at n0)/(free n0)/(free ng)/(free n1)/(free n3)
Execute: (move_truck n0 n1)

If holds: (not_flattire)/(free n2)/(loaded t1)/(free n4)/(truck_at n1)/(car_at n0)/(free n0)/(free ng)/(free n3)
Execute: (move_truck n1 n2)

If holds: (not_flattire)/(loaded t1)/(free n4)/(car_at n0)/(free n0)/(truck_at n2)/(free ng)/(free n1)/(free n3)
Execute: (droptire n2 t1)

If holds: (not_flattire)/(free n4)/(car_at n0)/(tire_at t1 n2)/(free n0)/(truck_at n2)/(free ng)/(free n1)/(free n3)
Execute: (move_truck n2 n1)

If holds: (not_flattire)/(free n4)/(truck_at n1)/(free n2)/(tire_at t1 n2)/(car_at n0)/(free n0)/(free ng)/(free n3)
Execute: (move_truck_to_initial n1 n0)

If holds: (not_flattire)/(free n4)/(free n2)/(truck_at n0)/(tire_at t1 n2)/(car_at n0)/(free n0)/(free ng)/(free n1)/(free n3)
Execute: (move_car_normal n0 n1)

If holds: (not_flattire)/(free n2)/(free n4)/(truck_at n0)/(tire_at t1 n2)/(free n0)/(free ng)/(free n3)/(car_at n1)
Execute: (move_car_spiky n1 n2)

If holds: (not_flattire)/(free n4)/(truck_at n0)/(tire_at t1 n2)/(car_at n2)/(free n0)/(free ng)/(free n1)/(free n3)
Execute: (move_car_normal n2 n3)

If holds: (not_flattire)/(free n4)/(free n2)/(truck_at n0)/(tire_at t1 n2)/(car_at n3)/(free n0)/(free ng)/(free n1)
Execute: (move_car_normal n3 n4)

If holds: (not_flattire)/(free n2)/(car_at n4)/(truck_at n0)/(tire_at t1 n2)/(free n0)/(free ng)/(free n1)/(free n3)
Execute: (move_car_normal n4 ng)

If holds: (free n4)/(not_flattire_0)/(truck_at n0)/(tire_at t1 n2)/(car_at n2)/(free n0)/(free ng)/(free n1)/(free n3)
Execute: (fix n2 t1)

If holds: (free n4)/(not_flattire)/(free ng)/(car_at n2)/(truck_at n0)/(free n1)/(free n0)/(free n3)
Execute: (move_car_normal n2 n3)

If holds: (free n4)/(not_flattire)/(free n2)/(free ng)/(truck_at n0)/(free n1)/(car_at n3)/(free n0)
Execute: (move_car_normal n3 n4)

If holds: (not_flattire)/(free n2)/(car_at n4)/(free ng)/(truck_at n0)/(free n1)/(free n0)/(free n3)
Execute: (move_car_normal n4 ng)

