If holds: (free ng)/(free n3)/(not_flattire)/(car_at n0)/(free n0)/(tire_at t1 n0)/(free n4)/(free n2)/(truck_at n0)/(free n1)
Execute: (loadtire n0 t1)

If holds: (free ng)/(free n3)/(not_flattire)/(car_at n0)/(free n0)/(free n4)/(free n2)/(loaded t1)/(truck_at n0)/(free n1)
Execute: (move_truck n0 n1)

If holds: (free ng)/(free n3)/(not_flattire)/(free n0)/(car_at n0)/(free n4)/(free n2)/(loaded t1)/(truck_at n1)
Execute: (move_truck n1 n2)

If holds: (free ng)/(free n3)/(not_flattire)/(free n0)/(car_at n0)/(free n4)/(truck_at n2)/(loaded t1)/(free n1)
Execute: (move_truck n2 n3)

If holds: (free ng)/(not_flattire)/(free n0)/(car_at n0)/(free n4)/(loaded t1)/(free n2)/(truck_at n3)/(free n1)
Execute: (droptire n3 t1)

If holds: (free ng)/(not_flattire)/(tire_at t1 n3)/(free n0)/(car_at n0)/(free n4)/(free n2)/(truck_at n3)/(free n1)
Execute: (move_truck n3 n2)

If holds: (free ng)/(free n3)/(not_flattire)/(tire_at t1 n3)/(free n0)/(car_at n0)/(free n4)/(truck_at n2)/(free n1)
Execute: (move_truck n2 n1)

If holds: (free ng)/(free n3)/(not_flattire)/(tire_at t1 n3)/(car_at n0)/(free n0)/(free n4)/(truck_at n1)/(free n2)
Execute: (move_truck_to_initial n1 n0)

If holds: (free ng)/(free n3)/(not_flattire)/(tire_at t1 n3)/(car_at n0)/(free n0)/(free n4)/(free n2)/(truck_at n0)/(free n1)
Execute: (move_car_normal n0 n1)

If holds: (free ng)/(free n3)/(not_flattire)/(car_at n1)/(tire_at t1 n3)/(free n0)/(free n4)/(free n2)/(truck_at n0)
Execute: (move_car_normal n1 n2)

If holds: (free ng)/(free n3)/(not_flattire)/(tire_at t1 n3)/(free n0)/(free n4)/(car_at n2)/(truck_at n0)/(free n1)
Execute: (move_car_spiky n2 n3)

If holds: (free ng)/(not_flattire)/(tire_at t1 n3)/(free n0)/(car_at n3)/(free n4)/(free n2)/(truck_at n0)/(free n1)
Execute: (move_car_normal n3 n4)

If holds: (free ng)/(free n3)/(not_flattire)/(tire_at t1 n3)/(free n0)/(free n2)/(car_at n4)/(truck_at n0)/(free n1)
Execute: (move_car_normal n4 ng)

If holds: (free ng)/(tire_at t1 n3)/(free n0)/(car_at n3)/(free n4)/(free n2)/(not_flattire_0)/(truck_at n0)/(free n1)
Execute: (fix n3 t1)

If holds: (free ng)/(free n2)/(free n1)/(not_flattire)/(truck_at n0)/(free n0)/(car_at n3)/(free n4)
Execute: (move_car_normal n3 n4)

If holds: (free ng)/(free n2)/(car_at n4)/(not_flattire)/(free n3)/(free n0)/(truck_at n0)/(free n1)
Execute: (move_car_normal n4 ng)

