If holds: (tire_at t4 n0)/(free n0)/(not_flattire)/(free n2)/(tire_at t3 n0)/(free n1)/(tire_at t2 n0)/(free ng)/(tire_at t1 n0)/(car_at n0)/(truck_at n0)
Execute: (loadtire n0 t4)

If holds: (free n0)/(not_flattire)/(free n2)/(tire_at t3 n0)/(free n1)/(tire_at t2 n0)/(free ng)/(tire_at t1 n0)/(car_at n0)/(truck_at n0)/(loaded t4)
Execute: (move_truck n0 n1)

If holds: (not_flattire)/(free n0)/(free n2)/(tire_at t3 n0)/(truck_at n1)/(tire_at t2 n0)/(free ng)/(tire_at t1 n0)/(car_at n0)/(loaded t4)
Execute: (move_truck n1 n2)

If holds: (free n0)/(not_flattire)/(tire_at t3 n0)/(truck_at n2)/(free n1)/(tire_at t2 n0)/(free ng)/(tire_at t1 n0)/(car_at n0)/(loaded t4)
Execute: (droptire n2 t4)

If holds: (free n0)/(not_flattire)/(tire_at t4 n2)/(tire_at t3 n0)/(truck_at n2)/(free n1)/(tire_at t2 n0)/(free ng)/(tire_at t1 n0)/(car_at n0)
Execute: (move_truck n2 n1)

If holds: (not_flattire)/(free n0)/(tire_at t4 n2)/(free n2)/(tire_at t3 n0)/(truck_at n1)/(tire_at t2 n0)/(free ng)/(tire_at t1 n0)/(car_at n0)
Execute: (move_truck_to_initial n1 n0)

If holds: (not_flattire)/(free n0)/(tire_at t4 n2)/(free n2)/(tire_at t3 n0)/(free n1)/(tire_at t2 n0)/(free ng)/(tire_at t1 n0)/(car_at n0)/(truck_at n0)
Execute: (move_car_normal n0 n1)

If holds: (free n0)/(not_flattire)/(tire_at t4 n2)/(free n2)/(tire_at t3 n0)/(tire_at t2 n0)/(free ng)/(tire_at t1 n0)/(car_at n1)/(truck_at n0)
Execute: (move_car_spiky n1 n2)

If holds: (not_flattire)/(free n0)/(tire_at t4 n2)/(tire_at t3 n0)/(car_at n2)/(free n1)/(tire_at t2 n0)/(free ng)/(tire_at t1 n0)/(truck_at n0)
Execute: (move_car_normal n2 ng)

If holds: (not_flattire_0)/(free n0)/(tire_at t4 n2)/(tire_at t3 n0)/(car_at n2)/(free n1)/(tire_at t2 n0)/(free ng)/(tire_at t1 n0)/(truck_at n0)
Execute: (fix n2 t4)

If holds: (free n0)/(not_flattire)/(tire_at t3 n0)/(car_at n2)/(free n1)/(tire_at t2 n0)/(free ng)/(tire_at t1 n0)/(truck_at n0)
Execute: (move_car_normal n2 ng)

