If holds: (free n3)/(free n5)/(car_at n0)/(truck_at n0)/(not_flattire)/(free n0)/(free n2)/(free n1)/(tire_at t1 n0)/(free n4)/(free ng)
Execute: (loadtire n0 t1)

If holds: (free n3)/(free n5)/(car_at n0)/(truck_at n0)/(not_flattire)/(free n0)/(loaded t1)/(free n2)/(free n1)/(free n4)/(free ng)
Execute: (move_truck n0 n1)

If holds: (free n3)/(free n5)/(truck_at n1)/(car_at n0)/(not_flattire)/(free n0)/(loaded t1)/(free n2)/(free n4)/(free ng)
Execute: (move_truck n1 n2)

If holds: (free n3)/(free n5)/(car_at n0)/(not_flattire)/(free n0)/(truck_at n2)/(loaded t1)/(free n1)/(free n4)/(free ng)
Execute: (droptire n2 t1)

If holds: (free n3)/(free n5)/(car_at n0)/(not_flattire)/(tire_at t1 n2)/(free n0)/(truck_at n2)/(free n1)/(free n4)/(free ng)
Execute: (move_truck n2 n1)

If holds: (free n3)/(free n5)/(truck_at n1)/(car_at n0)/(not_flattire)/(tire_at t1 n2)/(free n0)/(free n2)/(free n4)/(free ng)
Execute: (move_truck_to_initial n1 n0)

If holds: (free n3)/(free n5)/(car_at n0)/(not_flattire)/(tire_at t1 n2)/(free n0)/(truck_at n0)/(free n2)/(free n1)/(free n4)/(free ng)
Execute: (move_car_normal n0 n1)

If holds: (free n3)/(free n5)/(not_flattire)/(tire_at t1 n2)/(free n0)/(truck_at n0)/(car_at n1)/(free n2)/(free n4)/(free ng)
Execute: (move_car_spiky n1 n2)

If holds: (free n3)/(free n5)/(not_flattire)/(tire_at t1 n2)/(free n0)/(truck_at n0)/(free n1)/(car_at n2)/(free n4)/(free ng)
Execute: (move_car_normal n2 n3)

If holds: (free n5)/(truck_at n0)/(tire_at t1 n2)/(free n0)/(not_flattire)/(free n2)/(free n1)/(free n4)/(free ng)/(car_at n3)
Execute: (move_car_normal n3 n4)

If holds: (free n5)/(free n3)/(not_flattire)/(tire_at t1 n2)/(free n0)/(truck_at n0)/(car_at n4)/(free n2)/(free n1)/(free ng)
Execute: (move_car_normal n4 n5)

If holds: (free n3)/(truck_at n0)/(tire_at t1 n2)/(free n0)/(not_flattire)/(car_at n5)/(free n2)/(free n1)/(free n4)/(free ng)
Execute: (move_car_normal n5 ng)

If holds: (free n3)/(free n5)/(not_flattire_0)/(truck_at n0)/(tire_at t1 n2)/(free n0)/(free n1)/(car_at n2)/(free n4)/(free ng)
Execute: (fix n2 t1)

If holds: (free n3)/(free n5)/(truck_at n0)/(not_flattire)/(free n0)/(free n1)/(car_at n2)/(free n4)/(free ng)
Execute: (move_car_normal n2 n3)

If holds: (free n5)/(truck_at n0)/(not_flattire)/(free n0)/(free n2)/(free n1)/(free n4)/(free ng)/(car_at n3)
Execute: (move_car_normal n3 n4)

If holds: (free n5)/(free n3)/(truck_at n0)/(not_flattire)/(free n0)/(car_at n4)/(free n2)/(free n1)/(free ng)
Execute: (move_car_normal n4 n5)

If holds: (free n3)/(truck_at n0)/(not_flattire)/(free n0)/(car_at n5)/(free n2)/(free n1)/(free n4)/(free ng)
Execute: (move_car_normal n5 ng)

