If holds: (free n2)/(free n3)/(truck_at n0)/(free n0)/(car_at n0)/(free ng)/(not_flattire)/(free n5)/(free n1)/(tire_at t1 n0)/(free n4)
Execute: (loadtire n0 t1)

If holds: (free n2)/(free n3)/(truck_at n0)/(free n0)/(car_at n0)/(free ng)/(not_flattire)/(loaded t1)/(free n5)/(free n1)/(free n4)
Execute: (move_truck n0 n1)

If holds: (free n2)/(free n3)/(free ng)/(car_at n0)/(free n0)/(not_flattire)/(loaded t1)/(truck_at n1)/(free n5)/(free n4)
Execute: (move_truck n1 n2)

If holds: (free n3)/(truck_at n2)/(free n0)/(car_at n0)/(free ng)/(not_flattire)/(loaded t1)/(free n5)/(free n1)/(free n4)
Execute: (move_truck n2 n3)

If holds: (free n2)/(truck_at n3)/(free ng)/(car_at n0)/(free n0)/(loaded t1)/(not_flattire)/(free n5)/(free n1)/(free n4)
Execute: (droptire n3 t1)

If holds: (free n2)/(truck_at n3)/(tire_at t1 n3)/(free ng)/(car_at n0)/(free n0)/(not_flattire)/(free n5)/(free n1)/(free n4)
Execute: (move_truck n3 n2)

If holds: (free n3)/(truck_at n2)/(tire_at t1 n3)/(free n0)/(car_at n0)/(free ng)/(not_flattire)/(free n5)/(free n1)/(free n4)
Execute: (move_truck n2 n1)

If holds: (free n2)/(free n3)/(tire_at t1 n3)/(free ng)/(free n0)/(car_at n0)/(not_flattire)/(truck_at n1)/(free n5)/(free n4)
Execute: (move_truck_to_initial n1 n0)

If holds: (free n2)/(free n3)/(truck_at n0)/(tire_at t1 n3)/(free ng)/(free n0)/(car_at n0)/(not_flattire)/(free n5)/(free n1)/(free n4)
Execute: (move_car_normal n0 n1)

If holds: (free n2)/(free n3)/(truck_at n0)/(tire_at t1 n3)/(free ng)/(free n0)/(not_flattire)/(car_at n1)/(free n5)/(free n4)
Execute: (move_car_normal n1 n2)

If holds: (free n3)/(truck_at n0)/(tire_at t1 n3)/(free n0)/(free ng)/(not_flattire)/(car_at n2)/(free n5)/(free n1)/(free n4)
Execute: (move_car_spiky n2 n3)

If holds: (free n2)/(truck_at n0)/(tire_at t1 n3)/(free ng)/(free n0)/(not_flattire)/(free n5)/(car_at n3)/(free n1)/(free n4)
Execute: (move_car_normal n3 n4)

If holds: (free n2)/(free n3)/(truck_at n0)/(tire_at t1 n3)/(free n0)/(free ng)/(not_flattire)/(free n5)/(free n1)/(car_at n4)
Execute: (move_car_normal n4 n5)

If holds: (free n2)/(free n3)/(truck_at n0)/(tire_at t1 n3)/(free n0)/(free ng)/(not_flattire)/(car_at n5)/(free n1)/(free n4)
Execute: (move_car_normal n5 ng)

If holds: (free n2)/(truck_at n0)/(tire_at t1 n3)/(free n0)/(free ng)/(not_flattire_0)/(free n5)/(car_at n3)/(free n1)/(free n4)
Execute: (fix n3 t1)

If holds: (free n2)/(truck_at n0)/(free ng)/(free n0)/(not_flattire)/(free n5)/(car_at n3)/(free n1)/(free n4)
Execute: (move_car_normal n3 n4)

If holds: (free n2)/(free n3)/(truck_at n0)/(free ng)/(free n0)/(not_flattire)/(free n5)/(free n1)/(car_at n4)
Execute: (move_car_normal n4 n5)

If holds: (free n2)/(free n3)/(truck_at n0)/(free ng)/(free n0)/(not_flattire)/(car_at n5)/(free n1)/(free n4)
Execute: (move_car_normal n5 ng)

