If holds: (not_flattire)/(free n1)/(truck_at n0)/(free ng)/(free n2)/(tire_at t1 n0)/(free n0)/(car_at n0)
Execute: (loadtire n0 t1)

If holds: (free ng)/(free n2)/(loaded t1)/(not_flattire)/(free n1)/(free n0)/(car_at n0)/(truck_at n0)
Execute: (move_truck n0 n1)

If holds: (free ng)/(free n2)/(truck_at n1)/(not_flattire)/(free n0)/(car_at n0)/(loaded t1)
Execute: (move_truck n1 n2)

If holds: (free ng)/(truck_at n2)/(not_flattire)/(free n1)/(free n0)/(car_at n0)/(loaded t1)
Execute: (droptire n2 t1)

If holds: (truck_at n2)/(free ng)/(not_flattire)/(free n1)/(tire_at t1 n2)/(free n0)/(car_at n0)
Execute: (move_truck n2 n1)

If holds: (free ng)/(free n2)/(truck_at n1)/(not_flattire)/(tire_at t1 n2)/(free n0)/(car_at n0)
Execute: (move_truck_to_initial n1 n0)

If holds: (not_flattire)/(free n1)/(truck_at n0)/(free ng)/(free n2)/(tire_at t1 n2)/(free n0)/(car_at n0)
Execute: (move_car_normal n0 n1)

If holds: (free ng)/(free n2)/(not_flattire)/(car_at n1)/(tire_at t1 n2)/(free n0)/(truck_at n0)
Execute: (move_car_spiky n1 n2)

If holds: (free ng)/(car_at n2)/(not_flattire_0)/(free n1)/(tire_at t1 n2)/(free n0)/(truck_at n0)
Execute: (move_truck n0 n1)

If holds: (free ng)/(car_at n2)/(truck_at n1)/(not_flattire_0)/(tire_at t1 n2)/(free n0)
Execute: (fix n2 t1)

If holds: (free ng)/(truck_at n1)/(not_flattire)/(car_at n2)/(free n0)
Execute: (move_truck_to_initial n1 n0)

If holds: (free ng)/(not_flattire)/(free n1)/(car_at n2)/(free n0)/(truck_at n0)
Execute: (move_car_normal n2 ng)

If holds: (free ng)/(car_at n2)/(not_flattire)/(free n1)/(tire_at t1 n2)/(free n0)/(truck_at n0)
Execute: (move_car_normal n2 ng)

