If holds: (free n1)/(free n0)/(free n3)/(car_at n0)/(truck_at n0)/(free n2)/(tire_at t1 n0)/(free ng)/(not_flattire)
Execute: (loadtire n0 t1)

If holds: (free n1)/(free n0)/(free n3)/(car_at n0)/(truck_at n0)/(loaded t1)/(free n2)/(free ng)/(not_flattire)
Execute: (move_truck n0 n1)

If holds: (free n0)/(free n3)/(car_at n0)/(loaded t1)/(free n2)/(truck_at n1)/(free ng)/(not_flattire)
Execute: (droptire n1 t1)

If holds: (not_flattire)/(car_at n0)/(tire_at t1 n1)/(free n2)/(truck_at n1)/(free n0)/(free n3)/(free ng)
Execute: (move_truck_to_initial n1 n0)

If holds: (free n1)/(tire_at t1 n1)/(free n0)/(free n3)/(car_at n0)/(truck_at n0)/(free n2)/(free ng)/(not_flattire)
Execute: (move_car_spiky n0 n1)

If holds: (tire_at t1 n1)/(free n0)/(free n3)/(truck_at n0)/(free n2)/(not_flattire_0)/(car_at n1)/(free ng)
Execute: (fix n1 t1)

If holds: (not_flattire)/(truck_at n0)/(free n2)/(free n0)/(car_at n1)/(free n3)/(free ng)
Execute: (move_car_normal n1 n2)

If holds: (tire_at t1 n1)/(free n0)/(free n3)/(truck_at n0)/(free n2)/(car_at n1)/(free ng)/(not_flattire)
Execute: (move_car_normal n1 n2)

If holds: (not_flattire)/(free n1)/(tire_at t1 n1)/(truck_at n0)/(free n0)/(car_at n2)/(free n3)/(free ng)
Execute: (move_car_normal n2 n3)

If holds: (free n1)/(car_at n3)/(tire_at t1 n1)/(truck_at n0)/(free n2)/(free n0)/(free ng)/(not_flattire)
Execute: (move_car_normal n3 ng)

If holds: (not_flattire)/(free n1)/(truck_at n0)/(free n0)/(car_at n2)/(free n3)/(free ng)
Execute: (move_truck n0 n1)

If holds: (not_flattire)/(truck_at n1)/(free n0)/(car_at n2)/(free n3)/(free ng)
Execute: (move_car_normal n2 n3)

If holds: (car_at n3)/(free n2)/(truck_at n1)/(free n0)/(free ng)/(not_flattire)
Execute: (move_truck_to_initial n1 n0)

If holds: (car_at n3)/(free n1)/(truck_at n0)/(free n2)/(free n0)/(free ng)/(not_flattire)
Execute: (move_car_normal n3 ng)

