If holds: (tire_at t3 n0)/(free n0)/(free ng)/(free n1)/(tire_at t4 n0)/(free n2)/(free n3)/(truck_at n0)/(tire_at t2 n0)/(tire_at t1 n0)/(not_flattire)/(car_at n0)
Execute: (loadtire n0 t3)

If holds: (free n0)/(free ng)/(free n1)/(loaded t3)/(tire_at t4 n0)/(free n2)/(free n3)/(truck_at n0)/(tire_at t2 n0)/(tire_at t1 n0)/(not_flattire)/(car_at n0)
Execute: (move_truck n0 n1)

If holds: (free n0)/(free ng)/(loaded t3)/(tire_at t4 n0)/(free n2)/(free n3)/(tire_at t2 n0)/(tire_at t1 n0)/(not_flattire)/(truck_at n1)/(car_at n0)
Execute: (move_truck n1 n2)

If holds: (free ng)/(free n0)/(free n1)/(loaded t3)/(tire_at t4 n0)/(free n3)/(tire_at t2 n0)/(tire_at t1 n0)/(not_flattire)/(truck_at n2)/(car_at n0)
Execute: (droptire n2 t3)

If holds: (free ng)/(free n0)/(free n1)/(tire_at t4 n0)/(free n3)/(tire_at t3 n2)/(tire_at t2 n0)/(tire_at t1 n0)/(not_flattire)/(truck_at n2)/(car_at n0)
Execute: (move_truck n2 n1)

If holds: (free ng)/(free n0)/(tire_at t4 n0)/(free n2)/(free n3)/(tire_at t3 n2)/(tire_at t2 n0)/(tire_at t1 n0)/(not_flattire)/(truck_at n1)/(car_at n0)
Execute: (move_truck_to_initial n1 n0)

If holds: (free ng)/(free n0)/(free n1)/(tire_at t4 n0)/(free n2)/(free n3)/(tire_at t3 n2)/(tire_at t2 n0)/(truck_at n0)/(tire_at t1 n0)/(not_flattire)/(car_at n0)
Execute: (move_car_normal n0 n1)

If holds: (free ng)/(free n0)/(tire_at t4 n0)/(free n2)/(free n3)/(tire_at t3 n2)/(tire_at t2 n0)/(truck_at n0)/(tire_at t1 n0)/(not_flattire)/(car_at n1)
Execute: (move_car_spiky n1 n2)

If holds: (free ng)/(free n0)/(free n1)/(tire_at t4 n0)/(car_at n2)/(free n3)/(tire_at t3 n2)/(tire_at t2 n0)/(truck_at n0)/(tire_at t1 n0)/(not_flattire)
Execute: (move_car_normal n2 n3)

If holds: (free ng)/(free n0)/(free n1)/(tire_at t4 n0)/(car_at n2)/(free n3)/(tire_at t3 n2)/(tire_at t2 n0)/(truck_at n0)/(tire_at t1 n0)/(not_flattire_0)
Execute: (move_truck n0 n1)

If holds: (free ng)/(free n0)/(tire_at t4 n0)/(car_at n2)/(free n3)/(tire_at t3 n2)/(tire_at t2 n0)/(tire_at t1 n0)/(truck_at n1)/(not_flattire_0)
Execute: (fix n2 t3)

If holds: (car_at n3)/(free ng)/(free n0)/(free n1)/(tire_at t4 n0)/(free n2)/(tire_at t3 n2)/(tire_at t2 n0)/(truck_at n0)/(tire_at t1 n0)/(not_flattire)
Execute: (move_car_normal n3 ng)

If holds: (free ng)/(free n0)/(tire_at t4 n0)/(car_at n2)/(free n3)/(tire_at t2 n0)/(tire_at t1 n0)/(not_flattire)/(truck_at n1)
Execute: (move_truck_to_initial n1 n0)

If holds: (free ng)/(free n0)/(free n1)/(tire_at t4 n0)/(car_at n2)/(free n3)/(truck_at n0)/(tire_at t2 n0)/(tire_at t1 n0)/(not_flattire)
Execute: (move_car_normal n2 n3)

If holds: (car_at n3)/(free ng)/(free n0)/(free n1)/(tire_at t4 n0)/(free n2)/(truck_at n0)/(tire_at t2 n0)/(tire_at t1 n0)/(not_flattire)
Execute: (move_truck n0 n1)

If holds: (car_at n3)/(free ng)/(free n0)/(tire_at t4 n0)/(free n2)/(tire_at t2 n0)/(tire_at t1 n0)/(not_flattire)/(truck_at n1)
Execute: (move_truck n1 n2)

If holds: (car_at n3)/(free ng)/(free n0)/(free n1)/(tire_at t4 n0)/(tire_at t2 n0)/(tire_at t1 n0)/(not_flattire)/(truck_at n2)
Execute: (move_car_normal n3 ng)

