If holds: (truck_at n0)/(free n0)/(free ng)/(not_flattire)/(free n2)/(tire_at t1 n0)/(car_at n0)/(free n1)
Execute: (loadtire n0 t1)

If holds: (free ng)/(truck_at n0)/(not_flattire)/(free n2)/(loaded t1)/(car_at n0)/(free n0)/(free n1)
Execute: (move_truck n0 n1)

If holds: (free ng)/(loaded t1)/(not_flattire)/(free n2)/(car_at n0)/(free n0)/(truck_at n1)
Execute: (droptire n1 t1)

If holds: (free ng)/(not_flattire)/(tire_at t1 n1)/(free n2)/(free n0)/(car_at n0)/(truck_at n1)
Execute: (move_truck_to_initial n1 n0)

If holds: (truck_at n0)/(car_at n0)/(free ng)/(not_flattire)/(tire_at t1 n1)/(free n2)/(free n0)/(free n1)
Execute: (move_car_spiky n0 n1)

If holds: (free ng)/(truck_at n0)/(tire_at t1 n1)/(free n2)/(not_flattire_0)/(car_at n1)/(free n0)
Execute: (fix n1 t1)

If holds: (free ng)/(truck_at n0)/(not_flattire)/(free n2)/(car_at n1)/(free n0)
Execute: (move_car_normal n1 n2)

If holds: (free ng)/(truck_at n0)/(not_flattire)/(tire_at t1 n1)/(free n2)/(car_at n1)/(free n0)
Execute: (move_car_normal n1 n2)

If holds: (free ng)/(truck_at n0)/(not_flattire)/(tire_at t1 n1)/(free n0)/(free n1)/(car_at n2)
Execute: (move_car_normal n2 ng)

If holds: (free ng)/(truck_at n0)/(not_flattire)/(free n0)/(free n1)/(car_at n2)
Execute: (move_truck n0 n1)

If holds: (free ng)/(not_flattire)/(free n0)/(truck_at n1)/(car_at n2)
Execute: (move_car_normal n2 ng)

