If holds: (at_ tile_0_5)
Execute: (down tile_0_5 tile_0_4 tile_0_3)

If holds: (at_ tile_0_3)
Execute: (right tile_0_3 tile_1_3 tile_2_3)

If holds: (at_ tile_2_3)
Execute: (down_to_wall tile_2_3 tile_2_2)

If holds: (at_ tile_1_3)
Execute: (down_to_wall tile_1_3 tile_1_2)

If holds: (at_ tile_1_2)
Execute: (right tile_1_2 tile_2_2 tile_3_2)

If holds: (at_ tile_3_2)
Execute: (right tile_3_2 tile_4_2 tile_5_2)

If holds: (at_ tile_5_2)
Execute: (up tile_5_2 tile_5_3 tile_5_4)

If holds: (at_ tile_5_3)
Execute: (up tile_5_3 tile_5_4 tile_5_5)

If holds: (at_ tile_4_2)
Execute: (right_to_wall tile_4_2 tile_5_2)

If holds: (at_ tile_5_4)
Execute: (up_to_wall tile_5_4 tile_5_5)

If holds: (at_ tile_0_4)
Execute: (down tile_0_4 tile_0_3 tile_0_2)

If holds: (at_ tile_0_2)
Execute: (right tile_0_2 tile_1_2 tile_2_2)

If holds: (at_ tile_2_2)
Execute: (right tile_2_2 tile_3_2 tile_4_2)

