If holds: (spare_in n21)/(spare_in n3)/(spare_in n24)/(spare_in n18)/(spare_in n35)/(spare_in n38)/(spare_in n5)/(spare_in n40)/(vehicle_at n42)/(spare_in n41)/(spare_in n13)/(spare_in n36)/(spare_in n16)/(not_flattire)/(spare_in n0)/(spare_in n22)/(spare_in n34)
Execute: (move_car n42 n35)

If holds: (spare_in n24)/(spare_in n18)/(spare_in n35)/(spare_in n36)/(spare_in n3)/(vehicle_at n35)/(spare_in n34)/(spare_in n21)/(spare_in n38)/(spare_in n5)/(spare_in n40)/(spare_in n41)/(spare_in n13)/(spare_in n16)/(not_flattire)/(spare_in n0)/(spare_in n22)
Execute: (loadtire n35)

If holds: (spare_in n24)/(spare_in n18)/(spare_in n36)/(spare_in n3)/(vehicle_at n35)/(spare_in n34)/(spare_in n21)/(spare_in n38)/(spare_in n5)/(spare_in n40)/(hasspare)/(spare_in n41)/(spare_in n13)/(spare_in n16)/(not_flattire)/(spare_in n0)/(spare_in n22)
Execute: (move_car n35 n39)

If holds: (spare_in n24)/(spare_in n18)/(spare_in n36)/(spare_in n3)/(spare_in n34)/(spare_in n21)/(vehicle_at n39)/(spare_in n38)/(spare_in n5)/(spare_in n40)/(hasspare)/(spare_in n41)/(spare_in n13)/(spare_in n16)/(not_flattire)/(spare_in n0)/(spare_in n22)
Execute: (move_car n39 n19)

If holds: (spare_in n21)/(spare_in n24)/(spare_in n18)/(spare_in n35)/(spare_in n38)/(spare_in n5)/(spare_in n40)/(spare_in n41)/(spare_in n0)/(spare_in n13)/(spare_in n36)/(spare_in n16)/(spare_in n3)/(spare_in n22)/(vehicle_at n35)/(spare_in n34)
Execute: (loadtire n35)

If holds: (spare_in n21)/(spare_in n24)/(spare_in n18)/(vehicle_at n39)/(spare_in n38)/(spare_in n5)/(spare_in n40)/(hasspare)/(spare_in n41)/(spare_in n0)/(spare_in n13)/(spare_in n36)/(spare_in n16)/(spare_in n3)/(spare_in n22)/(spare_in n34)
Execute: (changetire)

If holds: (spare_in n21)/(spare_in n24)/(spare_in n18)/(vehicle_at n39)/(spare_in n38)/(spare_in n5)/(spare_in n40)/(spare_in n41)/(spare_in n0)/(spare_in n13)/(spare_in n36)/(spare_in n16)/(not_flattire)/(spare_in n3)/(spare_in n22)/(spare_in n34)
Execute: (move_car n39 n19)

If holds: (spare_in n21)/(spare_in n24)/(spare_in n18)/(spare_in n38)/(spare_in n5)/(spare_in n40)/(hasspare)/(spare_in n41)/(spare_in n0)/(spare_in n13)/(spare_in n36)/(spare_in n16)/(spare_in n3)/(spare_in n22)/(vehicle_at n35)/(spare_in n34)
Execute: (changetire)

If holds: (spare_in n21)/(spare_in n24)/(spare_in n18)/(spare_in n38)/(spare_in n5)/(spare_in n40)/(spare_in n41)/(spare_in n0)/(spare_in n13)/(spare_in n36)/(spare_in n16)/(not_flattire)/(spare_in n3)/(spare_in n22)/(vehicle_at n35)/(spare_in n34)
Execute: (move_car n35 n34)

If holds: (spare_in n21)/(vehicle_at n34)/(spare_in n24)/(spare_in n18)/(spare_in n38)/(spare_in n5)/(spare_in n40)/(spare_in n41)/(spare_in n0)/(spare_in n13)/(spare_in n36)/(spare_in n16)/(spare_in n3)/(spare_in n22)/(spare_in n34)
Execute: (loadtire n34)

If holds: (spare_in n21)/(spare_in n3)/(vehicle_at n34)/(spare_in n24)/(spare_in n18)/(spare_in n38)/(spare_in n5)/(spare_in n40)/(hasspare)/(spare_in n41)/(spare_in n13)/(spare_in n36)/(spare_in n16)/(spare_in n0)/(spare_in n22)
Execute: (changetire)

If holds: (spare_in n21)/(vehicle_at n34)/(spare_in n24)/(spare_in n18)/(spare_in n38)/(spare_in n5)/(spare_in n40)/(spare_in n41)/(spare_in n0)/(spare_in n13)/(spare_in n36)/(spare_in n16)/(not_flattire)/(spare_in n3)/(spare_in n22)
Execute: (move_car n34 n24)

If holds: (spare_in n21)/(spare_in n3)/(spare_in n24)/(spare_in n18)/(spare_in n38)/(spare_in n5)/(spare_in n40)/(spare_in n41)/(vehicle_at n24)/(spare_in n13)/(spare_in n36)/(spare_in n16)/(spare_in n0)/(spare_in n22)
Execute: (loadtire n24)

If holds: (spare_in n21)/(spare_in n18)/(spare_in n38)/(spare_in n5)/(spare_in n40)/(hasspare)/(spare_in n41)/(vehicle_at n24)/(spare_in n13)/(spare_in n36)/(spare_in n0)/(spare_in n16)/(spare_in n3)/(spare_in n22)
Execute: (changetire)

If holds: (spare_in n21)/(spare_in n3)/(spare_in n18)/(spare_in n38)/(spare_in n5)/(spare_in n40)/(spare_in n41)/(vehicle_at n24)/(spare_in n13)/(spare_in n36)/(spare_in n16)/(not_flattire)/(spare_in n0)/(spare_in n22)
Execute: (move_car n24 n19)

If holds: (spare_in n21)/(spare_in n3)/(spare_in n24)/(spare_in n18)/(spare_in n38)/(spare_in n5)/(spare_in n40)/(spare_in n41)/(vehicle_at n24)/(spare_in n13)/(spare_in n36)/(spare_in n16)/(not_flattire)/(spare_in n0)/(spare_in n22)
Execute: (move_car n24 n19)

If holds: (spare_in n21)/(vehicle_at n34)/(spare_in n24)/(spare_in n18)/(spare_in n38)/(spare_in n5)/(spare_in n40)/(spare_in n41)/(spare_in n0)/(spare_in n13)/(spare_in n36)/(spare_in n16)/(not_flattire)/(spare_in n3)/(spare_in n22)/(spare_in n34)
Execute: (loadtire n34)

If holds: (spare_in n21)/(vehicle_at n34)/(spare_in n24)/(spare_in n18)/(spare_in n38)/(spare_in n5)/(spare_in n40)/(hasspare)/(spare_in n41)/(spare_in n0)/(spare_in n13)/(spare_in n36)/(spare_in n16)/(not_flattire)/(spare_in n3)/(spare_in n22)
Execute: (changetire)

