If holds: (is_target_0 p33)/(is_target p23)/(is_target_0 p21)/(is_target_0 p11)/(is_target_0 p12)/(is_target_0 p13)/(is_target_0 p43)/(is_target_0 p22)/(is_focal_point p12)/(is_target p42)/(is_target p32)/(is_target p31)/(is_target_0 p41)
Execute: (slew_cost_direction p12 p21 south_east)

If holds: (is_target_0 p33)/(is_target_0 p21)/(is_target_0 p41)/(is_target_0 p11)/(is_target_0 p12)/(is_target_0 p13)/(is_target_0 p43)/(is_target_0 p22)/(is_target p42)/(is_focal_point p21)/(is_target p32)/(is_target p31)/(is_target p23)
Execute: (slew p21 p31)

If holds: (is_target_0 p33)/(is_target p23)/(is_target_0 p21)/(is_target_0 p11)/(is_target_0 p12)/(is_focal_point p31)/(is_target_0 p13)/(is_target_0 p43)/(is_target_0 p22)/(is_target p42)/(is_target p32)/(is_target p31)/(is_target_0 p41)
Execute: (take_image p31 p41)

If holds: (is_target_0 p33)/(is_target_0 p21)/(is_target_0 p41)/(is_target_0 p11)/(is_target_0 p12)/(is_target_0 p13)/(is_target_0 p43)/(is_target_0 p22)/(is_focal_point p41)/(is_target_0 p31)/(is_target p42)/(is_target p32)/(is_target p23)
Execute: (slew_cost_direction p41 p12 north_east)

If holds: (is_target_0 p33)/(is_target p23)/(is_target_0 p21)/(is_target_0 p11)/(is_target_0 p12)/(is_target_0 p13)/(is_target_0 p43)/(is_target_0 p22)/(is_target_0 p31)/(is_focal_point p12)/(is_target p42)/(is_target p32)/(is_target_0 p41)
Execute: (slew p12 p22)

If holds: (is_target_0 p33)/(is_target_0 p21)/(is_target_0 p41)/(is_target_0 p11)/(is_target_0 p12)/(is_target_0 p13)/(is_target_0 p43)/(is_target_0 p22)/(is_focal_point p41)/(is_target p42)/(is_target p32)/(is_target p31)/(is_target p23)
Execute: (slew p41 p11)

If holds: (is_target_0 p33)/(is_target p23)/(is_target_0 p21)/(is_target_0 p11)/(is_target_0 p12)/(is_focal_point p11)/(is_target_0 p13)/(is_target_0 p43)/(is_target_0 p22)/(is_target p42)/(is_target p32)/(is_target p31)/(is_target_0 p41)
Execute: (slew_cost_direction p11 p22 north_east)

If holds: (is_target_0 p33)/(is_target_0 p21)/(is_target_0 p41)/(is_target_0 p11)/(is_target_0 p12)/(is_target_0 p13)/(is_target_0 p43)/(is_target_0 p22)/(is_focal_point p22)/(is_target p42)/(is_target p32)/(is_target p31)/(is_target p23)
Execute: (slew_cost_direction p22 p31 south_east)

If holds: (is_target_0 p33)/(is_target_0 p21)/(is_target_0 p41)/(is_target_0 p11)/(is_target_0 p12)/(is_target_0 p13)/(is_target_0 p43)/(is_target_0 p22)/(is_target_0 p31)/(is_focal_point p22)/(is_target p42)/(is_target p32)/(is_target p23)
Execute: (slew p22 p32)

If holds: (is_target_0 p33)/(is_target p23)/(is_target_0 p21)/(is_target_0 p11)/(is_target_0 p12)/(is_focal_point p32)/(is_target_0 p13)/(is_target_0 p43)/(is_target_0 p22)/(is_target_0 p31)/(is_target p42)/(is_target p32)/(is_target_0 p41)
Execute: (take_image p32 p42)

If holds: (is_target_0 p33)/(is_target_0 p21)/(is_target_0 p32)/(is_target_0 p11)/(is_target_0 p12)/(is_target_0 p13)/(is_target_0 p43)/(is_target_0 p22)/(is_focal_point p42)/(is_target_0 p31)/(is_target p42)/(is_target_0 p41)/(is_target p23)
Execute: (take_image p42 p12)

If holds: (is_target_0 p33)/(is_target p23)/(is_target_0 p21)/(is_target_0 p32)/(is_target_0 p11)/(is_target_0 p12)/(is_target_0 p13)/(is_target_0 p43)/(is_target_0 p22)/(is_target_0 p31)/(is_focal_point p12)/(is_target_0 p41)/(is_target_0 p42)
Execute: (slew_cost_direction p12 p23 north_east)

If holds: (is_target_0 p33)/(is_target_0 p21)/(is_target_0 p32)/(is_target_0 p11)/(is_target_0 p12)/(is_target_0 p13)/(is_target_0 p43)/(is_target_0 p22)/(is_target_0 p31)/(is_focal_point p23)/(is_target_0 p41)/(is_target p23)/(is_target_0 p42)
Execute: (take_image p23 p33)

If holds: (is_target_0 p33)/(is_target p23)/(is_target_0 p21)/(is_target_0 p32)/(is_target_0 p11)/(is_target_0 p12)/(is_target_0 p13)/(is_target_0 p43)/(is_target_0 p22)/(is_target_0 p31)/(is_focal_point p33)/(is_target_0 p41)/(is_target_0 p42)
Execute: (slew_cost_direction p33 p42 south_east)

If holds: (is_target_0 p33)/(is_target_0 p21)/(is_target_0 p32)/(is_target_0 p11)/(is_target_0 p12)/(is_target_0 p13)/(is_target_0 p43)/(is_target_0 p22)/(is_focal_point p42)/(is_target_0 p31)/(is_target_0 p41)/(is_target p23)/(is_target_0 p42)
Execute: (slew p42 p12)

If holds: (is_target_0 p33)/(is_target p23)/(is_target_0 p21)/(is_target_0 p32)/(is_target_0 p11)/(is_target_0 p12)/(is_target_0 p13)/(is_target_0 p43)/(is_target_0 p22)/(is_target_0 p31)/(is_focal_point p12)/(is_target p42)/(is_target_0 p41)
Execute: (slew_cost_direction p12 p23 north_east)

If holds: (is_target_0 p33)/(is_target_0 p21)/(is_target_0 p32)/(is_target_0 p11)/(is_target_0 p12)/(is_target_0 p13)/(is_target_0 p43)/(is_target_0 p22)/(is_target_0 p31)/(is_focal_point p23)/(is_target p42)/(is_target_0 p41)/(is_target p23)
Execute: (slew_cost_direction p23 p32 south_east)

If holds: (is_target_0 p33)/(is_target p23)/(is_target_0 p21)/(is_target_0 p32)/(is_target_0 p11)/(is_target_0 p12)/(is_focal_point p32)/(is_target_0 p13)/(is_target_0 p43)/(is_target_0 p22)/(is_target_0 p31)/(is_target p42)/(is_target_0 p41)
Execute: (slew p32 p42)

If holds: (is_target_0 p33)/(is_target_0 p21)/(is_target_0 p41)/(is_target_0 p11)/(is_target_0 p12)/(is_target_0 p13)/(is_target_0 p43)/(is_target_0 p22)/(is_focal_point p42)/(is_target_0 p31)/(is_target p42)/(is_target p32)/(is_target p23)
Execute: (slew p42 p12)

