If holds: (xpos n0)/(ypos n0)/(dead_0)
Execute: (move_ur_sf n0 n0 n1 n1)

If holds: (xpos n0)/(ypos n0)/(dead)
Execute: (ghostteleport n0 n0 n6 n6)

If holds: (ypos n1)/(xpos n1)/(dead_0)
Execute: (move_ur_sf n1 n1 n2 n2)

If holds: (xpos n2)/(dead_0)/(ypos n2)
Execute: (move_ur_sf n2 n2 n3 n3)

If holds: (xpos n3)/(dead_0)/(ypos n3)
Execute: (move_ur_sf n3 n3 n4 n4)

If holds: (xpos n4)/(ypos n4)/(dead_0)
Execute: (move_ur_sf n4 n4 n5 n5)

If holds: (ypos n5)/(xpos n5)/(dead_0)
Execute: (move_ur_sf n5 n5 n6 n6)

If holds: (ypos n5)/(xpos n5)/(dead)
Execute: (ghostteleport n5 n5 n6 n6)

If holds: (xpos n4)/(ypos n4)/(dead)
Execute: (ghostteleport n4 n4 n5 n5)

If holds: (xpos n3)/(dead)/(ypos n3)
Execute: (ghostteleport n3 n3 n5 n5)

If holds: (xpos n2)/(dead)/(ypos n2)
Execute: (ghostteleport n2 n2 n5 n5)

If holds: (ypos n1)/(xpos n1)/(dead)
Execute: (ghostteleport n1 n1 n5 n5)

