If holds: (at_ tile_3_1)
Execute: (up tile_3_1 tile_3_2 tile_3_3)

If holds: (at_ tile_3_3)
Execute: (up_to_wall tile_3_3 tile_3_4 tile_3_5)

If holds: (at_ tile_3_4)
Execute: (right tile_3_4 tile_4_4 tile_5_4)

If holds: (at_ tile_5_4)
Execute: (up_to_wall tile_5_4 tile_5_5 upperwall_5)

If holds: (at_ tile_5_5)
Execute: (left_to_wall tile_5_5 tile_4_5 tile_3_5)

If holds: (at_ tile_4_5)
Execute: (down tile_4_5 tile_4_4 tile_4_3)

If holds: (at_ tile_4_4)
Execute: (up_to_wall tile_4_4 tile_4_5 upperwall_4)

If holds: (at_ tile_4_3)
Execute: (right_to_wall tile_4_3 tile_5_3 rightwall_3)

If holds: (at_ tile_5_3)
Execute: (down tile_5_3 tile_5_2 tile_5_1)

If holds: (at_ tile_5_1)
Execute: (up tile_5_1 tile_5_2 tile_5_3)

If holds: (at_ tile_5_2)
Execute: (left tile_5_2 tile_4_2 tile_3_2)

If holds: (at_ tile_4_2)
Execute: (up tile_4_2 tile_4_3 tile_4_4)

