If holds: (at_ tile_1_4)
Execute: (right tile_1_4 tile_2_4 tile_3_4)

If holds: (at_ tile_2_4)
Execute: (down tile_2_4 tile_2_3 tile_2_2)

If holds: (at_ tile_2_2)
Execute: (up tile_2_2 tile_2_3 tile_2_4)

If holds: (at_ tile_2_3)
Execute: (right tile_2_3 tile_3_3 tile_4_3)

If holds: (at_ tile_3_3)
Execute: (right tile_3_3 tile_4_3 tile_5_3)

If holds: (at_ tile_5_3)
Execute: (up tile_5_3 tile_5_4 tile_5_5)

If holds: (at_ tile_3_4)
Execute: (down tile_3_4 tile_3_3 tile_3_2)

If holds: (at_ tile_5_5)
Execute: (down tile_5_5 tile_5_4 tile_5_3)

If holds: (at_ tile_3_2)
Execute: (down tile_3_2 tile_3_1 tile_3_0)

If holds: (at_ tile_3_0)
Execute: (left tile_3_0 tile_2_0 tile_1_0)

If holds: (at_ tile_3_1)
Execute: (right tile_3_1 tile_4_1 tile_5_1)

If holds: (at_ tile_2_0)
Execute: (up tile_2_0 tile_2_1 tile_2_2)

If holds: (at_ tile_5_1)
Execute: (up tile_5_1 tile_5_2 tile_5_3)

If holds: (at_ tile_5_2)
Execute: (up tile_5_2 tile_5_3 tile_5_4)

If holds: (at_ tile_2_1)
Execute: (up tile_2_1 tile_2_2 tile_2_3)

If holds: (at_ tile_4_3)
Execute: (up tile_4_3 tile_4_4 tile_4_5)

If holds: (at_ tile_4_4)
Execute: (up_to_wall tile_4_4 tile_4_5 upperwall_4)

If holds: (at_ tile_4_5)
Execute: (right_to_wall tile_4_5 tile_5_5 rightwall_5)

If holds: (at_ tile_5_4)
Execute: (left tile_5_4 tile_4_4 tile_3_4)

If holds: (at_ tile_4_1)
Execute: (right_to_wall tile_4_1 tile_5_1 rightwall_1)

