If holds: (at_ tile_1_2)
Execute: (up tile_1_2 tile_1_3 tile_1_4)

If holds: (at_ tile_1_3)
Execute: (up tile_1_3 tile_1_4 tile_1_5)

If holds: (at_ tile_1_5)
Execute: (right_to_wall tile_1_5 tile_2_5 tile_3_5)

If holds: (at_ tile_2_5)
Execute: (left tile_2_5 tile_1_5 tile_0_5)

If holds: (at_ tile_0_5)
Execute: (down tile_0_5 tile_0_4 tile_0_3)

If holds: (at_ tile_0_4)
Execute: (up_to_wall tile_0_4 tile_0_5 upperwall_0)

If holds: (at_ tile_0_3)
Execute: (right tile_0_3 tile_1_3 tile_2_3)

If holds: (at_ tile_2_3)
Execute: (right tile_2_3 tile_3_3 tile_4_3)

If holds: (at_ tile_4_3)
Execute: (right_to_wall tile_4_3 tile_5_3 rightwall_3)

If holds: (at_ tile_5_3)
Execute: (left tile_5_3 tile_4_3 tile_3_3)

If holds: (at_ tile_3_3)
Execute: (up_to_wall tile_3_3 tile_3_4 tile_3_5)

If holds: (at_ tile_1_4)
Execute: (right tile_1_4 tile_2_4 tile_3_4)

If holds: (at_ tile_2_4)
Execute: (up_to_wall tile_2_4 tile_2_5 upperwall_2)

