If holds: (fire_unit_at f2 l3)/(fire_0 l3)/(fire l2)/(victim_at v1 l2)/(medical_unit_at m1 l3)/(victim_status v1 dying)/(victim_status v2 hurt)/(victim_at v2 l1)/(fire_unit_at f1 l3)/(fire l1)
Execute: (load_fire_unit f2 l3)

If holds: (fire_unit_at f2 l3)/(fire_0 l3)/(have_water f2)/(fire l2)/(victim_at v1 l2)/(medical_unit_at m1 l3)/(victim_status v1 dying)/(victim_status v2 hurt)/(victim_at v2 l1)/(fire_unit_at f1 l3)/(fire l1)
Execute: (load_fire_unit f1 l3)

If holds: (fire_unit_at f2 l3)/(fire_0 l3)/(have_water f2)/(fire l2)/(victim_at v1 l2)/(medical_unit_at m1 l3)/(have_water f1)/(victim_status v1 dying)/(victim_status v2 hurt)/(victim_at v2 l1)/(fire_unit_at f1 l3)/(fire l1)
Execute: (unload_fire_unit f2 l3 l2)

If holds: (fire_0 l2)/(fire_unit_at f2 l3)/(fire_0 l3)/(nfire l2)/(victim_at v1 l2)/(medical_unit_at m1 l3)/(have_water f1)/(victim_status v1 dying)/(victim_status v2 hurt)/(victim_at v2 l1)/(fire_unit_at f1 l3)/(fire l1)
Execute: (unload_fire_unit f1 l3 l1)

If holds: (fire_0 l2)/(fire_unit_at f2 l3)/(fire_0 l3)/(nfire l2)/(victim_at v1 l2)/(medical_unit_at m1 l3)/(fire_0 l1)/(victim_status v1 dying)/(victim_status v2 hurt)/(victim_at v2 l1)/(fire_unit_at f1 l3)/(nfire l1)
Execute: (drive_medical_unit m1 l3 l2)

If holds: (fire_0 l2)/(fire_unit_at f2 l3)/(fire_0 l3)/(nfire l2)/(victim_at v1 l2)/(fire_0 l1)/(victim_status v1 dying)/(victim_status v2 hurt)/(victim_at v2 l1)/(fire_unit_at f1 l3)/(nfire l1)/(medical_unit_at m1 l2)
Execute: (treat_victim_at_hospital v2 l1)

If holds: (fire_0 l2)/(fire_unit_at f2 l3)/(fire_0 l3)/(nfire l2)/(victim_at v1 l2)/(fire_0 l1)/(victim_status v1 dying)/(victim_at v2 l1)/(fire_unit_at f1 l3)/(nfire l1)/(victim_status v2 healthy)/(medical_unit_at m1 l2)
Execute: (load_medical_unit m1 l2 v1)

If holds: (fire_0 l2)/(fire_unit_at f2 l3)/(fire_0 l3)/(nfire l2)/(fire_0 l1)/(victim_status v1 dying)/(victim_at v2 l1)/(fire_unit_at f1 l3)/(have_victim_in_unit v1 m1)/(nfire l1)/(victim_status v2 healthy)/(medical_unit_at m1 l2)
Execute: (drive_medical_unit m1 l2 l1)

If holds: (fire_0 l2)/(fire_unit_at f2 l3)/(fire_0 l3)/(nfire l2)/(fire_0 l1)/(victim_status v1 dying)/(victim_at v2 l1)/(fire_unit_at f1 l3)/(have_victim_in_unit v1 m1)/(nfire l1)/(medical_unit_at m1 l1)/(victim_status v2 healthy)
Execute: (unload_medical_unit m1 l1 v1)

If holds: (fire_0 l2)/(fire_unit_at f2 l3)/(fire_0 l3)/(nfire l2)/(victim_at v1 l1)/(fire_0 l1)/(victim_status v1 dying)/(victim_at v2 l1)/(fire_unit_at f1 l3)/(nfire l1)/(medical_unit_at m1 l1)/(victim_status v2 healthy)
Execute: (treat_victim_at_hospital v1 l1)

