If holds: (at_ tile_0_4)
Execute: (right tile_0_4 tile_1_4 tile_2_4)

If holds: (at_ tile_2_4)
Execute: (right tile_2_4 tile_3_4 tile_4_4)

If holds: (at_ tile_4_4)
Execute: (right_to_wall tile_4_4 tile_5_4 rightwall_4)

If holds: (at_ tile_1_4)
Execute: (right tile_1_4 tile_2_4 tile_3_4)

If holds: (at_ tile_3_4)
Execute: (down tile_3_4 tile_3_3 tile_3_2)

If holds: (at_ tile_3_3)
Execute: (down tile_3_3 tile_3_2 tile_3_1)

If holds: (at_ tile_3_1)
Execute: (right_to_wall tile_3_1 tile_4_1 tile_5_1)

If holds: (at_ tile_4_1)
Execute: (down_to_wall tile_4_1 tile_4_0 bottomwall_4)

If holds: (at_ tile_4_0)
Execute: (right_to_wall tile_4_0 tile_5_0 rightwall_0)

If holds: (at_ tile_5_4)
Execute: (up_to_wall tile_5_4 tile_5_5 upperwall_5)

If holds: (at_ tile_5_5)
Execute: (left tile_5_5 tile_4_5 tile_3_5)

If holds: (at_ tile_4_5)
Execute: (down_to_wall tile_4_5 tile_4_4 tile_4_3)

If holds: (at_ tile_3_5)
Execute: (down tile_3_5 tile_3_4 tile_3_3)

If holds: (at_ tile_5_0)
Execute: (left tile_5_0 tile_4_0 tile_3_0)

If holds: (at_ tile_3_0)
Execute: (up tile_3_0 tile_3_1 tile_3_2)

