If holds: (at_ tile_0_5)
Execute: (right tile_0_5 tile_1_5 tile_2_5)

If holds: (at_ tile_1_5)
Execute: (down tile_1_5 tile_1_4 tile_1_3)

If holds: (at_ tile_2_5)
Execute: (down tile_2_5 tile_2_4 tile_2_3)

If holds: (at_ tile_1_3)
Execute: (right tile_1_3 tile_2_3 tile_3_3)

If holds: (at_ tile_1_4)
Execute: (right tile_1_4 tile_2_4 tile_3_4)

If holds: (at_ tile_3_4)
Execute: (right tile_3_4 tile_4_4 tile_5_4)

If holds: (at_ tile_5_4)
Execute: (up_to_wall tile_5_4 tile_5_5 upperwall_5)

If holds: (at_ tile_4_4)
Execute: (right_to_wall tile_4_4 tile_5_4 rightwall_4)

If holds: (at_ tile_5_5)
Execute: (left tile_5_5 tile_4_5 tile_3_5)

If holds: (at_ tile_4_5)
Execute: (left tile_4_5 tile_3_5 tile_2_5)

If holds: (at_ tile_3_3)
Execute: (right tile_3_3 tile_4_3 tile_5_3)

If holds: (at_ tile_5_3)
Execute: (up tile_5_3 tile_5_4 tile_5_5)

If holds: (at_ tile_4_3)
Execute: (up tile_4_3 tile_4_4 tile_4_5)

If holds: (at_ tile_2_3)
Execute: (up tile_2_3 tile_2_4 tile_2_5)

If holds: (at_ tile_3_5)
Execute: (right tile_3_5 tile_4_5 tile_5_5)

