If holds: (at_ f1 p1)/(in e1 f3)/(coin_at c2 f2 p2)/(coin_at c3 f1 p4)/(in e2 f3)/(coin_at c1 f1 p2)
Execute: (move_right_nogate f1 p1 p2)

If holds: (in e1 f3)/(coin_at c2 f2 p2)/(coin_at c3 f1 p4)/(in e2 f3)/(coin_at c1 f1 p2)/(at_ f1 p2)
Execute: (move_right_nogate f1 p2 p3)

If holds: (in e1 f3)/(coin_at c2 f2 p2)/(coin_at c3 f1 p4)/(in e2 f3)/(coin_at c1 f1 p2)/(at_ f1 p3)
Execute: (go_down e1 f3 f2)

If holds: (coin_at c2 f2 p2)/(coin_at c3 f1 p4)/(in e2 f3)/(in e1 f2)/(coin_at c1 f1 p2)/(at_ f1 p3)
Execute: (move_right_nogate f1 p3 p4)

If holds: (coin_at c2 f2 p2)/(coin_at c3 f1 p4)/(in e2 f3)/(at_ f1 p4)/(in e1 f2)/(coin_at c1 f1 p2)
Execute: (collect c3 f1 p4)

If holds: (have c3)/(coin_at c2 f2 p2)/(in e2 f3)/(in e1 f2)/(at_ f1 p4)/(coin_at c1 f1 p2)
Execute: (move_left_nogate f1 p4 p3)

If holds: (have c3)/(coin_at c2 f2 p2)/(in e2 f3)/(in e1 f2)/(coin_at c1 f1 p2)/(at_ f1 p3)
Execute: (go_down e1 f2 f1)

If holds: (have c3)/(coin_at c2 f2 p2)/(in e1 f1)/(in e2 f3)/(coin_at c1 f1 p2)/(at_ f1 p3)
Execute: (move_left_nogate f1 p3 p2)

If holds: (have c3)/(coin_at c2 f2 p2)/(in e1 f1)/(in e2 f3)/(coin_at c1 f1 p2)/(at_ f1 p2)
Execute: (collect c1 f1 p2)

If holds: (have c3)/(coin_at c2 f2 p2)/(in e1 f1)/(in e2 f3)/(have c1)/(at_ f1 p2)
Execute: (step_in e1 f1 p2)

If holds: (have c3)/(coin_at c2 f2 p2)/(in e1 f1)/(in e2 f3)/(inside e1)/(have c1)
Execute: (go_up e1 f1 f2)

If holds: (have c3)/(coin_at c2 f2 p2)/(in e2 f3)/(inside e1)/(in e1 f2)/(have c1)
Execute: (step_out e1 f2 p2)

If holds: (have c3)/(coin_at c2 f2 p2)/(at_ f2 p2)/(in e2 f3)/(in e1 f2)/(have c1)
Execute: (collect c2 f2 p2)

