If holds: (coin_at c1 f2 p3)/(at_ f1 p1)/(coin_at c3 f1 p1)/(in e1 f1)/(in e2 f1)/(coin_at c2 f3 p3)
Execute: (collect c3 f1 p1)

If holds: (in e1 f1)/(in e2 f1)/(coin_at c1 f2 p3)/(have c3)/(at_ f1 p1)/(coin_at c2 f3 p3)
Execute: (move_right_nogate f1 p1 p2)

If holds: (at_ f1 p2)/(in e1 f1)/(in e2 f1)/(coin_at c1 f2 p3)/(have c3)/(coin_at c2 f3 p3)
Execute: (move_right_nogate f1 p2 p3)

If holds: (at_ f1 p3)/(in e1 f1)/(in e2 f1)/(coin_at c1 f2 p3)/(have c3)/(coin_at c2 f3 p3)
Execute: (step_in e1 f1 p3)

If holds: (inside e1)/(in e1 f1)/(in e2 f1)/(coin_at c1 f2 p3)/(have c3)/(coin_at c2 f3 p3)
Execute: (go_up e1 f1 f2)

If holds: (inside e1)/(in e2 f1)/(coin_at c1 f2 p3)/(have c3)/(in e1 f2)/(coin_at c2 f3 p3)
Execute: (step_out e1 f2 p3)

If holds: (at_ f2 p3)/(in e2 f1)/(coin_at c1 f2 p3)/(have c3)/(in e1 f2)/(coin_at c2 f3 p3)
Execute: (collect c1 f2 p3)

If holds: (at_ f2 p3)/(have c1)/(in e2 f1)/(have c3)/(in e1 f2)/(coin_at c2 f3 p3)
Execute: (step_in e1 f2 p3)

If holds: (coin_at c2 f3 p3)/(inside e1)/(in e2 f1)/(have c3)/(in e1 f2)/(have c1)
Execute: (go_up e1 f2 f3)

If holds: (inside e1)/(have c1)/(in e2 f1)/(have c3)/(in e1 f3)/(coin_at c2 f3 p3)
Execute: (step_out e1 f3 p3)

If holds: (coin_at c2 f3 p3)/(at_ f3 p3)/(in e2 f1)/(have c3)/(in e1 f3)/(have c1)
Execute: (collect c2 f3 p3)

