If holds: (clear b5)/(on b2 b1)/(on b5 b4)/(on b1 b3)/(on_table b4)/(emptyhand)/(on_table b3)/(clear b2)
Execute: (init_pick_up b5 b4)

If holds: (at_ b5 l0)/(on b2 b1)/(on b1 b3)/(on_table b3)/(on_table b4)/(clear b4)/(clear b2)
Execute: (move b5 l0 l1)

If holds: (on b2 b1)/(on b1 b3)/(faulty b5 l1)/(on_table b3)/(on_table b4)/(clear b4)/(clear b2)
Execute: (fix b5 l1)

If holds: (on b2 b1)/(at_ b5 l1)/(on b1 b3)/(on_table b3)/(on_table b4)/(clear b4)/(clear b2)
Execute: (move b5 l1 l10)

If holds: (on b2 b1)/(on b1 b3)/(faulty b5 l10)/(on_table b3)/(on_table b4)/(clear b4)/(clear b2)
Execute: (fix b5 l10)

If holds: (on b2 b1)/(on b1 b3)/(at_ b5 l10)/(on_table b3)/(on_table b4)/(clear b4)/(clear b2)
Execute: (pick_up b5)

If holds: (on b2 b1)/(on b1 b3)/(on_table b3)/(holding b5)/(on_table b4)/(clear b4)/(clear b2)
Execute: (put_down b5)

If holds: (clear b5)/(on b2 b1)/(on b1 b3)/(on_table b5)/(on_table b4)/(emptyhand)/(on_table b3)/(clear b4)/(clear b2)
Execute: (init_pick_up b2 b1)

If holds: (clear b5)/(on b1 b3)/(on_table b5)/(clear b1)/(on_table b3)/(on_table b4)/(clear b4)/(at_ b2 l0)
Execute: (move b2 l0 l1)

If holds: (clear b5)/(on b1 b3)/(on_table b5)/(clear b1)/(on_table b3)/(faulty b2 l1)/(on_table b4)/(clear b4)
Execute: (fix b2 l1)

If holds: (clear b5)/(on b1 b3)/(on_table b5)/(clear b1)/(on_table b3)/(at_ b2 l1)/(on_table b4)/(clear b4)
Execute: (move b2 l1 l10)

If holds: (clear b5)/(on b1 b3)/(on_table b5)/(clear b1)/(on_table b3)/(on_table b4)/(clear b4)/(faulty b2 l10)
Execute: (fix b2 l10)

If holds: (clear b5)/(at_ b2 l10)/(on b1 b3)/(on_table b5)/(clear b1)/(on_table b3)/(on_table b4)/(clear b4)
Execute: (pick_up b2)

If holds: (clear b5)/(on b1 b3)/(on_table b5)/(clear b1)/(on_table b3)/(holding b2)/(on_table b4)/(clear b4)
Execute: (put_down b2)

If holds: (clear b5)/(on b1 b3)/(on_table b5)/(clear b1)/(on_table b4)/(emptyhand)/(on_table b3)/(clear b4)/(clear b2)/(on_table b2)
Execute: (init_pick_up b1 b3)

If holds: (clear b5)/(on_table b5)/(on_table b4)/(clear b3)/(at_ b1 l0)/(on_table b3)/(clear b4)/(clear b2)/(on_table b2)
Execute: (move b1 l0 l1)

If holds: (clear b5)/(on_table b5)/(on_table b4)/(clear b3)/(on_table b3)/(faulty b1 l1)/(clear b4)/(clear b2)/(on_table b2)
Execute: (fix b1 l1)

If holds: (clear b5)/(on_table b5)/(on_table b4)/(at_ b1 l1)/(clear b3)/(on_table b3)/(clear b4)/(clear b2)/(on_table b2)
Execute: (move b1 l1 l10)

If holds: (faulty b1 l10)/(clear b5)/(on_table b5)/(on_table b4)/(clear b3)/(on_table b3)/(clear b4)/(clear b2)/(on_table b2)
Execute: (fix b1 l10)

If holds: (clear b5)/(at_ b1 l10)/(on_table b5)/(on_table b4)/(clear b3)/(on_table b3)/(clear b4)/(clear b2)/(on_table b2)
Execute: (pick_up b1)

If holds: (clear b5)/(on_table b5)/(on_table b4)/(holding b1)/(clear b3)/(on_table b3)/(clear b4)/(clear b2)/(on_table b2)
Execute: (put_down b1)

