If holds: (on_table b5)/(emptyhand)/(on b3 b2)/(clear b4)/(clear b3)/(on_table b1)/(on b4 b5)/(on b2 b1)
Execute: (init_pick_up b3 b2)

If holds: (on b4 b5)/(on_table b1)/(at_ b3 l0)/(on_table b5)/(on b2 b1)/(clear b2)/(clear b4)
Execute: (move b3 l0 l1)

If holds: (on b4 b5)/(on_table b1)/(clear b4)/(at_ b3 l1)/(on_table b5)/(on b2 b1)/(clear b2)
Execute: (move b3 l1 l10)

If holds: (on b4 b5)/(on_table b1)/(faulty b3 l1)/(clear b4)/(on_table b5)/(on b2 b1)/(clear b2)
Execute: (fix b3 l1)

If holds: (on b4 b5)/(on_table b1)/(at_ b3 l10)/(on_table b5)/(on b2 b1)/(clear b2)/(clear b4)
Execute: (pick_up b3)

If holds: (on_table b3)/(on_table b5)/(emptyhand)/(clear b4)/(clear b2)/(clear b3)/(on_table b1)/(on b4 b5)/(on b2 b1)
Execute: (init_pick_up b4 b5)

If holds: (on_table b1)/(clear b5)/(on_table b3)/(on_table b5)/(on b2 b1)/(at_ b4 l0)/(clear b3)/(clear b2)
Execute: (move b4 l0 l1)

If holds: (on_table b1)/(clear b5)/(on_table b3)/(on_table b5)/(on b2 b1)/(clear b2)/(at_ b4 l1)/(clear b3)
Execute: (move b4 l1 l10)

If holds: (on_table b1)/(clear b5)/(on_table b3)/(on_table b5)/(on b2 b1)/(at_ b4 l10)/(clear b3)/(clear b2)
Execute: (pick_up b4)

If holds: (on_table b3)/(on_table b5)/(emptyhand)/(on_table b4)/(clear b2)/(clear b3)/(clear b4)/(on_table b1)/(clear b5)/(on b2 b1)
Execute: (init_pick_up b2 b1)

If holds: (on_table b1)/(clear b5)/(on_table b3)/(on_table b5)/(on b2 b1)/(clear b2)/(faulty b4 l1)/(clear b3)
Execute: (fix b4 l1)

If holds: (on_table b1)/(holding b4)/(clear b5)/(on_table b3)/(on_table b5)/(on b2 b1)/(clear b2)/(clear b3)
Execute: (put_down b4)

If holds: (on_table b3)/(on_table b5)/(on_table b4)/(clear b3)/(clear b4)/(on_table b1)/(clear b5)/(at_ b2 l0)/(clear b1)
Execute: (move b2 l0 l1)

If holds: (at_ b2 l1)/(on_table b3)/(on_table b5)/(on_table b4)/(clear b3)/(clear b4)/(on_table b1)/(clear b5)/(clear b1)
Execute: (move b2 l1 l10)

If holds: (on_table b3)/(on_table b5)/(on_table b4)/(clear b3)/(clear b4)/(at_ b2 l10)/(on_table b1)/(clear b5)/(clear b1)
Execute: (pick_up b2)

If holds: (on_table b3)/(on_table b5)/(on_table b4)/(holding b2)/(clear b3)/(clear b4)/(on_table b1)/(clear b5)/(clear b1)
Execute: (put_down b2)

If holds: (faulty b4 l10)/(on_table b1)/(clear b5)/(on_table b3)/(on_table b5)/(on b2 b1)/(clear b3)/(clear b2)
Execute: (fix b4 l10)

If holds: (on_table b3)/(on_table b5)/(faulty b2 l10)/(on_table b4)/(clear b3)/(clear b4)/(on_table b1)/(clear b5)/(clear b1)
Execute: (fix b2 l10)

If holds: (on b4 b5)/(on_table b1)/(clear b4)/(on_table b5)/(on b2 b1)/(holding b3)/(clear b2)
Execute: (put_down b3)

If holds: (on b4 b5)/(on_table b1)/(faulty b3 l10)/(on_table b5)/(on b2 b1)/(clear b2)/(clear b4)
Execute: (fix b3 l10)

If holds: (on_table b3)/(on_table b5)/(on_table b4)/(faulty b2 l1)/(clear b3)/(clear b4)/(on_table b1)/(clear b5)/(clear b1)
Execute: (fix b2 l1)

