If holds: (on_table b1)/(clear b3)/(on_table b4)/(on b2 b4)/(on_table b5)/(on b3 b2)/(clear b5)/(clear b1)/(emptyhand)
Execute: (init_pick_up b3 b2)

If holds: (on_table b1)/(clear b5)/(clear b2)/(at_ b3 l0)/(on_table b4)/(on b2 b4)/(clear b1)/(on_table b5)
Execute: (move b3 l0 l1)

If holds: (on_table b1)/(clear b2)/(clear b5)/(at_ b3 l1)/(on_table b4)/(on b2 b4)/(clear b1)/(on_table b5)
Execute: (move b3 l1 l10)

If holds: (on_table b1)/(clear b2)/(clear b5)/(faulty b3 l10)/(on_table b4)/(on b2 b4)/(clear b1)/(on_table b5)
Execute: (fix b3 l10)

If holds: (on_table b1)/(at_ b3 l10)/(clear b2)/(clear b5)/(on_table b4)/(on b2 b4)/(clear b1)/(on_table b5)
Execute: (pick_up b3)

If holds: (on_table b1)/(clear b2)/(clear b3)/(on_table b4)/(on b2 b4)/(on_table b5)/(on_table b3)/(clear b5)/(clear b1)/(emptyhand)
Execute: (init_pick_up b2 b4)

If holds: (on_table b1)/(clear b3)/(on_table b4)/(on_table b5)/(on_table b3)/(clear b5)/(at_ b2 l0)/(clear b4)/(clear b1)
Execute: (move b2 l0 l1)

If holds: (on_table b1)/(clear b3)/(on_table b4)/(faulty b2 l1)/(on_table b5)/(on_table b3)/(clear b5)/(clear b4)/(clear b1)
Execute: (fix b2 l1)

If holds: (on_table b1)/(clear b2)/(clear b5)/(holding b3)/(on_table b4)/(on b2 b4)/(clear b1)/(on_table b5)
Execute: (put_down b3)

If holds: (at_ b2 l1)/(on_table b1)/(clear b3)/(on_table b4)/(on_table b5)/(on_table b3)/(clear b5)/(clear b4)/(clear b1)
Execute: (move b2 l1 l10)

If holds: (on_table b1)/(clear b3)/(on_table b4)/(on_table b5)/(on_table b3)/(at_ b2 l10)/(clear b5)/(clear b4)/(clear b1)
Execute: (pick_up b2)

If holds: (on_table b1)/(holding b2)/(clear b3)/(on_table b4)/(on_table b5)/(on_table b3)/(clear b5)/(clear b4)/(clear b1)
Execute: (put_down b2)

If holds: (on_table b1)/(clear b3)/(on_table b4)/(on_table b5)/(on_table b3)/(faulty b2 l10)/(clear b5)/(clear b4)/(clear b1)
Execute: (fix b2 l10)

If holds: (on_table b1)/(faulty b3 l1)/(clear b2)/(clear b5)/(on_table b4)/(on b2 b4)/(clear b1)/(on_table b5)
Execute: (fix b3 l1)

