If holds: (clear b3)/(on_table b5)/(on b3 b1)/(on b1 b2)/(on b4 b5)/(on b2 b4)/(emptyhand)
Execute: (init_pick_up b3 b1)

If holds: (on_table b5)/(at_ b3 l0)/(on b1 b2)/(clear b1)/(on b4 b5)/(on b2 b4)
Execute: (move b3 l0 l1)

If holds: (on b1 b2)/(clear b1)/(on b2 b4)/(on b4 b5)/(on_table b5)/(faulty b3 l1)
Execute: (fix b3 l1)

If holds: (at_ b3 l1)/(on b1 b2)/(clear b1)/(on b2 b4)/(on b4 b5)/(on_table b5)
Execute: (move b3 l1 l10)

If holds: (on b1 b2)/(clear b1)/(on b2 b4)/(on b4 b5)/(on_table b5)/(at_ b3 l10)
Execute: (pick_up b3)

If holds: (holding b3)/(on b1 b2)/(clear b1)/(on b2 b4)/(on b4 b5)/(on_table b5)
Execute: (put_down b3)

If holds: (on_table b3)/(clear b3)/(on b1 b2)/(clear b1)/(on b2 b4)/(on b4 b5)/(on_table b5)/(emptyhand)
Execute: (init_pick_up b1 b2)

If holds: (at_ b1 l0)/(on_table b3)/(clear b2)/(clear b3)/(on b2 b4)/(on b4 b5)/(on_table b5)
Execute: (move b1 l0 l1)

If holds: (at_ b1 l1)/(on_table b3)/(clear b3)/(clear b2)/(on b4 b5)/(on_table b5)/(on b2 b4)
Execute: (move b1 l1 l10)

If holds: (on_table b3)/(faulty b1 l10)/(clear b3)/(clear b2)/(on b4 b5)/(on_table b5)/(on b2 b4)
Execute: (fix b1 l10)

If holds: (faulty b3 l10)/(on b1 b2)/(clear b1)/(on b2 b4)/(on b4 b5)/(on_table b5)
Execute: (fix b3 l10)

If holds: (on_table b3)/(clear b3)/(clear b2)/(on b4 b5)/(on_table b5)/(at_ b1 l10)/(on b2 b4)
Execute: (pick_up b1)

If holds: (on_table b1)/(clear b3)/(clear b1)/(on_table b5)/(on_table b3)/(clear b2)/(on b4 b5)/(on b2 b4)/(emptyhand)
Execute: (init_pick_up b2 b4)

If holds: (holding b1)/(on_table b3)/(clear b3)/(clear b2)/(on b4 b5)/(on_table b5)/(on b2 b4)
Execute: (put_down b1)

If holds: (on_table b3)/(clear b3)/(clear b2)/(on b4 b5)/(on_table b5)/(faulty b1 l1)/(on b2 b4)
Execute: (fix b1 l1)

If holds: (on_table b1)/(at_ b2 l0)/(on_table b3)/(clear b3)/(clear b1)/(clear b4)/(on b4 b5)/(on_table b5)
Execute: (move b2 l0 l1)

If holds: (on_table b1)/(faulty b2 l1)/(on_table b3)/(clear b3)/(clear b1)/(clear b4)/(on b4 b5)/(on_table b5)
Execute: (fix b2 l1)

If holds: (on_table b1)/(at_ b2 l1)/(on_table b3)/(clear b3)/(clear b1)/(clear b4)/(on b4 b5)/(on_table b5)
Execute: (move b2 l1 l10)

If holds: (on_table b1)/(faulty b2 l10)/(on_table b3)/(clear b3)/(clear b1)/(clear b4)/(on b4 b5)/(on_table b5)
Execute: (fix b2 l10)

If holds: (on_table b1)/(at_ b2 l10)/(on_table b3)/(clear b3)/(clear b1)/(clear b4)/(on b4 b5)/(on_table b5)
Execute: (pick_up b2)

If holds: (on_table b1)/(clear b3)/(clear b1)/(clear b4)/(on_table b5)/(on_table b3)/(on_table b2)/(clear b2)/(on b4 b5)/(emptyhand)
Execute: (init_pick_up b4 b5)

If holds: (on_table b1)/(on_table b3)/(clear b3)/(clear b1)/(clear b4)/(on b4 b5)/(on_table b5)/(holding b2)
Execute: (put_down b2)

If holds: (on_table b1)/(clear b3)/(clear b1)/(on_table b5)/(on_table b3)/(at_ b4 l0)/(on_table b2)/(clear b2)/(clear b5)
Execute: (move b4 l0 l1)

If holds: (on_table b1)/(clear b3)/(clear b1)/(on_table b5)/(faulty b4 l1)/(on_table b3)/(on_table b2)/(clear b2)/(clear b5)
Execute: (fix b4 l1)

If holds: (on_table b1)/(clear b3)/(at_ b4 l1)/(clear b1)/(on_table b5)/(on_table b3)/(on_table b2)/(clear b2)/(clear b5)
Execute: (move b4 l1 l10)

If holds: (on_table b1)/(clear b3)/(clear b1)/(at_ b4 l10)/(on_table b5)/(on_table b3)/(on_table b2)/(clear b2)/(clear b5)
Execute: (pick_up b4)

If holds: (on_table b1)/(clear b3)/(clear b1)/(on_table b5)/(on_table b3)/(on_table b2)/(clear b2)/(clear b5)/(holding b4)
Execute: (put_down b4)

If holds: (on_table b1)/(faulty b4 l10)/(clear b3)/(clear b1)/(on_table b5)/(on_table b3)/(on_table b2)/(clear b2)/(clear b5)
Execute: (fix b4 l10)

