If holds: (on b5 b3)/(on b2 b1)/(clear b4)/(on b3 b2)/(emptyhand)/(on b4 b5)/(on_table b1)
Execute: (init_pick_up b4 b5)

If holds: (on b5 b3)/(at_ b4 l0)/(on b3 b2)/(clear b5)/(on b2 b1)/(on_table b1)
Execute: (move b4 l0 l1)

If holds: (on b5 b3)/(at_ b4 l1)/(on b3 b2)/(clear b5)/(on b2 b1)/(on_table b1)
Execute: (move b4 l1 l10)

If holds: (on b5 b3)/(on b3 b2)/(at_ b4 l10)/(clear b5)/(on b2 b1)/(on_table b1)
Execute: (pick_up b4)

If holds: (on b5 b3)/(clear b4)/(on b3 b2)/(clear b5)/(on b2 b1)/(on_table b4)/(on_table b1)/(emptyhand)
Execute: (init_pick_up b5 b3)

If holds: (on b5 b3)/(on b3 b2)/(clear b5)/(on b2 b1)/(faulty b4 l1)/(on_table b1)
Execute: (fix b4 l1)

If holds: (on b5 b3)/(on b3 b2)/(clear b5)/(on b2 b1)/(on_table b1)/(faulty b4 l10)
Execute: (fix b4 l10)

If holds: (on b5 b3)/(holding b4)/(on b3 b2)/(clear b5)/(on b2 b1)/(on_table b1)
Execute: (put_down b4)

If holds: (clear b4)/(at_ b5 l0)/(clear b3)/(on b3 b2)/(on b2 b1)/(on_table b4)/(on_table b1)
Execute: (move b5 l0 l1)

If holds: (clear b4)/(clear b3)/(on b3 b2)/(at_ b5 l1)/(on b2 b1)/(on_table b4)/(on_table b1)
Execute: (move b5 l1 l10)

If holds: (clear b4)/(at_ b5 l10)/(clear b3)/(on b3 b2)/(on b2 b1)/(on_table b4)/(on_table b1)
Execute: (pick_up b5)

If holds: (clear b5)/(on b2 b1)/(on_table b4)/(emptyhand)/(clear b4)/(clear b3)/(on b3 b2)/(on_table b5)/(on_table b1)
Execute: (init_pick_up b3 b2)

If holds: (clear b4)/(clear b3)/(on b3 b2)/(faulty b5 l1)/(on b2 b1)/(on_table b4)/(on_table b1)
Execute: (fix b5 l1)

If holds: (clear b4)/(on_table b5)/(clear b2)/(at_ b3 l0)/(clear b5)/(on b2 b1)/(on_table b4)/(on_table b1)
Execute: (move b3 l0 l1)

If holds: (clear b4)/(clear b2)/(on_table b5)/(at_ b3 l1)/(clear b5)/(on b2 b1)/(on_table b4)/(on_table b1)
Execute: (move b3 l1 l10)

If holds: (clear b4)/(faulty b3 l10)/(clear b2)/(on_table b5)/(clear b5)/(on b2 b1)/(on_table b4)/(on_table b1)
Execute: (fix b3 l10)

If holds: (clear b4)/(clear b2)/(on_table b5)/(at_ b3 l10)/(clear b5)/(on b2 b1)/(on_table b4)/(on_table b1)
Execute: (pick_up b3)

If holds: (clear b4)/(clear b2)/(on_table b5)/(holding b3)/(clear b5)/(on b2 b1)/(on_table b4)/(on_table b1)
Execute: (put_down b3)

If holds: (clear b5)/(on b2 b1)/(on_table b4)/(emptyhand)/(clear b4)/(clear b2)/(clear b3)/(on_table b3)/(on_table b5)/(on_table b1)
Execute: (init_pick_up b2 b1)

If holds: (clear b1)/(clear b5)/(on_table b4)/(clear b4)/(clear b3)/(on_table b3)/(at_ b2 l0)/(on_table b5)/(on_table b1)
Execute: (move b2 l0 l1)

If holds: (clear b1)/(clear b5)/(on_table b4)/(clear b4)/(clear b3)/(on_table b3)/(on_table b5)/(at_ b2 l1)/(on_table b1)
Execute: (move b2 l1 l10)

If holds: (clear b1)/(clear b5)/(on_table b4)/(clear b4)/(clear b3)/(on_table b3)/(on_table b5)/(on_table b1)/(at_ b2 l10)
Execute: (pick_up b2)

If holds: (clear b1)/(faulty b2 l1)/(clear b5)/(on_table b4)/(clear b4)/(clear b3)/(on_table b3)/(on_table b5)/(on_table b1)
Execute: (fix b2 l1)

If holds: (clear b4)/(clear b3)/(holding b5)/(on b3 b2)/(on b2 b1)/(on_table b4)/(on_table b1)
Execute: (put_down b5)

If holds: (clear b1)/(faulty b2 l10)/(clear b5)/(on_table b4)/(clear b4)/(clear b3)/(on_table b3)/(on_table b5)/(on_table b1)
Execute: (fix b2 l10)

If holds: (clear b1)/(holding b2)/(clear b5)/(on_table b4)/(clear b4)/(clear b3)/(on_table b3)/(on_table b5)/(on_table b1)
Execute: (put_down b2)

If holds: (clear b4)/(clear b2)/(on_table b5)/(faulty b3 l1)/(clear b5)/(on b2 b1)/(on_table b4)/(on_table b1)
Execute: (fix b3 l1)

If holds: (clear b4)/(clear b3)/(on b3 b2)/(on b2 b1)/(faulty b5 l10)/(on_table b4)/(on_table b1)
Execute: (fix b5 l10)

