If holds: (at_ tile_3_4)
Execute: (left tile_3_4 tile_2_4 tile_1_4)

If holds: (at_ tile_2_4)
Execute: (down tile_2_4 tile_2_3 tile_2_2)

If holds: (at_ tile_2_2)
Execute: (down tile_2_2 tile_2_1 tile_2_0)

If holds: (at_ tile_2_1)
Execute: (left_to_wall tile_2_1 tile_1_1 tile_0_1)

If holds: (at_ tile_1_4)
Execute: (left_to_wall tile_1_4 tile_0_4 leftwall_4)

If holds: (at_ tile_0_4)
Execute: (down tile_0_4 tile_0_3 tile_0_2)

If holds: (at_ tile_0_3)
Execute: (down_to_wall tile_0_3 tile_0_2 tile_0_1)

If holds: (at_ tile_0_2)
Execute: (right tile_0_2 tile_1_2 tile_2_2)

If holds: (at_ tile_1_2)
Execute: (right tile_1_2 tile_2_2 tile_3_2)

If holds: (at_ tile_3_2)
Execute: (right tile_3_2 tile_4_2 tile_5_2)

If holds: (at_ tile_4_2)
Execute: (up tile_4_2 tile_4_3 tile_4_4)

If holds: (at_ tile_4_4)
Execute: (up_to_wall tile_4_4 tile_4_5 upperwall_4)

If holds: (at_ tile_4_5)
Execute: (down tile_4_5 tile_4_4 tile_4_3)

If holds: (at_ tile_4_3)
Execute: (down tile_4_3 tile_4_2 tile_4_1)

If holds: (at_ tile_4_1)
Execute: (right_to_wall tile_4_1 tile_5_1 rightwall_1)

If holds: (at_ tile_5_1)
Execute: (left tile_5_1 tile_4_1 tile_3_1)

If holds: (at_ tile_3_1)
Execute: (left tile_3_1 tile_2_1 tile_1_1)

If holds: (at_ tile_5_2)
Execute: (left tile_5_2 tile_4_2 tile_3_2)

If holds: (at_ tile_2_0)
Execute: (up tile_2_0 tile_2_1 tile_2_2)

If holds: (at_ tile_2_3)
Execute: (up tile_2_3 tile_2_4 tile_2_5)

If holds: (at_ tile_2_5)
Execute: (right tile_2_5 tile_3_5 tile_4_5)

If holds: (at_ tile_3_5)
Execute: (right tile_3_5 tile_4_5 tile_5_5)

If holds: (at_ tile_5_5)
Execute: (left tile_5_5 tile_4_5 tile_3_5)

