If holds: (free n0)/(free ng)/(tire_at t5 n0)/(tire_at t11 n0)/(tire_at t4 n0)/(tire_at t9 n0)/(tire_at t7 n0)/(tire_at t2 n0)/(tire_at t1 n0)/(not_flattire)/(car_at n0)/(free n2)/(truck_at n0)/(tire_at t3 n0)/(tire_at t8 n0)/(tire_at t10 n0)/(tire_at t12 n0)/(tire_at t6 n0)/(free n1)
Execute: (loadtire n0 t9)

If holds: (car_at n0)/(free n2)/(truck_at n0)/(tire_at t3 n0)/(free n0)/(free ng)/(tire_at t5 n0)/(tire_at t11 n0)/(tire_at t4 n0)/(tire_at t8 n0)/(tire_at t7 n0)/(tire_at t10 n0)/(tire_at t12 n0)/(tire_at t6 n0)/(tire_at t2 n0)/(tire_at t1 n0)/(loaded t9)/(not_flattire)/(free n1)
Execute: (move_truck n0 n1)

If holds: (car_at n0)/(free n2)/(tire_at t3 n0)/(free n0)/(free ng)/(tire_at t5 n0)/(tire_at t11 n0)/(tire_at t4 n0)/(tire_at t8 n0)/(truck_at n1)/(tire_at t7 n0)/(tire_at t10 n0)/(tire_at t12 n0)/(tire_at t6 n0)/(tire_at t2 n0)/(tire_at t1 n0)/(loaded t9)/(not_flattire)
Execute: (droptire n1 t9)

If holds: (car_at n0)/(tire_at t9 n1)/(free n2)/(tire_at t3 n0)/(free n0)/(free ng)/(tire_at t5 n0)/(tire_at t11 n0)/(tire_at t4 n0)/(tire_at t8 n0)/(truck_at n1)/(tire_at t7 n0)/(tire_at t10 n0)/(tire_at t12 n0)/(tire_at t6 n0)/(tire_at t2 n0)/(tire_at t1 n0)/(not_flattire)
Execute: (move_truck_to_initial n1 n0)

If holds: (car_at n0)/(tire_at t9 n1)/(free n2)/(truck_at n0)/(tire_at t3 n0)/(free n0)/(free ng)/(tire_at t5 n0)/(tire_at t11 n0)/(tire_at t4 n0)/(tire_at t8 n0)/(tire_at t7 n0)/(tire_at t10 n0)/(tire_at t12 n0)/(tire_at t6 n0)/(tire_at t2 n0)/(tire_at t1 n0)/(not_flattire)/(free n1)
Execute: (move_car_spiky n0 n1)

If holds: (car_at n1)/(tire_at t9 n1)/(free n2)/(truck_at n0)/(tire_at t3 n0)/(free n0)/(free ng)/(tire_at t5 n0)/(tire_at t11 n0)/(tire_at t4 n0)/(tire_at t8 n0)/(tire_at t7 n0)/(tire_at t10 n0)/(tire_at t12 n0)/(tire_at t6 n0)/(tire_at t2 n0)/(tire_at t1 n0)/(not_flattire_0)
Execute: (fix n1 t9)

If holds: (car_at n1)/(tire_at t9 n1)/(free n2)/(truck_at n0)/(tire_at t3 n0)/(free n0)/(free ng)/(tire_at t5 n0)/(tire_at t11 n0)/(tire_at t4 n0)/(tire_at t8 n0)/(tire_at t7 n0)/(tire_at t10 n0)/(tire_at t12 n0)/(tire_at t6 n0)/(tire_at t2 n0)/(tire_at t1 n0)/(not_flattire)
Execute: (move_car_normal n1 n2)

If holds: (tire_at t9 n1)/(truck_at n0)/(tire_at t3 n0)/(free n0)/(free ng)/(tire_at t5 n0)/(tire_at t11 n0)/(tire_at t4 n0)/(tire_at t8 n0)/(car_at n2)/(tire_at t7 n0)/(tire_at t10 n0)/(tire_at t12 n0)/(tire_at t6 n0)/(tire_at t2 n0)/(tire_at t1 n0)/(not_flattire)/(free n1)
Execute: (move_car_normal n2 ng)

If holds: (car_at n1)/(free n2)/(truck_at n0)/(tire_at t3 n0)/(free n0)/(free ng)/(tire_at t5 n0)/(tire_at t11 n0)/(tire_at t4 n0)/(tire_at t8 n0)/(tire_at t7 n0)/(tire_at t10 n0)/(tire_at t12 n0)/(tire_at t6 n0)/(tire_at t2 n0)/(tire_at t1 n0)/(not_flattire)
Execute: (move_car_normal n1 n2)

If holds: (tire_at t12 n0)/(tire_at t6 n0)/(truck_at n0)/(tire_at t2 n0)/(tire_at t3 n0)/(tire_at t10 n0)/(free n0)/(tire_at t1 n0)/(free ng)/(tire_at t5 n0)/(tire_at t11 n0)/(tire_at t4 n0)/(tire_at t8 n0)/(car_at n2)/(not_flattire)/(tire_at t7 n0)/(free n1)
Execute: (move_car_normal n2 ng)

