If holds: (free n2)/(truck_at n0)/(free ng)/(car_at n0)/(free n1)/(free n0)/(not_flattire)/(tire_at t1 n0)
Execute: (loadtire n0 t1)

If holds: (free n2)/(truck_at n0)/(free ng)/(not_flattire)/(car_at n0)/(free n1)/(loaded t1)/(free n0)
Execute: (move_truck n0 n1)

If holds: (truck_at n1)/(free n2)/(free ng)/(not_flattire)/(car_at n0)/(loaded t1)/(free n0)
Execute: (droptire n1 t1)

If holds: (truck_at n1)/(free n2)/(free ng)/(not_flattire)/(car_at n0)/(free n0)/(tire_at t1 n1)
Execute: (move_truck_to_initial n1 n0)

If holds: (free n2)/(free ng)/(truck_at n0)/(car_at n0)/(free n1)/(free n0)/(tire_at t1 n1)/(not_flattire)
Execute: (move_car_spiky n0 n1)

If holds: (not_flattire_0)/(free n2)/(free ng)/(truck_at n0)/(car_at n1)/(free n0)/(tire_at t1 n1)
Execute: (fix n1 t1)

If holds: (free n2)/(free ng)/(truck_at n0)/(car_at n1)/(not_flattire)/(free n0)
Execute: (move_car_normal n1 n2)

If holds: (car_at n2)/(free ng)/(truck_at n0)/(not_flattire)/(free n1)/(free n0)
Execute: (move_car_normal n2 ng)

If holds: (free n2)/(free ng)/(truck_at n0)/(not_flattire)/(car_at n1)/(free n0)/(tire_at t1 n1)
Execute: (move_car_normal n1 n2)

If holds: (car_at n2)/(free ng)/(truck_at n0)/(not_flattire)/(free n1)/(free n0)/(tire_at t1 n1)
Execute: (move_car_normal n2 ng)

