If holds: (free ng)/(tire_at t1 n0)/(not_flattire)/(tire_at t3 n0)/(tire_at t4 n0)/(free n0)/(truck_at n0)/(tire_at t2 n0)/(free n2)/(free n1)/(car_at n0)
Execute: (loadtire n0 t1)

If holds: (free ng)/(loaded t1)/(not_flattire)/(tire_at t3 n0)/(tire_at t4 n0)/(free n0)/(truck_at n0)/(tire_at t2 n0)/(free n2)/(free n1)/(car_at n0)
Execute: (move_truck n0 n1)

If holds: (free ng)/(loaded t1)/(tire_at t3 n0)/(not_flattire)/(tire_at t4 n0)/(free n0)/(tire_at t2 n0)/(free n2)/(car_at n0)/(truck_at n1)
Execute: (move_truck n1 n2)

If holds: (free ng)/(truck_at n2)/(loaded t1)/(not_flattire)/(tire_at t3 n0)/(tire_at t4 n0)/(free n0)/(tire_at t2 n0)/(free n1)/(car_at n0)
Execute: (droptire n2 t1)

If holds: (free ng)/(truck_at n2)/(tire_at t1 n2)/(not_flattire)/(tire_at t3 n0)/(tire_at t4 n0)/(free n0)/(tire_at t2 n0)/(free n1)/(car_at n0)
Execute: (move_truck n2 n1)

If holds: (free ng)/(tire_at t1 n2)/(tire_at t3 n0)/(not_flattire)/(tire_at t4 n0)/(free n0)/(tire_at t2 n0)/(free n2)/(car_at n0)/(truck_at n1)
Execute: (move_truck_to_initial n1 n0)

If holds: (free ng)/(tire_at t1 n2)/(tire_at t3 n0)/(not_flattire)/(tire_at t4 n0)/(free n0)/(truck_at n0)/(tire_at t2 n0)/(free n2)/(free n1)/(car_at n0)
Execute: (move_car_normal n0 n1)

If holds: (car_at n1)/(free ng)/(tire_at t1 n2)/(not_flattire)/(tire_at t3 n0)/(tire_at t4 n0)/(free n0)/(truck_at n0)/(tire_at t2 n0)/(free n2)
Execute: (move_car_spiky n1 n2)

If holds: (free ng)/(tire_at t1 n2)/(tire_at t3 n0)/(not_flattire)/(tire_at t4 n0)/(free n0)/(truck_at n0)/(tire_at t2 n0)/(free n1)/(car_at n2)
Execute: (move_car_normal n2 ng)

If holds: (free ng)/(tire_at t1 n2)/(tire_at t3 n0)/(not_flattire_0)/(tire_at t4 n0)/(free n0)/(truck_at n0)/(tire_at t2 n0)/(free n1)/(car_at n2)
Execute: (fix n2 t1)

If holds: (free ng)/(tire_at t3 n0)/(not_flattire)/(tire_at t4 n0)/(free n0)/(truck_at n0)/(tire_at t2 n0)/(free n1)/(car_at n2)
Execute: (move_car_normal n2 ng)

