If holds: (spare_in n8)/(spare_in n15)/(spare_in n4)/(spare_in n16)/(spare_in n9)/(spare_in n23)/(spare_in n20)/(spare_in n0)/(spare_in n5)/(spare_in n7)/(spare_in n24)/(not_flattire)/(spare_in n2)/(spare_in n17)/(spare_in n28)/(spare_in n11)/(vehicle_at n25)/(spare_in n18)
Execute: (move_car n25 n15)

If holds: (spare_in n8)/(spare_in n15)/(spare_in n9)/(spare_in n16)/(spare_in n20)/(spare_in n7)/(not_flattire)/(spare_in n2)/(spare_in n17)/(spare_in n28)/(spare_in n18)/(spare_in n4)/(spare_in n23)/(spare_in n0)/(spare_in n5)/(spare_in n24)/(spare_in n11)/(vehicle_at n15)
Execute: (move_car n15 n17)

If holds: (spare_in n8)/(spare_in n15)/(spare_in n9)/(spare_in n16)/(spare_in n20)/(spare_in n7)/(not_flattire)/(spare_in n2)/(spare_in n17)/(vehicle_at n17)/(spare_in n28)/(spare_in n18)/(spare_in n4)/(spare_in n23)/(spare_in n0)/(spare_in n5)/(spare_in n24)/(spare_in n11)
Execute: (move_car n17 n22)

If holds: (spare_in n8)/(spare_in n15)/(spare_in n9)/(spare_in n16)/(spare_in n20)/(spare_in n7)/(spare_in n2)/(spare_in n17)/(spare_in n28)/(spare_in n18)/(spare_in n4)/(spare_in n23)/(spare_in n0)/(spare_in n5)/(spare_in n24)/(spare_in n11)/(vehicle_at n15)
Execute: (loadtire n15)

If holds: (spare_in n8)/(spare_in n9)/(spare_in n16)/(spare_in n20)/(spare_in n7)/(spare_in n2)/(spare_in n17)/(spare_in n28)/(spare_in n18)/(spare_in n4)/(spare_in n23)/(spare_in n0)/(spare_in n5)/(spare_in n24)/(spare_in n11)/(vehicle_at n15)/(hasspare)
Execute: (changetire)

If holds: (spare_in n8)/(spare_in n9)/(spare_in n16)/(spare_in n20)/(spare_in n7)/(not_flattire)/(spare_in n2)/(spare_in n17)/(spare_in n28)/(spare_in n18)/(spare_in n4)/(spare_in n23)/(spare_in n0)/(spare_in n5)/(spare_in n24)/(spare_in n11)/(vehicle_at n15)
Execute: (move_car n15 n17)

If holds: (spare_in n8)/(spare_in n9)/(spare_in n16)/(spare_in n4)/(spare_in n23)/(spare_in n20)/(spare_in n0)/(spare_in n7)/(spare_in n5)/(spare_in n24)/(vehicle_at n17)/(spare_in n2)/(spare_in n17)/(spare_in n11)/(spare_in n18)/(spare_in n28)
Execute: (loadtire n17)

If holds: (spare_in n8)/(spare_in n9)/(spare_in n16)/(spare_in n4)/(spare_in n23)/(spare_in n20)/(spare_in n0)/(spare_in n7)/(spare_in n5)/(spare_in n28)/(vehicle_at n17)/(spare_in n2)/(spare_in n24)/(spare_in n11)/(hasspare)/(spare_in n18)
Execute: (changetire)

If holds: (spare_in n8)/(spare_in n9)/(spare_in n16)/(spare_in n4)/(spare_in n23)/(spare_in n20)/(spare_in n0)/(spare_in n7)/(spare_in n5)/(spare_in n24)/(vehicle_at n17)/(spare_in n2)/(not_flattire)/(spare_in n11)/(spare_in n18)/(spare_in n28)
Execute: (move_car n17 n22)

If holds: (spare_in n8)/(spare_in n9)/(spare_in n16)/(spare_in n20)/(spare_in n7)/(not_flattire)/(spare_in n2)/(spare_in n17)/(vehicle_at n17)/(spare_in n28)/(spare_in n18)/(spare_in n4)/(spare_in n23)/(spare_in n0)/(spare_in n5)/(spare_in n24)/(spare_in n11)
Execute: (move_car n17 n22)

If holds: (spare_in n8)/(spare_in n15)/(spare_in n9)/(spare_in n16)/(spare_in n20)/(spare_in n7)/(vehicle_at n17)/(spare_in n2)/(spare_in n17)/(spare_in n28)/(spare_in n18)/(spare_in n4)/(spare_in n23)/(spare_in n0)/(spare_in n5)/(spare_in n24)/(spare_in n11)
Execute: (loadtire n17)

If holds: (spare_in n8)/(spare_in n15)/(spare_in n9)/(spare_in n16)/(spare_in n20)/(spare_in n7)/(vehicle_at n17)/(spare_in n2)/(spare_in n28)/(spare_in n18)/(spare_in n4)/(spare_in n23)/(spare_in n0)/(spare_in n5)/(spare_in n24)/(spare_in n11)/(hasspare)
Execute: (changetire)

If holds: (spare_in n8)/(spare_in n15)/(spare_in n9)/(spare_in n16)/(spare_in n20)/(spare_in n7)/(vehicle_at n17)/(spare_in n2)/(not_flattire)/(spare_in n28)/(spare_in n18)/(spare_in n4)/(spare_in n23)/(spare_in n0)/(spare_in n5)/(spare_in n24)/(spare_in n11)
Execute: (move_car n17 n22)

