If holds: (victim_at v1 l1)/(fire_unit_at f1 l1)/(victim_status v1 dying)/(victim_at v2 l1)/(victim_status v2 dying)/(medical_unit_at m1 l1)/(fire l1)
Execute: (load_fire_unit f1 l1)

If holds: (victim_at v1 l1)/(victim_status v1 dying)/(fire_unit_at f1 l1)/(victim_at v2 l1)/(have_water f1)/(victim_status v2 dying)/(medical_unit_at m1 l1)/(fire l1)
Execute: (treat_victim_at_hospital v2 l1)

If holds: (victim_at v1 l1)/(victim_status v1 dying)/(fire_unit_at f1 l1)/(victim_at v2 l1)/(victim_status v2 healthy)/(have_water f1)/(medical_unit_at m1 l1)/(fire l1)
Execute: (unload_fire_unit f1 l1 l1)

If holds: (victim_at v1 l1)/(victim_status v1 dying)/(fire_unit_at f1 l1)/(victim_at v2 l1)/(victim_status v2 healthy)/(nfire l1)/(fire_0 l1)/(medical_unit_at m1 l1)
Execute: (treat_victim_at_hospital v1 l1)

If holds: (victim_at v1 l1)/(victim_status v1 dying)/(fire_unit_at f1 l1)/(victim_at v2 l1)/(victim_status v2 healthy)/(medical_unit_at m1 l1)/(fire l1)
Execute: (load_medical_unit m1 l1 v1)

If holds: (victim_status v1 dying)/(victim_at v2 l1)/(fire_unit_at f1 l1)/(victim_status v2 healthy)/(have_victim_in_unit v1 m1)/(medical_unit_at m1 l1)/(fire l1)
Execute: (load_fire_unit f1 l1)

If holds: (victim_status v1 dying)/(victim_at v2 l1)/(fire_unit_at f1 l1)/(victim_status v2 healthy)/(have_water f1)/(have_victim_in_unit v1 m1)/(medical_unit_at m1 l1)/(fire l1)
Execute: (load_medical_unit m1 l1 v2)

If holds: (victim_status v1 dying)/(fire_unit_at f1 l1)/(victim_status v2 healthy)/(have_water f1)/(have_victim_in_unit v1 m1)/(have_victim_in_unit v2 m1)/(medical_unit_at m1 l1)/(fire l1)
Execute: (unload_fire_unit f1 l1 l1)

If holds: (victim_status v1 dying)/(fire_unit_at f1 l1)/(victim_status v2 healthy)/(nfire l1)/(have_victim_in_unit v1 m1)/(have_victim_in_unit v2 m1)/(fire_0 l1)/(medical_unit_at m1 l1)
Execute: (unload_medical_unit m1 l1 v2)

If holds: (victim_status v1 dying)/(victim_at v2 l1)/(fire_unit_at f1 l1)/(victim_status v2 healthy)/(nfire l1)/(have_victim_in_unit v1 m1)/(fire_0 l1)/(medical_unit_at m1 l1)
Execute: (load_fire_unit f1 l1)

If holds: (fire_unit_at f1 l1)/(victim_status v2 healthy)/(victim_status v1 dying)/(victim_at v2 l1)/(nfire l1)/(have_water f1)/(have_victim_in_unit v1 m1)/(fire_0 l1)/(medical_unit_at m1 l1)
Execute: (unload_medical_unit m1 l1 v1)

If holds: (victim_at v1 l1)/(fire_unit_at f1 l1)/(victim_status v2 healthy)/(victim_status v1 dying)/(victim_at v2 l1)/(nfire l1)/(have_water f1)/(fire_0 l1)/(medical_unit_at m1 l1)
Execute: (load_medical_unit m1 l1 v2)

If holds: (victim_at v1 l1)/(fire_unit_at f1 l1)/(victim_status v2 healthy)/(have_victim_in_unit v2 m1)/(victim_status v1 dying)/(nfire l1)/(have_water f1)/(fire_0 l1)/(medical_unit_at m1 l1)
Execute: (treat_victim_at_hospital v1 l1)

If holds: (victim_status v1 dying)/(fire_unit_at f1 l1)/(victim_status v2 healthy)/(have_victim_in_unit v1 m1)/(have_victim_in_unit v2 m1)/(medical_unit_at m1 l1)/(fire l1)
Execute: (unload_medical_unit m1 l1 v1)

If holds: (victim_status v1 dying)/(victim_at v1 l1)/(fire_unit_at f1 l1)/(victim_status v2 healthy)/(have_victim_in_unit v2 m1)/(medical_unit_at m1 l1)/(fire l1)
Execute: (load_fire_unit f1 l1)

If holds: (victim_status v1 dying)/(victim_at v1 l1)/(fire_unit_at f1 l1)/(victim_status v2 healthy)/(have_water f1)/(have_victim_in_unit v2 m1)/(medical_unit_at m1 l1)/(fire l1)
Execute: (treat_victim_at_hospital v1 l1)

If holds: (victim_at v1 l1)/(fire_unit_at f1 l1)/(victim_status v2 healthy)/(have_water f1)/(victim_status v1 healthy)/(have_victim_in_unit v2 m1)/(medical_unit_at m1 l1)/(fire l1)
Execute: (unload_medical_unit m1 l1 v2)

If holds: (victim_at v1 l1)/(victim_at v2 l1)/(fire_unit_at f1 l1)/(victim_status v2 healthy)/(have_water f1)/(victim_status v1 healthy)/(medical_unit_at m1 l1)/(fire l1)
Execute: (load_medical_unit m1 l1 v1)

If holds: (victim_at v2 l1)/(fire_unit_at f1 l1)/(victim_status v2 healthy)/(have_water f1)/(victim_status v1 healthy)/(have_victim_in_unit v1 m1)/(medical_unit_at m1 l1)/(fire l1)
Execute: (unload_fire_unit f1 l1 l1)

If holds: (victim_at v2 l1)/(fire_unit_at f1 l1)/(victim_status v2 healthy)/(victim_status v1 healthy)/(have_victim_in_unit v1 m1)/(medical_unit_at m1 l1)/(fire l1)
Execute: (load_medical_unit m1 l1 v2)

If holds: (fire_unit_at f1 l1)/(victim_status v2 healthy)/(victim_status v1 healthy)/(have_victim_in_unit v1 m1)/(have_victim_in_unit v2 m1)/(medical_unit_at m1 l1)/(fire l1)
Execute: (unload_medical_unit m1 l1 v1)

If holds: (victim_at v1 l1)/(fire_unit_at f1 l1)/(victim_status v2 healthy)/(victim_status v1 healthy)/(have_victim_in_unit v2 m1)/(medical_unit_at m1 l1)/(fire l1)
Execute: (unload_medical_unit m1 l1 v2)

If holds: (victim_at v1 l1)/(victim_at v2 l1)/(fire_unit_at f1 l1)/(victim_status v2 healthy)/(victim_status v1 healthy)/(medical_unit_at m1 l1)/(fire l1)
Execute: (load_fire_unit f1 l1)

