If holds: (tire_at t1 n0)/(free n1)/(free n0)/(free n2)/(tire_at t2 n0)/(not_flattire)/(truck_at n0)/(tire_at t3 n0)/(car_at n0)/(free ng)/(tire_at t4 n0)/(free n3)
Execute: (loadtire n0 t4)

If holds: (tire_at t1 n0)/(loaded t4)/(free n1)/(free n0)/(tire_at t2 n0)/(not_flattire)/(truck_at n0)/(tire_at t3 n0)/(free ng)/(car_at n0)/(free n2)/(free n3)
Execute: (move_truck n0 n1)

If holds: (tire_at t1 n0)/(loaded t4)/(free n0)/(free n2)/(truck_at n1)/(tire_at t2 n0)/(not_flattire)/(tire_at t3 n0)/(car_at n0)/(free ng)/(free n3)
Execute: (move_truck n1 n2)

If holds: (tire_at t1 n0)/(loaded t4)/(free n1)/(free n0)/(tire_at t2 n0)/(not_flattire)/(truck_at n2)/(tire_at t3 n0)/(car_at n0)/(free ng)/(free n3)
Execute: (droptire n2 t4)

If holds: (tire_at t1 n0)/(free n1)/(free n0)/(tire_at t2 n0)/(not_flattire)/(truck_at n2)/(tire_at t3 n0)/(tire_at t4 n2)/(car_at n0)/(free ng)/(free n3)
Execute: (move_truck n2 n1)

If holds: (tire_at t1 n0)/(free n0)/(truck_at n1)/(free n2)/(tire_at t2 n0)/(not_flattire)/(tire_at t3 n0)/(free ng)/(car_at n0)/(tire_at t4 n2)/(free n3)
Execute: (move_truck_to_initial n1 n0)

If holds: (tire_at t1 n0)/(free n1)/(free n0)/(tire_at t2 n0)/(not_flattire)/(tire_at t3 n0)/(truck_at n0)/(free ng)/(car_at n0)/(free n2)/(free n3)/(tire_at t4 n2)
Execute: (move_car_normal n0 n1)

If holds: (tire_at t1 n0)/(free n0)/(free n2)/(tire_at t2 n0)/(not_flattire)/(tire_at t3 n0)/(truck_at n0)/(car_at n1)/(tire_at t4 n2)/(free ng)/(free n3)
Execute: (move_car_spiky n1 n2)

If holds: (tire_at t1 n0)/(free n1)/(free n0)/(tire_at t2 n0)/(not_flattire)/(tire_at t3 n0)/(truck_at n0)/(free ng)/(tire_at t4 n2)/(car_at n2)/(free n3)
Execute: (move_car_normal n2 n3)

If holds: (tire_at t1 n0)/(car_at n3)/(free n1)/(free n0)/(free n2)/(tire_at t2 n0)/(not_flattire)/(tire_at t3 n0)/(truck_at n0)/(free ng)/(tire_at t4 n2)
Execute: (move_car_normal n3 ng)

If holds: (tire_at t1 n0)/(free n1)/(free n0)/(tire_at t2 n0)/(tire_at t3 n0)/(truck_at n0)/(free ng)/(tire_at t4 n2)/(car_at n2)/(not_flattire_0)/(free n3)
Execute: (fix n2 t4)

If holds: (tire_at t1 n0)/(free n1)/(free n0)/(tire_at t2 n0)/(not_flattire)/(tire_at t3 n0)/(truck_at n0)/(free ng)/(car_at n2)/(free n3)
Execute: (move_car_normal n2 n3)

If holds: (tire_at t1 n0)/(car_at n3)/(free n1)/(free n0)/(free n2)/(tire_at t2 n0)/(not_flattire)/(tire_at t3 n0)/(truck_at n0)/(free ng)
Execute: (move_car_normal n3 ng)

